<?xml version="1.0" encoding="UTF-8"?>
<Site BuildName="Darwin-c++"
	BuildStamp="20260112-1946-Experimental"
	Name="HQSML-F1Q34Y7C90"
	Generator="ctest-4.1.0"
	CompilerName="/usr/bin/c++"
	CompilerVersion="17.0.0.17000603"
	OSName="macOS"
	Hostname="HQSML-F1Q34Y7C90"
	OSRelease="26.2"
	OSVersion="25C56"
	OSPlatform="arm64"
	Is64Bits="1"
	VendorString="Apple"
	VendorID="Apple"
	FamilyID="0"
	ModelID="0"
	ModelName="Apple M4 Pro"
	ProcessorCacheSize="131072"
	NumberOfLogicalCPU="14"
	NumberOfPhysicalCPU="14"
	TotalVirtualMemory="0"
	TotalPhysicalMemory="24576"
	LogicalProcessorsPerPhysical="14"
	ProcessorClockFrequency="0"
	>
	<Testing>
		<StartDateTime>Jan 27 11:51 EST</StartDateTime>
		<StartTestTime>1769532713</StartTestTime>
		<TestList>
			<Test>./tests/InterfacePlayerTests/InterfacePlayerTest_InterfacePlayerTests.StopBuffering_GstElementGetStateFailure</Test>
			<Test>./tests/InterfacePlayerTests/InterfacePlayerTest_InterfacePlayerTests.SendGstEvents_ProtectionEventOtherTrack</Test>
			<Test>./tests/InterfacePlayerTests/InterfacePlayerTest_InterfacePlayerTests.WaitForSourceSetup_PauseInjector</Test>
			<Test>./tests/InterfacePlayerTests/InterfacePlayerTest_InterfacePlayerTests.IdleTaskClearFlags_Success</Test>
			<Test>./tests/InterfacePlayerTests/InterfacePlayerTest_InterfacePlayerTests.SendGstEvents_PendingSeek</Test>
			<Test>./tests/InterfacePlayerTests/InterfacePlayerTest_InterfacePlayerTests.SetStreamCaps_EncryptedAudioCodecFormat</Test>
			<Test>./tests/InterfacePlayerTests/InterfacePlayerTest_InterfacePlayerTests.WaitForSourceSetup_Success</Test>
			<Test>./tests/InterfacePlayerTests/InterfacePlayerTest_InterfacePlayerTests.IsUsingRialtoSink_true</Test>
			<Test>./tests/InterfacePlayerTests/InterfacePlayerTest_InterfacePlayerTests.IdleTaskRemove_TaskExists</Test>
			<Test>./tests/InterfacePlayerTests/InterfacePlayerTest_InterfacePlayerTests.TriggerEventWithData_CallbackDoesNotExist</Test>
			<Test>./tests/InterfacePlayerTests/InterfacePlayerTest_InterfacePlayerTests.CheckDiscontinuity_EnablePTSReStamp_NoCodecChange</Test>
			<Test>./tests/InterfacePlayerTests/InterfacePlayerTest_InterfacePlayerTests.GstPlayer_isVideoOrAudioDecoder_NotDecoder</Test>
			<Test>./tests/InterfacePlayerTests/InterfacePlayerTest_InterfacePlayerTests.PauseInjector_SetsPauseInjectorToTrue</Test>
			<Test>./tests/InterfacePlayerTests/InterfacePlayerTest_InterfacePlayerTests.NotifyFirstFrame_AudioType_FirstFrameNotReceived</Test>
			<Test>./tests/InterfacePlayerTests/InterfacePlayerTest_InterfacePlayerTests.TearDownStreamTest_misc</Test>
			<Test>./tests/InterfacePlayerTests/InterfacePlayerTest_InterfacePlayerTests.NotifyFragmentCachingComplete_SetStateFailure</Test>
			<Test>./tests/InterfacePlayerTests/InterfacePlayerTest_InterfacePlayerTests.SignalConnect_Success</Test>
			<Test>./tests/InterfacePlayerTests/InterfacePlayerTest_InterfacePlayerTests.StopCallback_SetAndInvoke</Test>
			<Test>./tests/InterfacePlayerTests/InterfacePlayerTest_InterfacePlayerTests.TimerAdd_ValidFunctionAndUserData</Test>
			<Test>./tests/InterfacePlayerTests/InterfacePlayerTest_InterfacePlayerTests.GstRemoveProbes</Test>
			<Test>./tests/InterfacePlayerTests/InterfacePlayerTest_InterfacePlayerTests.SetVideoMute_ValidVideoSink</Test>
			<Test>./tests/InterfacePlayerTests/InterfacePlayerTest_InterfacePlayerTests.StartsWithTest</Test>
			<Test>./tests/InterfacePlayerTests/InterfacePlayerTest_InterfacePlayerTests.GstSetSubtitlePtsOffset_WithoutSubtitleSink</Test>
			<Test>./tests/InterfacePlayerTests/InterfacePlayerTest_InterfacePlayerTests.SetStreamCaps_NullCaps</Test>
			<Test>./tests/InterfacePlayerTests/InterfacePlayerTest_InterfacePlayerTests.GstGetVideoSize_InvalidRectangle2</Test>
			<Test>./tests/InterfacePlayerTests/InterfacePlayerTest_InterfacePlayerTests.GstGetPositionMilliseconds</Test>
			<Test>./tests/InterfacePlayerTests/InterfacePlayerTest_InterfacePlayerTests.TestResetGstEvents</Test>
			<Test>./tests/InterfacePlayerTests/InterfacePlayerTest_InterfacePlayerTests.ResumeInjector_SetsPauseInjectorToFalseAndNotifiesAll</Test>
			<Test>./tests/InterfacePlayerTests/InterfacePlayerTest_InterfacePlayerTests.EndOfStreamReached_FirstBufferProcessedFalse</Test>
			<Test>./tests/InterfacePlayerTests/InterfacePlayerTest_InterfacePlayerTests.GstPlayer_isVideoOrAudioDecoder_RialtoSink</Test>
			<Test>./tests/InterfacePlayerTests/InterfacePlayerTest_InterfacePlayerTests.SetStreamCaps_ValidVideoCodecFormat</Test>
			<Test>./tests/InterfacePlayerTests/InterfacePlayerTest_InterfacePlayerTests.SendQtDemuxOverrideEvent_EnablePTSReStampTrue</Test>
			<Test>./tests/InterfacePlayerTests/InterfacePlayerTest_InterfacePlayerTests.FirstFrameCallback_SetAndInvoke</Test>
			<Test>./tests/InterfacePlayerTests/InterfacePlayerTest_InterfacePlayerTests.Queue_and_ClearProtectionEvent</Test>
			<Test>./tests/InterfacePlayerTests/InterfacePlayerTest_InterfacePlayerTests.EnableGstDebugLogging</Test>
			<Test>./tests/InterfacePlayerTests/InterfacePlayerTest_InterfacePlayerTests.TearDownStreamTest_failvideo</Test>
			<Test>./tests/InterfacePlayerTests/InterfacePlayerTest_InterfacePlayerTests.NotifyEOS_AlreadySignalled</Test>
			<Test>./tests/InterfacePlayerTests/InterfacePlayerTest_InterfacePlayerTests.GstGetVideoSize_ValidRectangle</Test>
			<Test>./tests/InterfacePlayerTests/InterfacePlayerTest_InterfacePlayerTests.GstFlush_PipelineNull</Test>
			<Test>./tests/InterfacePlayerTests/InterfacePlayerTest_InterfacePlayerTests.GetSetTrickTearDownFalse</Test>
			<Test>./tests/InterfacePlayerTests/InterfacePlayerTest_InterfacePlayerTests.GstResetFirstFrame</Test>
			<Test>./tests/InterfacePlayerTests/InterfacePlayerTest_InterfacePlayerTests.GstTimerRemove</Test>
			<Test>./tests/InterfacePlayerTests/InterfacePlayerTest_InterfacePlayerTests.SetVideoMute_InvalidVideoSink</Test>
			<Test>./tests/InterfacePlayerTests/InterfacePlayerTest_InterfacePlayerTests.GstSetVideoRectangle_DifferentCoordinates</Test>
			<Test>./tests/InterfacePlayerTests/InterfacePlayerTest_InterfacePlayerTests.Pause_Failure</Test>
			<Test>./tests/InterfacePlayerTests/InterfacePlayerTest_InterfacePlayerTests.SendNewSegmentEvent_VideoMediaType</Test>
			<Test>./tests/InterfacePlayerTests/InterfacePlayerTest_InterfacePlayerTests.ConfigurePipeline_WithSubtitlesEnabled</Test>
			<Test>./tests/InterfacePlayerTests/InterfacePlayerTest_InterfacePlayerTests.WaitForSourceSetup_Timeout</Test>
			<Test>./tests/InterfacePlayerTests/InterfacePlayerTest_InterfacePlayerTests.NotifyFirstFrame_VideoType_FirstFrameNotReceived</Test>
			<Test>./tests/InterfacePlayerTests/InterfacePlayerTest_InterfacePlayerTests.GstFlush_SeekFailed</Test>
			<Test>./tests/InterfacePlayerTests/InterfacePlayerTest_InterfacePlayerTests.GstFlush_AudioDecoderNotReady</Test>
			<Test>./tests/InterfacePlayerTests/InterfacePlayerTest_InterfacePlayerTests.GstFlush_ISOBMFFMediaPositionReset</Test>
			<Test>./tests/InterfacePlayerTests/InterfacePlayerTest_InterfacePlayerTests.SignalSubtitleClock_PadPushFail</Test>
			<Test>./tests/InterfacePlayerTests/InterfacePlayerTest_InterfacePlayerTests.SendQtDemuxOverrideEvent_EnablePTSReStampFalse</Test>
			<Test>./tests/InterfacePlayerTests/InterfacePlayerTest_InterfacePlayerTests.GetVideoRectangle</Test>
			<Test>./tests/InterfacePlayerTests/InterfacePlayerTest_InterfacePlayerTests.GstDestroyPipeline</Test>
			<Test>./tests/InterfacePlayerTests/InterfacePlayerTest_InterfacePlayerTests.FlushTrack_VideoType</Test>
			<Test>./tests/InterfacePlayerTests/InterfacePlayerTest_InterfacePlayerTests.SendGstEvents_ProtectionEventSameTrack</Test>
			<Test>./tests/InterfacePlayerTests/InterfacePlayerTest_InterfacePlayerTests.GstSetVideoRectangle_VideoSinkNull</Test>
			<Test>./tests/InterfacePlayerTests/InterfacePlayerTest_InterfacePlayerTests.CreatePipeline_Failure_PipelineNewFailed</Test>
			<Test>./tests/InterfacePlayerTests/InterfacePlayerTest_InterfacePlayerTests.IsUsingRialtoSink_false</Test>
			<Test>./tests/InterfacePlayerTests/InterfacePlayerTest_InterfacePlayerTests.SignalConnect_Failure</Test>
			<Test>./tests/InterfacePlayerTests/InterfacePlayerTest_InterfacePlayerTests.SetVideoZoomTest</Test>
			<Test>./tests/InterfacePlayerTests/InterfacePlayerTest_InterfacePlayerTests.CreatePipeline_Failure_GetBusFailed</Test>
			<Test>./tests/InterfacePlayerTests/InterfacePlayerTest_InterfacePlayerTests.IsStreamReadyTest</Test>
			<Test>./tests/InterfacePlayerTests/InterfacePlayerTest_InterfacePlayerTests.GstSetSeekPosition</Test>
			<Test>./tests/InterfacePlayerTests/InterfacePlayerTest_InterfacePlayerTests.TimerIsRunning_TaskRunning</Test>
			<Test>./tests/InterfacePlayerTests/InterfacePlayerTest_InterfacePlayerTests.IdleTaskClearFlags_Fail</Test>
			<Test>./tests/InterfacePlayerTests/InterfacePlayerTest_InterfacePlayerTests.GstSetVideoRectangle_SameCoordinates</Test>
			<Test>./tests/InterfacePlayerTests/InterfacePlayerTest_InterfacePlayerTests.SignalTrickModeDiscontinuity_TrickmodeFail</Test>
			<Test>./tests/InterfacePlayerTests/InterfacePlayerTest_InterfacePlayerTests.SignalSubtitleClock_Null</Test>
			<Test>./tests/InterfacePlayerTests/InterfacePlayerTest_InterfacePlayerTests.GstStopTestTrue</Test>
			<Test>./tests/InterfacePlayerTests/InterfacePlayerTest_InterfacePlayerTests.SetTextStyle_Null</Test>
			<Test>./tests/InterfacePlayerTests/InterfacePlayerTest_InterfacePlayerTests.InitializeSourceForPlayer_Audio_CapsNull</Test>
			<Test>./tests/InterfacePlayerTests/InterfacePlayerTest_InterfacePlayerTests.IsCacheEmpty_CacheLevelNotEmpty</Test>
			<Test>./tests/InterfacePlayerTests/InterfacePlayerTest_InterfacePlayerTests.IdleTaskRemove_TaskDoesNotExist</Test>
			<Test>./tests/InterfacePlayerTests/InterfacePlayerTest_InterfacePlayerTests.Pause_PipelineNull</Test>
			<Test>./tests/InterfacePlayerTests/InterfacePlayerTest_InterfacePlayerTests.EndOfStreamReached_FirstBufferProcessedTrue_TrickMode</Test>
			<Test>./tests/InterfacePlayerTests/InterfacePlayerTest_InterfacePlayerTests.IsUsingRialtoSink_null</Test>
			<Test>./tests/InterfacePlayerTests/InterfacePlayerTest_InterfacePlayerTests.SetVolumeOrMuteUnMute_Null</Test>
			<Test>./tests/InterfacePlayerTests/InterfacePlayerTest_InterfacePlayerTests.SetPreferredDRM</Test>
			<Test>./tests/InterfacePlayerTests/InterfacePlayerTest_InterfacePlayerTests.GstSetSubtitlePtsOffset_WithSubtitleSink</Test>
			<Test>./tests/InterfacePlayerTests/InterfacePlayerTest_InterfacePlayerTests.SetPendingSeekTrue</Test>
			<Test>./tests/InterfacePlayerTests/InterfacePlayerTest_InterfacePlayerTests.GstSetVideoRectangle_EnableRectPropertyCfgFalse</Test>
			<Test>./tests/GstPlayer/PlayerGstPlayer_GstPlayerTests.MonitorAV</Test>
			<Test>./tests/InterfacePlayerTests/InterfacePlayerTest_InterfacePlayerTests.IdleTaskAdd_TaskAlreadyPending</Test>
			<Test>./tests/InterfacePlayerTests/InterfacePlayerTest_InterfacePlayerTests.GstGetVideoSize_PartialRectangle</Test>
			<Test>./tests/InterfacePlayerTests/InterfacePlayerTest_InterfacePlayerTests.SignalTrickModeDiscontinuity_TrickmodeSuccess</Test>
			<Test>./tests/InterfacePlayerTests/InterfacePlayerTest_InterfacePlayerTests.SetVolumeOrMuteUnMute_UsingRialtoSink</Test>
			<Test>./tests/InterfacePlayerTests/InterfacePlayerTest_InterfacePlayerTests.SetAudioVolume</Test>
			<Test>./tests/InterfacePlayerTests/InterfacePlayerTest_InterfacePlayerTests.ConfigurePipeline_WithWesterosAndRealtoSink</Test>
			<Test>./tests/InterfacePlayerTests/InterfacePlayerTest_InterfacePlayerTests.TriggerEvent_CallbackExists</Test>
			<Test>./tests/InterfacePlayerTests/InterfacePlayerTest_InterfacePlayerTests.TriggerEventWithData_CallbackExists</Test>
			<Test>./tests/InterfacePlayerTests/InterfacePlayerTest_InterfacePlayerTests.GstGetVideoSize_EmptyRectangle</Test>
			<Test>./tests/InterfacePlayerTests/InterfacePlayerTest_InterfacePlayerTests.ResetEOSSignalledFlag</Test>
			<Test>./tests/InterfacePlayerTests/InterfacePlayerTest_InterfacePlayerTests.ConfigurePipeline_StreamConfiguration</Test>
			<Test>./tests/InterfacePlayerTests/InterfacePlayerTest_InterfacePlayerTests.InitializeSourceForPlayer_Video</Test>
			<Test>./tests/InterfacePlayerTests/InterfacePlayerTest_InterfacePlayerTests.TimerAdd_InvalidFunctionPointer</Test>
			<Test>./tests/InterfacePlayerTests/InterfacePlayerTest_InterfacePlayerTests.DisableDecoderHandleNotified</Test>
			<Test>./tests/InterfacePlayerTests/InterfacePlayerTest_InterfacePlayerTests.PipelineConfiguredForMedia_True</Test>
			<Test>./tests/InterfacePlayerTests/InterfacePlayerTest_InterfacePlayerTests.ConfigurePipeline_WithBufferingEnabled</Test>
			<Test>./tests/InterfacePlayerTests/InterfacePlayerTest_InterfacePlayerTests.GstSetSubtitleMute_WithSubtitleSink</Test>
			<Test>./tests/InterfacePlayerTests/InterfacePlayerTest_InterfacePlayerTests.NotifyEOS_TaskSchedulingFailed</Test>
			<Test>./tests/InterfacePlayerTests/InterfacePlayerTest_InterfacePlayerTests.TimerAdd_InvalidUserData</Test>
			<Test>./tests/InterfacePlayerTests/InterfacePlayerTest_InterfacePlayerTests.StopBuffering_NotEnoughData</Test>
			<Test>./tests/InterfacePlayerTests/InterfacePlayerTest_InterfacePlayerTests.CheckDiscontinuity_FirstBufferNotProcessed</Test>
			<Test>./tests/InterfacePlayerTests/InterfacePlayerTest_InterfacePlayerTests.IsCacheEmpty_CacheLevelEmpty_PTSChanged</Test>
			<Test>./tests/InterfacePlayerTests/InterfacePlayerTest_InterfacePlayerTests.Pause_Success</Test>
			<Test>./tests/InterfacePlayerTests/InterfacePlayerTest_InterfacePlayerTests.TearDownStreamTest_successvideo</Test>
			<Test>./tests/InterfacePlayerTests/InterfacePlayerTest_InterfacePlayerTests.GstGetVideoSize_InvalidRectangle</Test>
			<Test>./tests/InterfacePlayerTests/InterfacePlayerTest_InterfacePlayerTests.NotifyEOS_TaskAlreadyPending</Test>
			<Test>./tests/InterfacePlayerTests/InterfacePlayerTest_InterfacePlayerTests.GetSetTrickTearDownTrue</Test>
			<Test>./tests/InterfacePlayerTests/InterfacePlayerTest_InterfacePlayerTests.CheckDiscontinuity_AudioDiscontinuity</Test>
			<Test>./tests/InterfacePlayerTests/InterfacePlayerTest_InterfacePlayerTests.StopBuffering_ForceStopTrue</Test>
			<Test>./tests/InterfacePlayerTests/InterfacePlayerTest_InterfacePlayerTests.InterfacePlayer_SetupStream_Success</Test>
			<Test>./tests/InterfacePlayerTests/InterfacePlayerTest_InterfacePlayerTests.SetPendingSeekFalse</Test>
			<Test>./tests/InterfacePlayerTests/InterfacePlayerTest_InterfacePlayerTests.GstFlush_ProgressiveMediaFormat</Test>
			<Test>./tests/InterfacePlayerTests/InterfacePlayerTest_InterfacePlayerTests.TimerAdd_TaskAlreadyAdded</Test>
			<Test>./tests/InterfacePlayerTests/InterfacePlayerTest_InterfacePlayerTests.GstGetDurationMilliseconds_PipelineNotPlayingOrPaused</Test>
			<Test>./tests/InterfacePlayerTests/InterfacePlayerTest_InterfacePlayerTests.SetPlayerName</Test>
			<Test>./tests/InterfacePlayerTests/InterfacePlayerTest_InterfacePlayerTests.GstGetDurationMilliseconds_PipelineNull</Test>
			<Test>./tests/InterfacePlayerTests/InterfacePlayerTest_InterfacePlayerTests.GstFlush_Success</Test>
			<Test>./tests/InterfacePlayerTests/InterfacePlayerTest_InterfacePlayerTests.EndOfStreamReached_FirstBufferProcessedTrue_NormalPlayRate</Test>
			<Test>./tests/InterfacePlayerTests/InterfacePlayerTest_InterfacePlayerTests.SetEncryption</Test>
			<Test>./tests/InterfacePlayerTests/InterfacePlayerTest_InterfacePlayerTests.TearDownCallback_SetAndInvoke</Test>
			<Test>./tests/InterfacePlayerTests/InterfacePlayerTest_InterfacePlayerTests.IdleTaskAdd_TaskNotPending</Test>
			<Test>./tests/InterfacePlayerTests/InterfacePlayerTest_InterfacePlayerTests.SignalSubtitleClock_NonPlayingState</Test>
			<Test>./tests/InterfacePlayerTests/InterfacePlayerTest_InterfacePlayerTests.NotifyEOS_FirstCall</Test>
			<Test>./tests/InterfacePlayerTests/InterfacePlayerTest_InterfacePlayerTests.ConfigurePipeline_ESChange</Test>
			<Test>./tests/InterfacePlayerTests/InterfacePlayerTest_InterfacePlayerTests.GstFlush_PipelineNotPlayingOrPaused</Test>
			<Test>./tests/InterfacePlayerTests/InterfacePlayerTest_InterfacePlayerTests.GstGetVideoPlaybackQuality_StatsNull</Test>
			<Test>./tests/InterfacePlayerTests/InterfacePlayerTest_InterfacePlayerTests.IsCacheEmpty_SourceNull</Test>
			<Test>./tests/InterfacePlayerTests/InterfacePlayerTest_InterfacePlayerTests.IsCacheEmpty_CacheLevelEmpty_BufferUnderrun</Test>
			<Test>./tests/InterfacePlayerTests/InterfacePlayerTest_InterfacePlayerTests.NotifyFragmentCachingComplete_PendingPlayStateFalse</Test>
			<Test>./tests/InterfacePlayerTests/InterfacePlayerTest_InterfacePlayerTests.PipelineConfiguredForMedia_False</Test>
			<Test>./tests/InterfacePlayerTests/InterfacePlayerTest_InterfacePlayerTests.GstSetSubtitleMute_WithoutSubtitleSink</Test>
			<Test>./tests/InterfacePlayerTests/InterfacePlayerTest_InterfacePlayerTests.SendGstEvents_NoPendingSeek</Test>
			<Test>./tests/InterfacePlayerTests/InterfacePlayerTest_InterfacePlayerTests.IdleTaskAdd_TaskFailedToAdd</Test>
			<Test>./tests/InterfacePlayerTests/InterfacePlayerTest_InterfacePlayerTests.TriggerEvent_CallbackDoesNotExist</Test>
			<Test>./tests/InterfacePlayerTests/InterfacePlayerTest_InterfacePlayerTests.GetBufferControlData_PausedState</Test>
			<Test>./tests/InterfacePlayerTests/InterfacePlayerTest_InterfacePlayerTests.HandleVideoBufferSent_SubsequentBuffer</Test>
			<Test>./tests/InterfacePlayerTests/InterfacePlayerTest_InterfacePlayerTests.StopBuffering_EnoughData</Test>
			<Test>./tests/InterfacePlayerTests/InterfacePlayerTest_InterfacePlayerTests.SetPauseOnStartPlayback</Test>
			<Test>./tests/InterfacePlayerTests/InterfacePlayerTest_InterfacePlayerTests.NotifyFragmentCachingComplete_PendingPlayStateTrue</Test>
			<Test>./tests/InterfacePlayerTests/InterfacePlayerTest_InterfacePlayerTests.CreatePipeline_Success</Test>
			<Test>./tests/InterfacePlayerTests/InterfacePlayerTest_InterfacePlayerTests.GstFlush_DisableAsyncForTrickplay</Test>
			<Test>./tests/GstPlayer/PlayerGstPlayer_GstPlayer/GstPlayerTestsP.SetAudioVolume/0</Test>
			<Test>./tests/GstPlayer/PlayerGstPlayer_GstPlayer/GstPlayerTestsP.Configure/0</Test>
			<Test>./tests/GstPlayer/PlayerGstPlayer_PauseOnPlaybackTests.EnteredPausedSteHandler_ConfigureNormalPlayback</Test>
			<Test>./tests/GstPlayer/PlayerGstPlayer_PauseOnPlaybackTests.bus_messsage_FrameStepPropertyAvailable</Test>
			<Test>./tests/GstPlayer/PlayerGstPlayer_GstPlayerTests.SetAudioVolume_NoSink</Test>
			<Test>./tests/GstPlayer/PlayerGstPlayer_PauseOnPlaybackTests.bus_message_FrameStepPropertyNotAvailable</Test>
			<Test>./tests/GstPlayer/PlayerGstPlayer_GstPlayerTests.Constructor</Test>
			<Test>./tests/GstPlayer/PlayerGstPlayer_GstPlayerTests.TimerRemove</Test>
			<Test>./tests/GstPlayer/PlayerGstPlayer_PauseOnPlaybackTests.SetPauseOnStartPlayback</Test>
			<Test>./tests/GstPlayer/PlayerGstPlayer_GstPlayer/GstPlayerTestsP.SetVideoMute/0</Test>
			<Test>./tests/GstPlayer/PlayerGstPlayer_PauseOnPlaybackTests.EnteredPausedSteHandler_ConfigurePauseOnPlayback</Test>
			<Test>./tests/GstPlayer/PlayerGstPlayer_GstPlayerTests.TimerAdd</Test>
			<Test>./tests/DrmOcdm/DrmOcdm_DrmHelperTests.TestCreatePlayReadyHelperNegative</Test>
			<Test>./tests/DrmOcdm/DrmOcdm_DrmHelperTests.TestTransformDashLicenseResponse</Test>
			<Test>./tests/DrmOcdm/DrmOcdm_DrmHelperTests.TestWidevineHelperParsePsshDrmMetaData</Test>
			<Test>./tests/GstPlayer/PlayerGstPlayer_GstPlayerTests.SetVideoMute_NoSink</Test>
			<Test>./tests/DrmOcdm/DrmOcdm_DrmHelperTests.TestCreatePlayReadyHelper</Test>
			<Test>./tests/DrmOcdm/DrmOcdm_DrmHelperTests.TestClearKeyHelperTransformHlsLicenseResponse</Test>
			<Test>./tests/DrmOcdm/DrmOcdm_DrmHelperTests.TestPlayReadyHelperGenerateLicenseRequest</Test>
			<Test>./tests/DrmOcdm/DrmOcdm_DrmHelperTests.TestCompareHelpers</Test>
			<Test>./tests/DrmOcdm/DrmOcdm_DrmHelperTests.TestCreateClearKeyHelper</Test>
			<Test>./tests/DrmOcdm/DrmOcdm_DrmHelperTests.TestClearKeyHelperGenerateLicenseRequest</Test>
			<Test>./tests/DrmOcdm/DrmOcdm_DrmHelperTests.TestDrmIds</Test>
			<Test>./tests/DrmOcdm/DrmOcdm_DrmHelperTests.TestCreateWidevineHelper</Test>
			<Test>./tests/GstUtilsTests/GstUtilsTests_GstUtilsTests.esMP3test</Test>
			<Test>./tests/GstUtilsTests/GstUtilsTests_GstUtilsTests.GstCapsFormatsTest</Test>
			<Test>./tests/GstUtilsTests/GstUtilsTests_GstUtilsTests.esAACRawtest</Test>
			<Test>./tests/DrmOcdm/DrmOcdm_DrmHelperTests.TestPlayReadyHelperParsePsshNoPolicy</Test>
			<Test>./tests/DrmOcdm/DrmOcdm_DrmHelperTests.TestClearKeyHelperHlsInitDataCreation</Test>
			<Test>./tests/DrmOcdm/DrmOcdm_DrmUtilsTests.TestGetAbsoluteKeyUri</Test>
			<Test>./tests/DrmOcdm/DrmOcdm_DrmHelperTests.TestPlayReadyHelperParsePssh</Test>
			<Test>./tests/DrmOcdm/DrmOcdm_DrmHelperTests.TestCreateWidevineHelperNegative</Test>
			<Test>./tests/DrmSessionManagerTests/DrmSessionManagerTests_DrmSessionManagerComplexTests.DrmSessionContext_DefaultConstructor_InitializesCorrectly</Test>
			<Test>./tests/PluginsTests/PluginsTests_PluginsTests.TestClearKeyDecryptor_Init</Test>
			<Test>./tests/PluginsTests/PluginsTests_PluginsTests.TestVeriMatrixDecryptor_Init</Test>
			<Test>./tests/PluginsTests/PluginsTests_PluginsTests.TestWidevineDecryptor_Init</Test>
			<Test>./tests/OCDMSessionAdapter/OCDMSessionAdapterTests_OCDMSessionAdapterKeyUpdateTests.KeyUpdateOCDM_16ByteKey_StoresCorrectly</Test>
			<Test>./tests/DrmSessionManagerTests/DrmSessionManagerTests_DrmSessionManagerComplexTests.KeyId_HexStringVsBinary_ComparisonLogic</Test>
			<Test>./tests/DrmSessionManagerTests/DrmSessionManagerTests_DrmSessionManagerComplexTests.ValidateMultiKeySlot_RealWidevinePssh_SingleKeyID</Test>
			<Test>./tests/DrmOcdm/DrmOcdm_DrmHelperTests.TestClearKeyHelperParsePssh</Test>
			<Test>./tests/OCDMSessionAdapter/OCDMSessionAdapterTests_OCDMSessionAdapterKeyUpdateTests.KeyUpdateOCDM_AllZeroKey_StoresCorrectly</Test>
			<Test>./tests/TextStyleAttributes/TextStyleAttributes_GetTextStyleAttributesTests.BackgroundColorExpectedJsonOptionsStringValueRed</Test>
			<Test>./tests/TextStyleAttributes/TextStyleAttributes_GetTextStyleAttributesTests.FontStyleExpectedJsonOptionsStringValueSmallcapital</Test>
			<Test>./tests/DrmSessionManagerTests/DrmSessionManagerTests_DrmSessionManagerComplexTests.KeyIdEntries_FindKeyId_WorksCorrectly</Test>
			<Test>./tests/TextStyleAttributes/TextStyleAttributes_GetTextStyleAttributesTests.FontStyleExpectedJsonOptionsStringValueMonospacedsansserif</Test>
			<Test>./tests/TextStyleAttributes/TextStyleAttributes_GetTextStyleAttributesTests.FontSizeExpectedJsonOptionsStringValueSmallLowerCase</Test>
			<Test>./tests/DrmSessionManagerTests/DrmSessionManagerTests_DrmSessionManagerComplexTests.CreateDrmHelperFromInitData_MultipleKeys_CPIXScenario</Test>
			<Test>./tests/PluginsTests/PluginsTests_PluginsTests.TestPlayReadyDecryptor_Init</Test>
			<Test>./tests/TextStyleAttributes/TextStyleAttributes_GetTextStyleAttributesTests.FontStyleExpectedJsonOptionsStringValueProportionalsansserif</Test>
			<Test>./tests/TextStyleAttributes/TextStyleAttributes_GetTextStyleAttributesTests.FontColorExpectedJsonOptionsStringValueCyan</Test>
			<Test>./tests/DrmOcdm/DrmOcdm_DrmHLSTests.ProcessContentProtection</Test>
			<Test>./tests/DrmSessionManagerTests/DrmSessionManagerTests_DrmSessionManagerComplexTests.KeyIdEntries_PrimaryKeyFails_MarksEntireFailed</Test>
			<Test>./tests/OCDMSessionAdapter/OCDMSessionAdapterTests_OCDMSessionAdapterKeyUpdateTests.ClearDecryptContext_WithKeys_ClearsUsableKeys</Test>
			<Test>./tests/OCDMSessionAdapter/OCDMSessionAdapterTests_OCDMSessionAdapterKeyUpdateTests.KeyUpdateOCDM_AllFFKey_StoresCorrectly</Test>
			<Test>./tests/TextStyleAttributes/TextStyleAttributes_GetTextStyleAttributesTests.WindowColorExpectedJsonOptionsStringValueWhite</Test>
			<Test>./tests/OcdmBasicSessionAdapterTests/OcdmBasicSessionAdapterTests_OcdmBasicSessionAdapterTests.DecryptHDCPComplianceFailure</Test>
			<Test>./tests/TextStyleAttributes/TextStyleAttributes_GetTextStyleAttributesTests.WindowOpacityExpectedJsonOptionsStringValueTranslucent</Test>
			<Test>./tests/DrmSessionManagerTests/DrmSessionManagerTests_DrmSessionManagerComplexTests.MultiKeyScenario_AllKeysFailed_MarksSlotFailed</Test>
			<Test>./tests/DrmSessionManagerTests/DrmSessionManagerTests_DrmSessionManagerComplexTests.KeyIdEntries_MultipleEntries_StoresCorrectly</Test>
			<Test>./tests/OcdmBasicSessionAdapterTests/OcdmBasicSessionAdapterTests_OcdmBasicSessionAdapterTests.DecryptFail</Test>
			<Test>./tests/TextStyleAttributes/TextStyleAttributes_GetTextStyleAttributesTests.FontStyleExpectedJsonOptionsStringValueProportionalserif</Test>
			<Test>./tests/OcdmBasicSessionAdapterTests/OcdmBasicSessionAdapterTests_OcdmBasicSessionAdapterTests.DecryptWithNullMemorySystem</Test>
			<Test>./tests/TextStyleAttributes/TextStyleAttributes_GetTextStyleAttributesTests.FontOpacityExpectedJsonOptionsStringValueAuto</Test>
			<Test>./tests/DrmSessionManagerTests/DrmSessionManagerTests_DrmSessionManagerComplexTests.KeyId_WithDashes_NormalizationWorks</Test>
			<Test>./tests/TextStyleAttributes/TextStyleAttributes_GetTextStyleAttributesTests.FontSizeExpectedJsonOptionsStringValueMediumLowerCase</Test>
			<Test>./tests/TextStyleAttributes/TextStyleAttributes_GetTextStyleAttributesTests.BackgroundColorExpectedJsonOptionsStringValueGreen</Test>
			<Test>./tests/DrmUrlTests/DrmUrlTests_DrmSessionTests.UrlEncodingInPath</Test>
			<Test>./tests/DrmSessionManagerTests/DrmSessionManagerTests_DrmSessionManagerComplexTests.KeyIdEntry_FailedStatus_SetCorrectly</Test>
			<Test>./tests/OCDMSessionAdapter/OCDMSessionAdapterTests_OCDMSessionAdapterKeyUpdateTests.KeyUpdateOCDM_AfterSuccessState_KeysRetained</Test>
			<Test>./tests/TextStyleAttributes/TextStyleAttributes_GetTextStyleAttributesTests.BackgroundColorExpectedJsonOptionsStringValueBlackLowerCase</Test>
			<Test>./tests/OcdmBasicSessionAdapterTests/OcdmBasicSessionAdapterTests_OcdmBasicSessionAdapterTests.DecryptWithValidMemorySystemEncodeFail</Test>
			<Test>./tests/TextStyleAttributes/TextStyleAttributes_GetTextStyleAttributesTests.EdgeTypeExpectedJsonOptionsStringValueDepressed</Test>
			<Test>./tests/TextStyleAttributes/TextStyleAttributes_GetTextStyleAttributesTests.FontOpacityExpectedJsonOptionsStringValueFlash</Test>
			<Test>./tests/TextStyleAttributes/TextStyleAttributes_GetTextStyleAttributesTests.BackgroundColorExpectedJsonOptionsStringValueMagenta</Test>
			<Test>./tests/DrmSessionManagerTests/DrmSessionManagerTests_DrmSessionManagerComplexTests.CPIX_MultiKey_UHDFailsHDUsable_KeepsHD</Test>
			<Test>./tests/DrmSessionManagerTests/DrmSessionManagerTests_DrmSessionManagerComplexTests.ValidateMultiKeySlot_RealWidevinePssh_ThreeKeyIDs_WithDashes</Test>
			<Test>./tests/OCDMSessionAdapter/OCDMSessionAdapterTests_OCDMSessionAdapterKeyUpdateTests.GetUsableKeys_NoKeys_ReturnsEmptyVector</Test>
			<Test>./tests/DrmSessionManagerTests/DrmSessionManagerTests_DrmSessionManagerComplexTests.KeyIdEntries_CreationTime_TracksCorrectly</Test>
			<Test>./tests/TextStyleAttributes/TextStyleAttributes_GetTextStyleAttributesTests.FontStyleExpectedJsonOptionsStringValueCursive</Test>
			<Test>./tests/TextStyleAttributes/TextStyleAttributes_GetTextStyleAttributesTests.BackgroundOpacityExpectedJsonOptionsStringValueTranslucent</Test>
			<Test>./tests/TextStyleAttributes/TextStyleAttributes_GetTextStyleAttributesTests.FontColorExpectedJsonOptionsStringValueBlue</Test>
			<Test>./tests/TextStyleAttributes/TextStyleAttributes_GetTextStyleAttributesTests.BackgroundColorExpectedJsonOptionsStringValueWhite</Test>
			<Test>./tests/TextStyleAttributes/TextStyleAttributes_GetTextStyleAttributesTests.WindowColorExpectedJsonOptionsStringValueRed</Test>
			<Test>./tests/TextStyleAttributes/TextStyleAttributes_GetTextStyleAttributesTests.FontStyleRightKeyInvalidValueJsonOptionsString</Test>
			<Test>./tests/TextStyleAttributes/TextStyleAttributes_GetTextStyleAttributesTests.BackgroundColorExpectedJsonOptionsStringValueCyan</Test>
			<Test>./tests/TextStyleAttributes/TextStyleAttributes_GetTextStyleAttributesTests.WindowColorRightKeyInvalidValueJsonOptionsString</Test>
			<Test>./tests/DrmSessionManagerTests/DrmSessionManagerTests_DrmSessionManagerComplexTests.KeyIdEntries_WithFailedEntry_MarksCorrectly</Test>
			<Test>./tests/DrmSessionManagerTests/DrmSessionManagerTests_DrmSessionManagerComplexTests.KeyIdEntries_PrimaryKeyFlag_SetCorrectly</Test>
			<Test>./tests/TextStyleAttributes/TextStyleAttributes_GetTextStyleAttributesTests.EdgeColorExpectedJsonOptionsStringValueRed</Test>
			<Test>./tests/OcdmBasicSessionAdapterTests/OcdmBasicSessionAdapterTests_OcdmBasicSessionAdapterTests.DecryptWithValidMemorySystemDecodeFail</Test>
			<Test>./tests/DrmSessionManagerTests/DrmSessionManagerTests_DrmSessionManagerComplexTests.KeyIdEntry_DefaultConstructor_InitializesCorrectly</Test>
			<Test>./tests/DrmSessionManagerTests/DrmSessionManagerTests_DrmSessionManagerComplexTests.CreateDrmHelperFromInitData_CorruptedPSSH_HandleGracefully</Test>
			<Test>./tests/TextStyleAttributes/TextStyleAttributes_GetTextStyleAttributesTests.FontOpacityRightKeyInvalidValueJsonOptionsString</Test>
			<Test>./tests/TextStyleAttributes/TextStyleAttributes_GetTextStyleAttributesTests.FontColorExpectedJsonOptionsStringValueBlack</Test>
			<Test>./tests/TextStyleAttributes/TextStyleAttributes_GetTextStyleAttributesTests.EdgeTypeExpectedJsonOptionsStringValueNoneLowerCase</Test>
			<Test>./tests/OCDMSessionAdapter/OCDMSessionAdapterTests_OCDMSessionAdapterKeyUpdateTests.KeyUpdateOCDM_SingleKey_StoresUsableKey</Test>
			<Test>./tests/TextStyleAttributes/TextStyleAttributes_GetTextStyleAttributesTests.EdgeTypeRightKeyInvalidValueJsonOptionsString</Test>
			<Test>./tests/TextStyleAttributes/TextStyleAttributes_GetTextStyleAttributesTests.JsonValueNotReturned</Test>
			<Test>./tests/TextStyleAttributes/TextStyleAttributes_GetTextStyleAttributesTests.FontColorExpectedJsonOptionsStringValueWhite</Test>
			<Test>./tests/DrmSessionManagerTests/DrmSessionManagerTests_DrmSessionManagerComplexTests.ValidateMultiKeySlot_RealWidevinePssh_ThreeIdenticalKeys_ASCII</Test>
			<Test>./tests/TextStyleAttributes/TextStyleAttributes_GetTextStyleAttributesTests.BackgroundOpacityExpectedJsonOptionsStringValueTransparent</Test>
			<Test>./tests/TextStyleAttributes/TextStyleAttributes_GetTextStyleAttributesTests.WindowOpacityExpectedJsonOptionsStringValueAuto</Test>
			<Test>./tests/TextStyleAttributes/TextStyleAttributes_GetTextStyleAttributesTests.BackgroundColorExpectedJsonOptionsStringValueBlackUpperCase</Test>
			<Test>./tests/TextStyleAttributes/TextStyleAttributes_GetTextStyleAttributesTests.FontColorExpectedJsonOptionsStringValueAuto</Test>
			<Test>./tests/TextStyleAttributes/TextStyleAttributes_GetTextStyleAttributesTests.FontSizeExpectedJsonOptionsStringValueMediumUpperCase</Test>
			<Test>./tests/TextStyleAttributes/TextStyleAttributes_GetTextStyleAttributesTests.FontOpacityExpectedJsonOptionsStringValueSolidLowerCase</Test>
			<Test>./tests/PlayerUtilsTests/PlayerUtilsTests_PlayerUtilsTests.RawKeyToKeyId_TypicalKeyID_ReturnsCorrectHexString</Test>
			<Test>./tests/DrmSessionManagerTests/DrmSessionManagerTests_DrmSessionManagerComplexTests.CreateDrmHelperFromInitData_VerifySystemId</Test>
			<Test>./tests/PlayerUtilsTests/PlayerUtilsTests_PlayerUtilsTests.RawKeyToKeyId_AlternatingPattern_ReturnsCorrectHex</Test>
			<Test>./tests/TextStyleAttributes/TextStyleAttributes_GetTextStyleAttributesTests.WindowColorExpectedJsonOptionsStringValueBlue</Test>
			<Test>./tests/TextStyleAttributes/TextStyleAttributes_GetTextStyleAttributesTests.FontStyleExpectedJsonOptionsStringValueMonospacedserifUpperCase</Test>
			<Test>./tests/DrmSessionManagerTests/DrmSessionManagerTests_DrmSessionManagerComplexTests.InitDataFlow_EndToEnd_CreateHelperAndValidate</Test>
			<Test>./tests/PlayerUtilsTests/PlayerUtilsTests_PlayerUtilsTests.RawKeyToKeyId_NullPointer_ReturnsEmptyVector</Test>
			<Test>./tests/Base64PLAYER/Base64PLAYER__base64Suite.bad</Test>
			<Test>./tests/DrmUrlTests/DrmUrlTests_DrmSessionTests.HandlesUrlWithoutPath</Test>
			<Test>./tests/DrmSessionManagerTests/DrmSessionManagerTests_DrmSessionManagerComplexTests.ValidateMultiKeySlot_RealWidevinePssh_PartialKeysUsable</Test>
			<Test>./tests/DrmUrlTests/DrmUrlTests_DrmSessionTests.UrlEncodingInDomain</Test>
			<Test>./tests/Base64PLAYER/Base64PLAYER__base64Suite.decode</Test>
			<Test>./tests/TextStyleAttributes/TextStyleAttributes_GetTextStyleAttributesTests.WindowOpacityExpectedJsonOptionsStringValueTransparent</Test>
			<Test>./tests/TextStyleAttributes/TextStyleAttributes_GetTextStyleAttributesTests.EdgeTypeExpectedJsonOptionsStringValueUniform</Test>
			<Test>./tests/TextStyleAttributes/TextStyleAttributes_GetTextStyleAttributesTests.FontStyleExpectedJsonOptionsStringValueCasual</Test>
			<Test>./tests/TextStyleAttributes/TextStyleAttributes_GetTextStyleAttributesTests.FontColorExpectedJsonOptionsStringValueRed</Test>
			<Test>./tests/OCDMSessionAdapter/OCDMSessionAdapterTests_OCDMSessionAdapterKeyUpdateTests.KeyUpdateOCDM_ZeroLengthKey_NoKeyStored</Test>
			<Test>./tests/TextStyleAttributes/TextStyleAttributes_GetTextStyleAttributesTests.BackgroundOpacityExpectedJsonOptionsStringValueSolidLowerCase</Test>
			<Test>./tests/base16Tests/base16Tests_Base16EncodeDecodeTest.EncodeValidData4</Test>
			<Test>./tests/TextStyleAttributes/TextStyleAttributes_GetTextStyleAttributesTests.JsonExceptionThrown</Test>
			<Test>./tests/DrmSessionManagerTests/DrmSessionManagerTests_DrmSessionManagerComplexTests.ValidateMultiKeySlot_CreateDrmHelperFromInitData_SingleKey_MOVEContent</Test>
			<Test>./tests/TextStyleAttributes/TextStyleAttributes_GetTextStyleAttributesTests.EdgeColorExpectedJsonOptionsStringValueGreen</Test>
			<Test>./tests/DrmUrlTests/DrmUrlTests_DrmSessionTests.HandlesHttpsUrl</Test>
			<Test>./tests/TextStyleAttributes/TextStyleAttributes_GetTextStyleAttributesTests.EdgeColorExpectedJsonOptionsStringValueAuto</Test>
			<Test>./tests/DrmSessionManagerTests/DrmSessionManagerTests_DrmSessionManagerComplexTests.KeyIdEntries_MixedStatus_TracksIndividually</Test>
			<Test>./tests/OCDMSessionAdapter/OCDMSessionAdapterTests_OCDMSessionAdapterKeyUpdateTests.KeyUpdateOCDM_NullKey_NoKeyStored</Test>
			<Test>./tests/TextStyleAttributes/TextStyleAttributes_GetTextStyleAttributesTests.WindowColorExpectedJsonOptionsStringValueAuto</Test>
			<Test>./tests/TextStyleAttributes/TextStyleAttributes_GetTextStyleAttributesTests.FontOpacityExpectedJsonOptionsStringValueSolidUpperCase</Test>
			<Test>./tests/PlayerUtilsTests/PlayerUtilsTests_PlayerUtilsTests.RawKeyToKeyId_BoundaryValues_ReturnsCorrectHex</Test>
			<Test>./tests/PlayerUtilsTests/PlayerUtilsTests_PlayerUtilsTests.RawKeyToKeyId_HexOutput_IsLowercase</Test>
			<Test>./tests/TextStyleAttributes/TextStyleAttributes_GetTextStyleAttributesTests.FontSizeExpectedJsonOptionsStringValueAuto</Test>
			<Test>./tests/TextStyleAttributes/TextStyleAttributes_GetTextStyleAttributesTests.FontColorExpectedJsonOptionsStringValueGreen</Test>
			<Test>./tests/TextStyleAttributes/TextStyleAttributes_GetTextStyleAttributesTests.FontStyleExpectedJsonOptionsStringValueMonospacedserifLowerCaseSpaceSeparated</Test>
			<Test>./tests/DrmSessionManagerTests/DrmSessionManagerTests_DrmSessionManagerComplexTests.MultiKeyScenario_OneFailedKey_OthersUsable</Test>
			<Test>./tests/PlayerUtilsTests/PlayerUtilsTests_PlayerUtilsTests.RawKeyToKeyId_OutputValidation_OnlyHexCharacters</Test>
			<Test>./tests/TextStyleAttributes/TextStyleAttributes_GetTextStyleAttributesTests.FontSizeExpectedJsonOptionsStringValueExtralarge</Test>
			<Test>./tests/TextStyleAttributes/TextStyleAttributes_GetTextStyleAttributesTests.BackgroundOpacityExpectedJsonOptionsStringValueFlash</Test>
			<Test>./tests/PlayerUtilsTests/PlayerUtilsTests_PlayerUtilsTests.RawKeyToKeyId_ZeroSize_ReturnsEmptyVector</Test>
			<Test>./tests/TextStyleAttributes/TextStyleAttributes_GetTextStyleAttributesTests.FontSizeExpectedJsonOptionsStringValueStandard</Test>
			<Test>./tests/TextStyleAttributes/TextStyleAttributes_GetTextStyleAttributesTests.FontColorExpectedJsonOptionsStringValueBlackUpperCase</Test>
			<Test>./tests/TextStyleAttributes/TextStyleAttributes_GetTextStyleAttributesTests.EdgeTypeExpectedJsonOptionsStringValueLeftdropshadow</Test>
			<Test>./tests/DrmUrlTests/DrmUrlTests_DrmSessionTests.HandlesUrlWithPortWithWWW</Test>
			<Test>./tests/DrmUrlTests/DrmUrlTests_DrmSessionTests.HandlesUrlWithMultipleSlashes</Test>
			<Test>./tests/PlayerUtilsTests/PlayerUtilsTests_PlayerUtilsTests.RawKeyToKeyId_SingleByte_ReturnsTwoCharHexString</Test>
			<Test>./tests/TextStyleAttributes/TextStyleAttributes_GetTextStyleAttributesTests.BackgroundColorExpectedJsonOptionsStringValueYellow</Test>
			<Test>./tests/TextStyleAttributes/TextStyleAttributes_GetTextStyleAttributesTests.FontSizeExpectedJsonOptionsStringValueLarge</Test>
			<Test>./tests/TextStyleAttributes/TextStyleAttributes_GetTextStyleAttributesTests.WindowColorExpectedJsonOptionsStringValueCyan</Test>
			<Test>./tests/TextStyleAttributes/TextStyleAttributes_GetTextStyleAttributesTests.EdgeColorExpectedJsonOptionsStringValueYellow</Test>
			<Test>./tests/TextStyleAttributes/TextStyleAttributes_GetTextStyleAttributesTests.EdgeTypeExpectedJsonOptionsStringValueAuto</Test>
			<Test>./tests/OCDMSessionAdapter/OCDMSessionAdapterTests_OCDMSessionAdapterKeyUpdateTests.KeyUpdateOCDM_MixedDuplicates_OnlyUniquesStored</Test>
			<Test>./tests/OCDMSessionAdapter/OCDMSessionAdapterTests_OCDMSessionAdapterTests.generateDRMSession</Test>
			<Test>./tests/OcdmBasicSessionAdapterTests/OcdmBasicSessionAdapterTests_OcdmBasicSessionAdapterTests.DecryptWithValidMemorySystem</Test>
			<Test>./tests/OCDMSessionAdapter/OCDMSessionAdapterTests_OCDMSessionAdapterKeyUpdateTests.KeyUpdateOCDM_MultipleKeys_StoresAllKeys</Test>
			<Test>./tests/DrmSessionManagerTests/DrmSessionManagerTests_DrmSessionManagerComplexTests.KeyIdEntries_DefaultConstructor_InitializesCorrectly</Test>
			<Test>./tests/TextStyleAttributes/TextStyleAttributes_GetTextStyleAttributesTests.EdgeColorExpectedJsonOptionsStringValueWhite</Test>
			<Test>./tests/PlayerUtilsTests/PlayerUtilsTests_PlayerUtilsTests.RawKeyToKeyId_ByteOrder_PreservedCorrectly</Test>
			<Test>./tests/DrmUrlTests/DrmUrlTests_DrmSessionTests.HandlesUrlWithFragment</Test>
			<Test>./tests/TextStyleAttributes/TextStyleAttributes_GetTextStyleAttributesTests.EdgeColorExpectedJsonOptionsStringValueMagenta</Test>
			<Test>./tests/DrmUrlTests/DrmUrlTests_DrmSessionTests.HandlesHttpsUrlWithWWW</Test>
			<Test>./tests/TextStyleAttributes/TextStyleAttributes_GetTextStyleAttributesTests.EdgeColorExpectedJsonOptionsStringValueCyan</Test>
			<Test>./tests/GstHandlerControlTests/GstHandlerControlTests_FunctionalTests.moveConstruct</Test>
			<Test>./tests/TextStyleAttributes/TextStyleAttributes_GetTextStyleAttributesTests.BackgroundColorExpectedJsonOptionsStringValueAuto</Test>
			<Test>./tests/Base64PLAYER/Base64PLAYER__base64Suite.encodedecode</Test>
			<Test>./tests/TextStyleAttributes/TextStyleAttributes_GetTextStyleAttributesTests.FontSizeRightKeyInvalidValueJsonOptionsString</Test>
			<Test>./tests/TextStyleAttributes/TextStyleAttributes_GetTextStyleAttributesTests.BackgroundColorRightKeyInvalidValueJsonOptionsString</Test>
			<Test>./tests/TextStyleAttributes/TextStyleAttributes_GetTextStyleAttributesTests.EdgeColorExpectedJsonOptionsStringValueBlackUpperCase</Test>
			<Test>./tests/PlayerUtilsTests/PlayerUtilsTests_PlayerUtilsTests.RawKeyToKeyId_MixedNibbles_ReturnsCorrectHexString</Test>
			<Test>./tests/TextStyleAttributes/TextStyleAttributes_GetTextStyleAttributesTests.FontStyleExpectedJsonOptionsStringValueMonospacedserifLowerCase</Test>
			<Test>./tests/TextStyleAttributes/TextStyleAttributes_GetTextStyleAttributesTests.WindowColorExpectedJsonOptionsStringValueBlackLowerCase</Test>
			<Test>./tests/TextStyleAttributes/TextStyleAttributes_GetTextStyleAttributesTests.FontStyleExpectedJsonOptionsStringValueAuto</Test>
			<Test>./tests/TextStyleAttributes/TextStyleAttributes_GetTextStyleAttributesTests.EdgeTypeExpectedJsonOptionsStringValueNoneUpperCase</Test>
			<Test>./tests/TextStyleAttributes/TextStyleAttributes_GetTextStyleAttributesTests.EdgeTypeExpectedJsonOptionsStringValueRightdropshadow</Test>
			<Test>./tests/DrmSessionManagerTests/DrmSessionManagerTests_DrmSessionManagerComplexTests.KeyIdEntries_MarkSpecificEntryFailed_WorksCorrectly</Test>
			<Test>./tests/TextStyleAttributes/TextStyleAttributes_GetTextStyleAttributesTests.FontColorExpectedJsonOptionsStringValueBlackLowerCase</Test>
			<Test>./tests/Base64PLAYER/Base64PLAYER__base64Suite.decodeLen</Test>
			<Test>./tests/TextStyleAttributes/TextStyleAttributes_GetTextStyleAttributesTests.FontOpacityExpectedJsonOptionsStringValueTransparent</Test>
			<Test>./tests/TextStyleAttributes/TextStyleAttributes_GetTextStyleAttributesTests.WindowOpacityExpectedJsonOptionsStringValueSolidUpperCase</Test>
			<Test>./tests/OCDMSessionAdapter/OCDMSessionAdapterTests_OCDMSessionAdapterKeyUpdateTests.KeyUpdateOCDM_DuplicateKeys_NoDuplicatesStored</Test>
			<Test>./tests/DrmUrlTests/DrmUrlTests_DrmSessionTests.HandlesUrlWithNoScheme</Test>
			<Test>./tests/DrmUrlTests/DrmUrlTests_DrmSessionTests.HandlesEmptyUrl</Test>
			<Test>./tests/TextStyleAttributes/TextStyleAttributes_GetTextStyleAttributesTests.WindowOpacityExpectedJsonOptionsStringValueFlash</Test>
			<Test>./tests/PlayerUtilsTests/PlayerUtilsTests_PlayerUtilsTests.RawKeyToKeyId_ValidKey_ReturnsHexString</Test>
			<Test>./tests/TextStyleAttributes/TextStyleAttributes_GetTextStyleAttributesTests.BackgroundOpacityExpectedJsonOptionsStringValueAuto</Test>
			<Test>./tests/TextStyleAttributes/TextStyleAttributes_GetTextStyleAttributesTests.WindowColorExpectedJsonOptionsStringValueMagenta</Test>
			<Test>./tests/TextStyleAttributes/TextStyleAttributes_GetTextStyleAttributesTests.WindowColorExpectedJsonOptionsStringValueGreen</Test>
			<Test>./tests/DrmUrlTests/DrmUrlTests_DrmSessionTests.HandlesRandomString</Test>
			<Test>./tests/PlayerUtilsTests/PlayerUtilsTests_PlayerUtilsTests.RawKeyToKeyId_MultiKeyScenario_DifferentKeys</Test>
			<Test>./tests/base16Tests/base16Tests_Base16EncodeDecodeTest.EncodeValidData6</Test>
			<Test>./tests/DrmUrlTests/DrmUrlTests_DrmSessionTests.HandlesHttpUrl</Test>
			<Test>./tests/TextStyleAttributes/TextStyleAttributes_GetTextStyleAttributesTests.WindowOpacityRightKeyInvalidValueJsonOptionsString</Test>
			<Test>./tests/DrmUrlTests/DrmUrlTests_DrmSessionTests.HandlesUrlWithPort</Test>
			<Test>./tests/TextStyleAttributes/TextStyleAttributes_GetTextStyleAttributesTests.BackgroundOpacityRightKeyInvalidValueJsonOptionsString</Test>
			<Test>./tests/TextStyleAttributes/TextStyleAttributes_GetTextStyleAttributesTests.EdgeColorExpectedJsonOptionsStringValueBlue</Test>
			<Test>./tests/DrmSessionManagerTests/DrmSessionManagerTests_DrmSessionManagerComplexTests.DrmSessionContext_WithData_StoresCorrectly</Test>
			<Test>./tests/base16Tests/base16Tests_Base16EncodeDecodeTest.EncodeValidData3</Test>
			<Test>./tests/DrmUrlTests/DrmUrlTests_DrmSessionTests.HandlesUrlWithOnlyScheme</Test>
			<Test>./tests/DrmUrlTests/DrmUrlTests_DrmSessionTests.HandlesRandomString2</Test>
			<Test>./tests/TextStyleAttributes/TextStyleAttributes_GetTextStyleAttributesTests.FontStyleExpectedJsonOptionsStringValueDefault</Test>
			<Test>./tests/Base64PLAYER/Base64PLAYER__base64Suite.encode</Test>
			<Test>./tests/TextStyleAttributes/TextStyleAttributes_GetTextStyleAttributesTests.WindowOpacityExpectedJsonOptionsStringValueSolidLowerCase</Test>
			<Test>./tests/base16Tests/base16Tests_Base16EncodeDecodeTest.DecodeValidData3</Test>
			<Test>./tests/TextStyleAttributes/TextStyleAttributes_GetTextStyleAttributesTests.EmptyJsonOptionsString</Test>
			<Test>./tests/base16Tests/base16Tests_Base16EncodeDecodeTest.DecodeValidData1</Test>
			<Test>./tests/DrmUrlTests/DrmUrlTests_DrmSessionTests.HandlesUrlWithPortWithPath</Test>
			<Test>./tests/TextStyleAttributes/TextStyleAttributes_GetTextStyleAttributesTests.WindowColorExpectedJsonOptionsStringValueYellow</Test>
			<Test>./tests/base16Tests/base16Tests_Base16EncodeDecodeTest.DecodeEmptyString</Test>
			<Test>./tests/PlayerUtilsTests/PlayerUtilsTests_PlayerUtilsTests.RawKeyToKeyId_ClearKeyFormat_ReturnsCorrectHex</Test>
			<Test>./tests/GstHandlerControlTests/GstHandlerControlTests_FunctionalTests.defaultConstruct</Test>
			<Test>./tests/TextStyleAttributes/TextStyleAttributes_GetTextStyleAttributesTests.FontOpacityExpectedJsonOptionsStringValueTranslucent</Test>
			<Test>./tests/TextStyleAttributes/TextStyleAttributes_GetTextStyleAttributesTests.EdgeTypeExpectedJsonOptionsStringValueRaised</Test>
			<Test>./tests/TextStyleAttributes/TextStyleAttributes_GetTextStyleAttributesTests.FontColorExpectedJsonOptionsStringValueMagenta</Test>
			<Test>./tests/TextStyleAttributes/TextStyleAttributes_GetTextStyleAttributesTests.FontColorRightKeyInvalidValueJsonOptionsString</Test>
			<Test>./tests/TextStyleAttributes/TextStyleAttributes_GetTextStyleAttributesTests.BackgroundColorExpectedJsonOptionsStringValueBlue</Test>
			<Test>./tests/PlayerUtilsTests/PlayerUtilsTests_PlayerUtilsTests.RawKeyToKeyId_AllZeros_ReturnsAllZeroHexString</Test>
			<Test>./tests/base16Tests/base16Tests_Base16EncodeDecodeTest.DecodeValidData4</Test>
			<Test>./tests/DrmUrlTests/DrmUrlTests_DrmSessionTests.HandlesUrlWithTrailingSlash</Test>
			<Test>./tests/TextStyleAttributes/TextStyleAttributes_GetTextStyleAttributesTests.FontSizeExpectedJsonOptionsStringValueSmallUpperCase</Test>
			<Test>./tests/TextStyleAttributes/TextStyleAttributes_GetTextStyleAttributesTests.EdgeColorRightKeyInvalidValueJsonOptionsString</Test>
			<Test>./tests/DrmUrlTests/DrmUrlTests_DrmSessionTests.HandlesHttpsUrl2</Test>
			<Test>./tests/TextStyleAttributes/TextStyleAttributes_GetTextStyleAttributesTests.EdgeColorExpectedJsonOptionsStringValueBlackLowerCase</Test>
			<Test>./tests/PlayerUtilsTests/PlayerUtilsTests_PlayerUtilsTests.RawKeyToKeyId_LargeKey32Bytes_ReturnsCorrectLength</Test>
			<Test>./tests/TextStyleAttributes/TextStyleAttributes_GetTextStyleAttributesTests.BackgroundOpacityExpectedJsonOptionsStringValueSolidUpperCase</Test>
			<Test>./tests/base16Tests/base16Tests_Base16EncodeDecodeTest.EncodeValidData1</Test>
			<Test>./tests/PlayerUtilsTests/PlayerUtilsTests_PlayerUtilsTests.RawKeyToKeyId_PlayReadyKeyID_ReturnsCorrectFormat</Test>
			<Test>./tests/PlayerUtilsTests/PlayerUtilsTests_PlayerUtilsTests.RawKeyToKeyId_AllOnes_ReturnsFFHexString</Test>
			<Test>./tests/DrmSessionManagerTests/DrmSessionManagerTests_DrmSessionManagerComplexTests.KeyIdEntry_WithKeyId_StoresCorrectly</Test>
			<Test>./tests/PlayerUtilsTests/PlayerUtilsTests_PlayerUtilsTests.RawKeyToKeyId_WidevineKeyID_ReturnsCorrectFormat</Test>
			<Test>./tests/DrmUrlTests/DrmUrlTests_DrmSessionTests.HandlesUrlWithPortWithPathWithWWW</Test>
			<Test>./tests/DrmUrlTests/DrmUrlTests_DrmSessionTests.HandlesUrlWithQueryParameters</Test>
			<Test>./tests/TextStyleAttributes/TextStyleAttributes_GetTextStyleAttributesTests.WindowColorExpectedJsonOptionsStringValueBlackUpperCase</Test>
			<Test>./tests/DrmUrlTests/DrmUrlTests_DrmSessionTests.HandlesUrlWithoutPathWithWWW</Test>
			<Test>./tests/base16Tests/base16Tests_Base16EncodeDecodeTest.EncodeValidData2</Test>
			<Test>./tests/GstHandlerControlTests/GstHandlerControlTests_FunctionalTests.instancesRunning</Test>
			<Test>./tests/base16Tests/base16Tests_Base16EncodeDecodeTest.EncodeValidData5</Test>
			<Test>./tests/GstHandlerControlTests/GstHandlerControlTests_FunctionalTests.waitForDoneMultiple</Test>
			<Test>./tests/GstHandlerControlTests/GstHandlerControlTests_FunctionalTests.returnStraightAway</Test>
			<Test>./tests/GstHandlerControlTests/GstHandlerControlTests_FunctionalTests.moveAssignToDefault</Test>
			<Test>./tests/GstHandlerControlTests/GstHandlerControlTests_FunctionalTests.waitForDoneSingle</Test>
			<Test>./tests/GstHandlerControlTests/GstHandlerControlTests_FunctionalTests.moveAssignOverwriteValidWithValid</Test>
			<Test>./tests/GstHandlerControlTests/GstHandlerControlTests_FunctionalTests.moveAssignOverwriteWithDefault</Test>
			<Test>./tests/InterfacePlayerTests/InterfacePlayerTest_InterfacePlayerTests.GetVideoPlaybackQuality_NoStatsCallDuringStateTransition</Test>
			<Test>./tests/InterfacePlayerTests/InterfacePlayerTest_InterfacePlayerTests.GetVideoPlaybackQuality_NoStatsCallAtNullState</Test>
			<Test>./tests/InterfacePlayerTests/InterfacePlayerTest_InterfacePlayerTests.GetVideoPlaybackQuality_NoStatsCallAtReadyState</Test>
			<Test>./tests/DrmSecureClient/DrmSecureClient_AampDrmSessionTests.TestDashPlayReadySessionSecClient</Test>
			<Test>./tests/InterfacePlayerTests/InterfacePlayerTest_InterfacePlayerTests.GetVideoPlaybackQuality_NoStatsCallAtVoidPendingState</Test>
			<Test>./tests/InterfacePlayerTests/InterfacePlayerTest_InterfacePlayerTests.GetVideoPlaybackQuality_NoStatsCallWhenElementIsNull</Test>
			<Test>./tests/InterfacePlayerTests/InterfacePlayerTest_InterfacePlayerTests.GetVideoPlaybackQuality_PlayingState</Test>
			<Test>./tests/InterfacePlayerTests/InterfacePlayerTest_InterfacePlayerTests.GetVideoPlaybackQuality_PlayingStateWithRenderedNull</Test>
			<Test>./tests/InterfacePlayerTests/InterfacePlayerTest_InterfacePlayerTests.GetVideoPlaybackQuality_PlayingStateWithDroppedNull</Test>
			<Test>./tests/InterfacePlayerTests/InterfacePlayerTest_InterfacePlayerTests.GetVideoPlaybackQuality_PlayingStateWithRenderedAndDroppedNull</Test>
			<Test>./tests/InterfacePlayerTests/InterfacePlayerTest_InterfacePlayerTests.GetVideoPlaybackQuality_PausedState</Test>
			<Test>./tests/InterfacePlayerTests/InterfacePlayerTest_InterfacePlayerTests.GetVideoPlaybackQuality_StateChangeFailure</Test>
			<Test>./tests/InterfacePlayerTests/InterfacePlayerTest_InterfacePlayerTests.GetVideoPlaybackQuality_StateChangeNoPreroll</Test>
			<Test>./tests/DrmSessionManagerTests/DrmSessionManagerTests_DrmSessionManagerComplexTests.OpencdmConstructionFailureTest</Test>
		</TestList>
		<Test Status="passed">
			<Name>InterfacePlayerTest:InterfacePlayerTests.StopBuffering_GstElementGetStateFailure</Name>
			<Path>./tests/InterfacePlayerTests</Path>
			<FullName>./tests/InterfacePlayerTests/InterfacePlayerTest_InterfacePlayerTests.StopBuffering_GstElementGetStateFailure</FullName>
			<FullCommandLine>/Users/pstrof200@cable.comcast.com/Documents/rdke/aamp/middleware/test/utests/build/tests/InterfacePlayerTests/InterfacePlayerTest "--gtest_filter=InterfacePlayerTests.StopBuffering_GstElementGetStateFailure" "--gtest_also_run_disabled_tests"</FullCommandLine>
			<Results>
				<NamedMeasurement type="numeric/double" name="Execution Time">
					<Value>0.0742294</Value>
				</NamedMeasurement>
				<NamedMeasurement type="numeric/double" name="Processors">
					<Value>1</Value>
				</NamedMeasurement>
				<NamedMeasurement type="text/string" name="Completion Status">
					<Value>Completed</Value>
				</NamedMeasurement>
				<NamedMeasurement type="text/string" name="Command Line">
					<Value>/Users/pstrof200@cable.comcast.com/Documents/rdke/aamp/middleware/test/utests/build/tests/InterfacePlayerTests/InterfacePlayerTest "--gtest_filter=InterfacePlayerTests.StopBuffering_GstElementGetStateFailure" "--gtest_also_run_disabled_tests"</Value>
				</NamedMeasurement>
				<NamedMeasurement type="text/string" name="Environment">
					<Value>#CTEST_RESOURCE_GROUP_COUNT=</Value>
				</NamedMeasurement>
				<Measurement>
					<Value>Note: Google Test filter = InterfacePlayerTests.StopBuffering_GstElementGetStateFailure
[==========] Running 1 test from 1 test suite.
[----------] Global test environment set-up.
[----------] 1 test from InterfacePlayerTests
[ RUN      ] InterfacePlayerTests.StopBuffering_GstElementGetStateFailure
1769532713.665: [PLAYER_IF][000][MIL][6ca8cc55f4275f83][StopBuffering][2881]Enough data available to stop buffering, frames 6 !
1769532713.665: [PLAYER_IF][001][MIL][6ca8cc55f4275f83][DestroyPipeline][1074]Interface Destroying gstreamer pipeline
[       OK ] InterfacePlayerTests.StopBuffering_GstElementGetStateFailure (0 ms)
[----------] 1 test from InterfacePlayerTests (0 ms total)

[----------] Global test environment tear-down
[==========] 1 test from 1 test suite ran. (0 ms total)
[  PASSED  ] 1 test.
</Value>
				</Measurement>
			</Results>
		</Test>
		<Test Status="passed">
			<Name>InterfacePlayerTest:InterfacePlayerTests.SendGstEvents_ProtectionEventOtherTrack</Name>
			<Path>./tests/InterfacePlayerTests</Path>
			<FullName>./tests/InterfacePlayerTests/InterfacePlayerTest_InterfacePlayerTests.SendGstEvents_ProtectionEventOtherTrack</FullName>
			<FullCommandLine>/Users/pstrof200@cable.comcast.com/Documents/rdke/aamp/middleware/test/utests/build/tests/InterfacePlayerTests/InterfacePlayerTest "--gtest_filter=InterfacePlayerTests.SendGstEvents_ProtectionEventOtherTrack" "--gtest_also_run_disabled_tests"</FullCommandLine>
			<Results>
				<NamedMeasurement type="numeric/double" name="Execution Time">
					<Value>0.059963</Value>
				</NamedMeasurement>
				<NamedMeasurement type="numeric/double" name="Processors">
					<Value>1</Value>
				</NamedMeasurement>
				<NamedMeasurement type="text/string" name="Completion Status">
					<Value>Completed</Value>
				</NamedMeasurement>
				<NamedMeasurement type="text/string" name="Command Line">
					<Value>/Users/pstrof200@cable.comcast.com/Documents/rdke/aamp/middleware/test/utests/build/tests/InterfacePlayerTests/InterfacePlayerTest "--gtest_filter=InterfacePlayerTests.SendGstEvents_ProtectionEventOtherTrack" "--gtest_also_run_disabled_tests"</Value>
				</NamedMeasurement>
				<NamedMeasurement type="text/string" name="Environment">
					<Value>#CTEST_RESOURCE_GROUP_COUNT=</Value>
				</NamedMeasurement>
				<Measurement>
					<Value>Note: Google Test filter = InterfacePlayerTests.SendGstEvents_ProtectionEventOtherTrack
[==========] Running 1 test from 1 test suite.
[----------] Global test environment set-up.
[----------] 1 test from InterfacePlayerTests
[ RUN      ] InterfacePlayerTests.SendGstEvents_ProtectionEventOtherTrack
1769532713.727: [PLAYER_IF][000][ERROR][6ca8cc55f4275f83][SendQtDemuxOverrideEvent][2546]Error on sending qtdemux override event
1769532713.727: [PLAYER_IF][001][MIL][6ca8cc55f4275f83][SendGstEvents][2504]pushing protection event! mediatype: 0
1769532713.727: [PLAYER_IF][002][ERROR][6ca8cc55f4275f83][SendGstEvents][2507]push protection event failed!
[       OK ] InterfacePlayerTests.SendGstEvents_ProtectionEventOtherTrack (0 ms)
[----------] 1 test from InterfacePlayerTests (0 ms total)

[----------] Global test environment tear-down
[==========] 1 test from 1 test suite ran. (0 ms total)
[  PASSED  ] 1 test.
</Value>
				</Measurement>
			</Results>
		</Test>
		<Test Status="passed">
			<Name>InterfacePlayerTest:InterfacePlayerTests.WaitForSourceSetup_PauseInjector</Name>
			<Path>./tests/InterfacePlayerTests</Path>
			<FullName>./tests/InterfacePlayerTests/InterfacePlayerTest_InterfacePlayerTests.WaitForSourceSetup_PauseInjector</FullName>
			<FullCommandLine>/Users/pstrof200@cable.comcast.com/Documents/rdke/aamp/middleware/test/utests/build/tests/InterfacePlayerTests/InterfacePlayerTest "--gtest_filter=InterfacePlayerTests.WaitForSourceSetup_PauseInjector" "--gtest_also_run_disabled_tests"</FullCommandLine>
			<Results>
				<NamedMeasurement type="numeric/double" name="Execution Time">
					<Value>0.180362</Value>
				</NamedMeasurement>
				<NamedMeasurement type="numeric/double" name="Processors">
					<Value>1</Value>
				</NamedMeasurement>
				<NamedMeasurement type="text/string" name="Completion Status">
					<Value>Completed</Value>
				</NamedMeasurement>
				<NamedMeasurement type="text/string" name="Command Line">
					<Value>/Users/pstrof200@cable.comcast.com/Documents/rdke/aamp/middleware/test/utests/build/tests/InterfacePlayerTests/InterfacePlayerTest "--gtest_filter=InterfacePlayerTests.WaitForSourceSetup_PauseInjector" "--gtest_also_run_disabled_tests"</Value>
				</NamedMeasurement>
				<NamedMeasurement type="text/string" name="Environment">
					<Value>#CTEST_RESOURCE_GROUP_COUNT=</Value>
				</NamedMeasurement>
				<Measurement>
					<Value>Note: Google Test filter = InterfacePlayerTests.WaitForSourceSetup_PauseInjector
[==========] Running 1 test from 1 test suite.
[----------] Global test environment set-up.
[----------] 1 test from InterfacePlayerTests
[ RUN      ] InterfacePlayerTests.WaitForSourceSetup_PauseInjector
1769532713.664: [PLAYER_IF][000][WARN][6ca8cc55f4275f83][WaitForSourceSetup][2937]Source element[0x0] for track[0] not configured, waiting for setup!
1769532713.769: [PLAYER_IF][001][WARN][6ca8cc55f4275f83][WaitForSourceSetup][2966]Wait for source element setup for track[0] exited/timed out!
[       OK ] InterfacePlayerTests.WaitForSourceSetup_PauseInjector (106 ms)
[----------] 1 test from InterfacePlayerTests (106 ms total)

[----------] Global test environment tear-down
[==========] 1 test from 1 test suite ran. (106 ms total)
[  PASSED  ] 1 test.
</Value>
				</Measurement>
			</Results>
		</Test>
		<Test Status="passed">
			<Name>InterfacePlayerTest:InterfacePlayerTests.IdleTaskClearFlags_Success</Name>
			<Path>./tests/InterfacePlayerTests</Path>
			<FullName>./tests/InterfacePlayerTests/InterfacePlayerTest_InterfacePlayerTests.IdleTaskClearFlags_Success</FullName>
			<FullCommandLine>/Users/pstrof200@cable.comcast.com/Documents/rdke/aamp/middleware/test/utests/build/tests/InterfacePlayerTests/InterfacePlayerTest "--gtest_filter=InterfacePlayerTests.IdleTaskClearFlags_Success" "--gtest_also_run_disabled_tests"</FullCommandLine>
			<Results>
				<NamedMeasurement type="numeric/double" name="Execution Time">
					<Value>0.0603219</Value>
				</NamedMeasurement>
				<NamedMeasurement type="numeric/double" name="Processors">
					<Value>1</Value>
				</NamedMeasurement>
				<NamedMeasurement type="text/string" name="Completion Status">
					<Value>Completed</Value>
				</NamedMeasurement>
				<NamedMeasurement type="text/string" name="Command Line">
					<Value>/Users/pstrof200@cable.comcast.com/Documents/rdke/aamp/middleware/test/utests/build/tests/InterfacePlayerTests/InterfacePlayerTest "--gtest_filter=InterfacePlayerTests.IdleTaskClearFlags_Success" "--gtest_also_run_disabled_tests"</Value>
				</NamedMeasurement>
				<NamedMeasurement type="text/string" name="Environment">
					<Value>#CTEST_RESOURCE_GROUP_COUNT=</Value>
				</NamedMeasurement>
				<Measurement>
					<Value>Note: Google Test filter = InterfacePlayerTests.IdleTaskClearFlags_Success
[==========] Running 1 test from 1 test suite.
[----------] Global test environment set-up.
[----------] 1 test from InterfacePlayerTests
[ RUN      ] InterfacePlayerTests.IdleTaskClearFlags_Success
1769532713.789: [PLAYER_IF][000][INFO][6ca8cc55f4275f83][IdleTaskClearFlags][3621]InterfacePlayerRDK: Clear task control flags &lt;TestTask&gt; with ID 1
[       OK ] InterfacePlayerTests.IdleTaskClearFlags_Success (0 ms)
[----------] 1 test from InterfacePlayerTests (0 ms total)

[----------] Global test environment tear-down
[==========] 1 test from 1 test suite ran. (0 ms total)
[  PASSED  ] 1 test.
</Value>
				</Measurement>
			</Results>
		</Test>
		<Test Status="passed">
			<Name>InterfacePlayerTest:InterfacePlayerTests.SendGstEvents_PendingSeek</Name>
			<Path>./tests/InterfacePlayerTests</Path>
			<FullName>./tests/InterfacePlayerTests/InterfacePlayerTest_InterfacePlayerTests.SendGstEvents_PendingSeek</FullName>
			<FullCommandLine>/Users/pstrof200@cable.comcast.com/Documents/rdke/aamp/middleware/test/utests/build/tests/InterfacePlayerTests/InterfacePlayerTest "--gtest_filter=InterfacePlayerTests.SendGstEvents_PendingSeek" "--gtest_also_run_disabled_tests"</FullCommandLine>
			<Results>
				<NamedMeasurement type="numeric/double" name="Execution Time">
					<Value>0.059473</Value>
				</NamedMeasurement>
				<NamedMeasurement type="numeric/double" name="Processors">
					<Value>1</Value>
				</NamedMeasurement>
				<NamedMeasurement type="text/string" name="Completion Status">
					<Value>Completed</Value>
				</NamedMeasurement>
				<NamedMeasurement type="text/string" name="Command Line">
					<Value>/Users/pstrof200@cable.comcast.com/Documents/rdke/aamp/middleware/test/utests/build/tests/InterfacePlayerTests/InterfacePlayerTest "--gtest_filter=InterfacePlayerTests.SendGstEvents_PendingSeek" "--gtest_also_run_disabled_tests"</Value>
				</NamedMeasurement>
				<NamedMeasurement type="text/string" name="Environment">
					<Value>#CTEST_RESOURCE_GROUP_COUNT=</Value>
				</NamedMeasurement>
				<Measurement>
					<Value>Note: Google Test filter = InterfacePlayerTests.SendGstEvents_PendingSeek
[==========] Running 1 test from 1 test suite.
[----------] Global test environment set-up.
[----------] 1 test from InterfacePlayerTests
[ RUN      ] InterfacePlayerTests.SendGstEvents_PendingSeek
1769532713.832: [PLAYER_IF][000][MIL][6ca8cc55f4275f83][SendGstEvents][2447]gst_element_seek_simple! mediaType:0 pts:0:00:00.000001000 seekPosition:0:00:10.000000000
[       OK ] InterfacePlayerTests.SendGstEvents_PendingSeek (0 ms)
[----------] 1 test from InterfacePlayerTests (0 ms total)

[----------] Global test environment tear-down
[==========] 1 test from 1 test suite ran. (0 ms total)
[  PASSED  ] 1 test.
</Value>
				</Measurement>
			</Results>
		</Test>
		<Test Status="passed">
			<Name>InterfacePlayerTest:InterfacePlayerTests.SetStreamCaps_EncryptedAudioCodecFormat</Name>
			<Path>./tests/InterfacePlayerTests</Path>
			<FullName>./tests/InterfacePlayerTests/InterfacePlayerTest_InterfacePlayerTests.SetStreamCaps_EncryptedAudioCodecFormat</FullName>
			<FullCommandLine>/Users/pstrof200@cable.comcast.com/Documents/rdke/aamp/middleware/test/utests/build/tests/InterfacePlayerTests/InterfacePlayerTest "--gtest_filter=InterfacePlayerTests.SetStreamCaps_EncryptedAudioCodecFormat" "--gtest_also_run_disabled_tests"</FullCommandLine>
			<Results>
				<NamedMeasurement type="numeric/double" name="Execution Time">
					<Value>0.0614905</Value>
				</NamedMeasurement>
				<NamedMeasurement type="numeric/double" name="Processors">
					<Value>1</Value>
				</NamedMeasurement>
				<NamedMeasurement type="text/string" name="Completion Status">
					<Value>Completed</Value>
				</NamedMeasurement>
				<NamedMeasurement type="text/string" name="Command Line">
					<Value>/Users/pstrof200@cable.comcast.com/Documents/rdke/aamp/middleware/test/utests/build/tests/InterfacePlayerTests/InterfacePlayerTest "--gtest_filter=InterfacePlayerTests.SetStreamCaps_EncryptedAudioCodecFormat" "--gtest_also_run_disabled_tests"</Value>
				</NamedMeasurement>
				<NamedMeasurement type="text/string" name="Environment">
					<Value>#CTEST_RESOURCE_GROUP_COUNT=</Value>
				</NamedMeasurement>
				<Measurement>
					<Value>Note: Google Test filter = InterfacePlayerTests.SetStreamCaps_EncryptedAudioCodecFormat
[==========] Running 1 test from 1 test suite.
[----------] Global test environment set-up.
[----------] 1 test from InterfacePlayerTests
[ RUN      ] InterfacePlayerTests.SetStreamCaps_EncryptedAudioCodecFormat
1769532713.850: [PLAYER_IF][000][MIL][6ca8cc55f4275f83][SetStreamCaps][5371]Setting stream caps for type[1] format[5]: (null)
[       OK ] InterfacePlayerTests.SetStreamCaps_EncryptedAudioCodecFormat (0 ms)
[----------] 1 test from InterfacePlayerTests (0 ms total)

[----------] Global test environment tear-down
[==========] 1 test from 1 test suite ran. (0 ms total)
[  PASSED  ] 1 test.
</Value>
				</Measurement>
			</Results>
		</Test>
		<Test Status="passed">
			<Name>InterfacePlayerTest:InterfacePlayerTests.WaitForSourceSetup_Success</Name>
			<Path>./tests/InterfacePlayerTests</Path>
			<FullName>./tests/InterfacePlayerTests/InterfacePlayerTest_InterfacePlayerTests.WaitForSourceSetup_Success</FullName>
			<FullCommandLine>/Users/pstrof200@cable.comcast.com/Documents/rdke/aamp/middleware/test/utests/build/tests/InterfacePlayerTests/InterfacePlayerTest "--gtest_filter=InterfacePlayerTests.WaitForSourceSetup_Success" "--gtest_also_run_disabled_tests"</FullCommandLine>
			<Results>
				<NamedMeasurement type="numeric/double" name="Execution Time">
					<Value>0.279753</Value>
				</NamedMeasurement>
				<NamedMeasurement type="numeric/double" name="Processors">
					<Value>1</Value>
				</NamedMeasurement>
				<NamedMeasurement type="text/string" name="Completion Status">
					<Value>Completed</Value>
				</NamedMeasurement>
				<NamedMeasurement type="text/string" name="Command Line">
					<Value>/Users/pstrof200@cable.comcast.com/Documents/rdke/aamp/middleware/test/utests/build/tests/InterfacePlayerTests/InterfacePlayerTest "--gtest_filter=InterfacePlayerTests.WaitForSourceSetup_Success" "--gtest_also_run_disabled_tests"</Value>
				</NamedMeasurement>
				<NamedMeasurement type="text/string" name="Environment">
					<Value>#CTEST_RESOURCE_GROUP_COUNT=</Value>
				</NamedMeasurement>
				<Measurement>
					<Value>Note: Google Test filter = InterfacePlayerTests.WaitForSourceSetup_Success
[==========] Running 1 test from 1 test suite.
[----------] Global test environment set-up.
[----------] 1 test from InterfacePlayerTests
[ RUN      ] InterfacePlayerTests.WaitForSourceSetup_Success
1769532713.664: [PLAYER_IF][000][WARN][6ca8cc55f4275f83][WaitForSourceSetup][2937]Source element[0x0] for track[0] not configured, waiting for setup!
1769532713.867: [PLAYER_IF][001][MIL][6ca8cc55f4275f83][WaitForSourceSetup][2953]Source element[0x0] for track[0] setup completed!
[       OK ] InterfacePlayerTests.WaitForSourceSetup_Success (203 ms)
[----------] 1 test from InterfacePlayerTests (203 ms total)

[----------] Global test environment tear-down
[==========] 1 test from 1 test suite ran. (203 ms total)
[  PASSED  ] 1 test.
</Value>
				</Measurement>
			</Results>
		</Test>
		<Test Status="passed">
			<Name>InterfacePlayerTest:InterfacePlayerTests.IsUsingRialtoSink_true</Name>
			<Path>./tests/InterfacePlayerTests</Path>
			<FullName>./tests/InterfacePlayerTests/InterfacePlayerTest_InterfacePlayerTests.IsUsingRialtoSink_true</FullName>
			<FullCommandLine>/Users/pstrof200@cable.comcast.com/Documents/rdke/aamp/middleware/test/utests/build/tests/InterfacePlayerTests/InterfacePlayerTest "--gtest_filter=InterfacePlayerTests.IsUsingRialtoSink_true" "--gtest_also_run_disabled_tests"</FullCommandLine>
			<Results>
				<NamedMeasurement type="numeric/double" name="Execution Time">
					<Value>0.067365</Value>
				</NamedMeasurement>
				<NamedMeasurement type="numeric/double" name="Processors">
					<Value>1</Value>
				</NamedMeasurement>
				<NamedMeasurement type="text/string" name="Completion Status">
					<Value>Completed</Value>
				</NamedMeasurement>
				<NamedMeasurement type="text/string" name="Command Line">
					<Value>/Users/pstrof200@cable.comcast.com/Documents/rdke/aamp/middleware/test/utests/build/tests/InterfacePlayerTests/InterfacePlayerTest "--gtest_filter=InterfacePlayerTests.IsUsingRialtoSink_true" "--gtest_also_run_disabled_tests"</Value>
				</NamedMeasurement>
				<NamedMeasurement type="text/string" name="Environment">
					<Value>#CTEST_RESOURCE_GROUP_COUNT=</Value>
				</NamedMeasurement>
				<Measurement>
					<Value>Note: Google Test filter = InterfacePlayerTests.IsUsingRialtoSink_true
[==========] Running 1 test from 1 test suite.
[----------] Global test environment set-up.
[----------] 1 test from InterfacePlayerTests
[ RUN      ] InterfacePlayerTests.IsUsingRialtoSink_true
[       OK ] InterfacePlayerTests.IsUsingRialtoSink_true (0 ms)
[----------] 1 test from InterfacePlayerTests (0 ms total)

[----------] Global test environment tear-down
[==========] 1 test from 1 test suite ran. (0 ms total)
[  PASSED  ] 1 test.
</Value>
				</Measurement>
			</Results>
		</Test>
		<Test Status="passed">
			<Name>InterfacePlayerTest:InterfacePlayerTests.IdleTaskRemove_TaskExists</Name>
			<Path>./tests/InterfacePlayerTests</Path>
			<FullName>./tests/InterfacePlayerTests/InterfacePlayerTest_InterfacePlayerTests.IdleTaskRemove_TaskExists</FullName>
			<FullCommandLine>/Users/pstrof200@cable.comcast.com/Documents/rdke/aamp/middleware/test/utests/build/tests/InterfacePlayerTests/InterfacePlayerTest "--gtest_filter=InterfacePlayerTests.IdleTaskRemove_TaskExists" "--gtest_also_run_disabled_tests"</FullCommandLine>
			<Results>
				<NamedMeasurement type="numeric/double" name="Execution Time">
					<Value>0.0679215</Value>
				</NamedMeasurement>
				<NamedMeasurement type="numeric/double" name="Processors">
					<Value>1</Value>
				</NamedMeasurement>
				<NamedMeasurement type="text/string" name="Completion Status">
					<Value>Completed</Value>
				</NamedMeasurement>
				<NamedMeasurement type="text/string" name="Command Line">
					<Value>/Users/pstrof200@cable.comcast.com/Documents/rdke/aamp/middleware/test/utests/build/tests/InterfacePlayerTests/InterfacePlayerTest "--gtest_filter=InterfacePlayerTests.IdleTaskRemove_TaskExists" "--gtest_also_run_disabled_tests"</Value>
				</NamedMeasurement>
				<NamedMeasurement type="text/string" name="Environment">
					<Value>#CTEST_RESOURCE_GROUP_COUNT=</Value>
				</NamedMeasurement>
				<Measurement>
					<Value>Note: Google Test filter = InterfacePlayerTests.IdleTaskRemove_TaskExists
[==========] Running 1 test from 1 test suite.
[----------] Global test environment set-up.
[----------] 1 test from InterfacePlayerTests
[ RUN      ] InterfacePlayerTests.IdleTaskRemove_TaskExists
1769532713.918: [PLAYER_IF][000][INFO][6ca8cc55f4275f83][IdleTaskRemove][1535]InterfacePlayerRDK: Remove task &lt;TestTask&gt; with ID 1
[       OK ] InterfacePlayerTests.IdleTaskRemove_TaskExists (0 ms)
[----------] 1 test from InterfacePlayerTests (0 ms total)

[----------] Global test environment tear-down
[==========] 1 test from 1 test suite ran. (0 ms total)
[  PASSED  ] 1 test.
</Value>
				</Measurement>
			</Results>
		</Test>
		<Test Status="passed">
			<Name>InterfacePlayerTest:InterfacePlayerTests.TriggerEventWithData_CallbackDoesNotExist</Name>
			<Path>./tests/InterfacePlayerTests</Path>
			<FullName>./tests/InterfacePlayerTests/InterfacePlayerTest_InterfacePlayerTests.TriggerEventWithData_CallbackDoesNotExist</FullName>
			<FullCommandLine>/Users/pstrof200@cable.comcast.com/Documents/rdke/aamp/middleware/test/utests/build/tests/InterfacePlayerTests/InterfacePlayerTest "--gtest_filter=InterfacePlayerTests.TriggerEventWithData_CallbackDoesNotExist" "--gtest_also_run_disabled_tests"</FullCommandLine>
			<Results>
				<NamedMeasurement type="numeric/double" name="Execution Time">
					<Value>0.0679192</Value>
				</NamedMeasurement>
				<NamedMeasurement type="numeric/double" name="Processors">
					<Value>1</Value>
				</NamedMeasurement>
				<NamedMeasurement type="text/string" name="Completion Status">
					<Value>Completed</Value>
				</NamedMeasurement>
				<NamedMeasurement type="text/string" name="Command Line">
					<Value>/Users/pstrof200@cable.comcast.com/Documents/rdke/aamp/middleware/test/utests/build/tests/InterfacePlayerTests/InterfacePlayerTest "--gtest_filter=InterfacePlayerTests.TriggerEventWithData_CallbackDoesNotExist" "--gtest_also_run_disabled_tests"</Value>
				</NamedMeasurement>
				<NamedMeasurement type="text/string" name="Environment">
					<Value>#CTEST_RESOURCE_GROUP_COUNT=</Value>
				</NamedMeasurement>
				<Measurement>
					<Value>Note: Google Test filter = InterfacePlayerTests.TriggerEventWithData_CallbackDoesNotExist
[==========] Running 1 test from 1 test suite.
[----------] Global test environment set-up.
[----------] 1 test from InterfacePlayerTests
[ RUN      ] InterfacePlayerTests.TriggerEventWithData_CallbackDoesNotExist
1769532713.937: [PLAYER_IF][000][ERROR][6ca8cc55f4275f83][TriggerEvent][3767]Unknown event - No callback registered!
[       OK ] InterfacePlayerTests.TriggerEventWithData_CallbackDoesNotExist (0 ms)
[----------] 1 test from InterfacePlayerTests (0 ms total)

[----------] Global test environment tear-down
[==========] 1 test from 1 test suite ran. (0 ms total)
[  PASSED  ] 1 test.
</Value>
				</Measurement>
			</Results>
		</Test>
		<Test Status="passed">
			<Name>InterfacePlayerTest:InterfacePlayerTests.CheckDiscontinuity_EnablePTSReStamp_NoCodecChange</Name>
			<Path>./tests/InterfacePlayerTests</Path>
			<FullName>./tests/InterfacePlayerTests/InterfacePlayerTest_InterfacePlayerTests.CheckDiscontinuity_EnablePTSReStamp_NoCodecChange</FullName>
			<FullCommandLine>/Users/pstrof200@cable.comcast.com/Documents/rdke/aamp/middleware/test/utests/build/tests/InterfacePlayerTests/InterfacePlayerTest "--gtest_filter=InterfacePlayerTests.CheckDiscontinuity_EnablePTSReStamp_NoCodecChange" "--gtest_also_run_disabled_tests"</FullCommandLine>
			<Results>
				<NamedMeasurement type="numeric/double" name="Execution Time">
					<Value>0.0667792</Value>
				</NamedMeasurement>
				<NamedMeasurement type="numeric/double" name="Processors">
					<Value>1</Value>
				</NamedMeasurement>
				<NamedMeasurement type="text/string" name="Completion Status">
					<Value>Completed</Value>
				</NamedMeasurement>
				<NamedMeasurement type="text/string" name="Command Line">
					<Value>/Users/pstrof200@cable.comcast.com/Documents/rdke/aamp/middleware/test/utests/build/tests/InterfacePlayerTests/InterfacePlayerTest "--gtest_filter=InterfacePlayerTests.CheckDiscontinuity_EnablePTSReStamp_NoCodecChange" "--gtest_also_run_disabled_tests"</Value>
				</NamedMeasurement>
				<NamedMeasurement type="text/string" name="Environment">
					<Value>#CTEST_RESOURCE_GROUP_COUNT=</Value>
				</NamedMeasurement>
				<Measurement>
					<Value>Note: Google Test filter = InterfacePlayerTests.CheckDiscontinuity_EnablePTSReStamp_NoCodecChange
[==========] Running 1 test from 1 test suite.
[----------] Global test environment set-up.
[----------] 1 test from InterfacePlayerTests
[ RUN      ] InterfacePlayerTests.CheckDiscontinuity_EnablePTSReStamp_NoCodecChange
1769532713.964: [PLAYER_IF][000][MIL][6ca8cc55f4275f83][CheckDiscontinuity][3541]Entering InterfacePlayerRDK: type(0) format(2) firstBufferProcessed(1)
1769532713.964: [PLAYER_IF][001][DEBUG][6ca8cc55f4275f83][CheckDiscontinuity][3550]stream-&gt;format 2, stream-&gt;firstBufferProcessed 1
[       OK ] InterfacePlayerTests.CheckDiscontinuity_EnablePTSReStamp_NoCodecChange (0 ms)
[----------] 1 test from InterfacePlayerTests (0 ms total)

[----------] Global test environment tear-down
[==========] 1 test from 1 test suite ran. (0 ms total)
[  PASSED  ] 1 test.
</Value>
				</Measurement>
			</Results>
		</Test>
		<Test Status="passed">
			<Name>InterfacePlayerTest:InterfacePlayerTests.GstPlayer_isVideoOrAudioDecoder_NotDecoder</Name>
			<Path>./tests/InterfacePlayerTests</Path>
			<FullName>./tests/InterfacePlayerTests/InterfacePlayerTest_InterfacePlayerTests.GstPlayer_isVideoOrAudioDecoder_NotDecoder</FullName>
			<FullCommandLine>/Users/pstrof200@cable.comcast.com/Documents/rdke/aamp/middleware/test/utests/build/tests/InterfacePlayerTests/InterfacePlayerTest "--gtest_filter=InterfacePlayerTests.GstPlayer_isVideoOrAudioDecoder_NotDecoder" "--gtest_also_run_disabled_tests"</FullCommandLine>
			<Results>
				<NamedMeasurement type="numeric/double" name="Execution Time">
					<Value>0.0659801</Value>
				</NamedMeasurement>
				<NamedMeasurement type="numeric/double" name="Processors">
					<Value>1</Value>
				</NamedMeasurement>
				<NamedMeasurement type="text/string" name="Completion Status">
					<Value>Completed</Value>
				</NamedMeasurement>
				<NamedMeasurement type="text/string" name="Command Line">
					<Value>/Users/pstrof200@cable.comcast.com/Documents/rdke/aamp/middleware/test/utests/build/tests/InterfacePlayerTests/InterfacePlayerTest "--gtest_filter=InterfacePlayerTests.GstPlayer_isVideoOrAudioDecoder_NotDecoder" "--gtest_also_run_disabled_tests"</Value>
				</NamedMeasurement>
				<NamedMeasurement type="text/string" name="Environment">
					<Value>#CTEST_RESOURCE_GROUP_COUNT=</Value>
				</NamedMeasurement>
				<Measurement>
					<Value>Note: Google Test filter = InterfacePlayerTests.GstPlayer_isVideoOrAudioDecoder_NotDecoder
[==========] Running 1 test from 1 test suite.
[----------] Global test environment set-up.
[----------] 1 test from InterfacePlayerTests
[ RUN      ] InterfacePlayerTests.GstPlayer_isVideoOrAudioDecoder_NotDecoder
[       OK ] InterfacePlayerTests.GstPlayer_isVideoOrAudioDecoder_NotDecoder (0 ms)
[----------] 1 test from InterfacePlayerTests (0 ms total)

[----------] Global test environment tear-down
[==========] 1 test from 1 test suite ran. (0 ms total)
[  PASSED  ] 1 test.
</Value>
				</Measurement>
			</Results>
		</Test>
		<Test Status="passed">
			<Name>InterfacePlayerTest:InterfacePlayerTests.PauseInjector_SetsPauseInjectorToTrue</Name>
			<Path>./tests/InterfacePlayerTests</Path>
			<FullName>./tests/InterfacePlayerTests/InterfacePlayerTest_InterfacePlayerTests.PauseInjector_SetsPauseInjectorToTrue</FullName>
			<FullCommandLine>/Users/pstrof200@cable.comcast.com/Documents/rdke/aamp/middleware/test/utests/build/tests/InterfacePlayerTests/InterfacePlayerTest "--gtest_filter=InterfacePlayerTests.PauseInjector_SetsPauseInjectorToTrue" "--gtest_also_run_disabled_tests"</FullCommandLine>
			<Results>
				<NamedMeasurement type="numeric/double" name="Execution Time">
					<Value>0.0695955</Value>
				</NamedMeasurement>
				<NamedMeasurement type="numeric/double" name="Processors">
					<Value>1</Value>
				</NamedMeasurement>
				<NamedMeasurement type="text/string" name="Completion Status">
					<Value>Completed</Value>
				</NamedMeasurement>
				<NamedMeasurement type="text/string" name="Command Line">
					<Value>/Users/pstrof200@cable.comcast.com/Documents/rdke/aamp/middleware/test/utests/build/tests/InterfacePlayerTests/InterfacePlayerTest "--gtest_filter=InterfacePlayerTests.PauseInjector_SetsPauseInjectorToTrue" "--gtest_also_run_disabled_tests"</Value>
				</NamedMeasurement>
				<NamedMeasurement type="text/string" name="Environment">
					<Value>#CTEST_RESOURCE_GROUP_COUNT=</Value>
				</NamedMeasurement>
				<Measurement>
					<Value>Note: Google Test filter = InterfacePlayerTests.PauseInjector_SetsPauseInjectorToTrue
[==========] Running 1 test from 1 test suite.
[----------] Global test environment set-up.
[----------] 1 test from InterfacePlayerTests
[ RUN      ] InterfacePlayerTests.PauseInjector_SetsPauseInjectorToTrue
[       OK ] InterfacePlayerTests.PauseInjector_SetsPauseInjectorToTrue (0 ms)
[----------] 1 test from InterfacePlayerTests (0 ms total)

[----------] Global test environment tear-down
[==========] 1 test from 1 test suite ran. (0 ms total)
[  PASSED  ] 1 test.
</Value>
				</Measurement>
			</Results>
		</Test>
		<Test Status="passed">
			<Name>InterfacePlayerTest:InterfacePlayerTests.NotifyFirstFrame_AudioType_FirstFrameNotReceived</Name>
			<Path>./tests/InterfacePlayerTests</Path>
			<FullName>./tests/InterfacePlayerTests/InterfacePlayerTest_InterfacePlayerTests.NotifyFirstFrame_AudioType_FirstFrameNotReceived</FullName>
			<FullCommandLine>/Users/pstrof200@cable.comcast.com/Documents/rdke/aamp/middleware/test/utests/build/tests/InterfacePlayerTests/InterfacePlayerTest "--gtest_filter=InterfacePlayerTests.NotifyFirstFrame_AudioType_FirstFrameNotReceived" "--gtest_also_run_disabled_tests"</FullCommandLine>
			<Results>
				<NamedMeasurement type="numeric/double" name="Execution Time">
					<Value>0.0698839</Value>
				</NamedMeasurement>
				<NamedMeasurement type="numeric/double" name="Processors">
					<Value>1</Value>
				</NamedMeasurement>
				<NamedMeasurement type="text/string" name="Completion Status">
					<Value>Completed</Value>
				</NamedMeasurement>
				<NamedMeasurement type="text/string" name="Command Line">
[...]
					<Value>Note: Google Test filter = InterfacePlayerTests.GetVideoPlaybackQuality_NoStatsCallWhenElementIsNull
[==========] Running 1 test from 1 test suite.
[----------] Global test environment set-up.
[----------] 1 test from InterfacePlayerTests
[ RUN      ] InterfacePlayerTests.GetVideoPlaybackQuality_NoStatsCallWhenElementIsNull
1769532721.346: [PLAYER_IF][000][MIL][6ca8cc55f4275f83][DestroyPipeline][1074]Interface Destroying gstreamer pipeline
[       OK ] InterfacePlayerTests.GetVideoPlaybackQuality_NoStatsCallWhenElementIsNull (0 ms)
[----------] 1 test from InterfacePlayerTests (0 ms total)

[----------] Global test environment tear-down
[==========] 1 test from 1 test suite ran. (0 ms total)
[  PASSED  ] 1 test.
</Value>
				</Measurement>
			</Results>
		</Test>
		<Test Status="passed">
			<Name>InterfacePlayerTest:InterfacePlayerTests.GetVideoPlaybackQuality_PlayingState</Name>
			<Path>./tests/InterfacePlayerTests</Path>
			<FullName>./tests/InterfacePlayerTests/InterfacePlayerTest_InterfacePlayerTests.GetVideoPlaybackQuality_PlayingState</FullName>
			<FullCommandLine>/Users/pstrof200@cable.comcast.com/Documents/rdke/aamp/middleware/test/utests/build/tests/InterfacePlayerTests/InterfacePlayerTest "--gtest_filter=InterfacePlayerTests.GetVideoPlaybackQuality_PlayingState" "--gtest_also_run_disabled_tests"</FullCommandLine>
			<Results>
				<NamedMeasurement type="numeric/double" name="Execution Time">
					<Value>0.0924253</Value>
				</NamedMeasurement>
				<NamedMeasurement type="numeric/double" name="Processors">
					<Value>1</Value>
				</NamedMeasurement>
				<NamedMeasurement type="text/string" name="Completion Status">
					<Value>Completed</Value>
				</NamedMeasurement>
				<NamedMeasurement type="text/string" name="Command Line">
					<Value>/Users/pstrof200@cable.comcast.com/Documents/rdke/aamp/middleware/test/utests/build/tests/InterfacePlayerTests/InterfacePlayerTest "--gtest_filter=InterfacePlayerTests.GetVideoPlaybackQuality_PlayingState" "--gtest_also_run_disabled_tests"</Value>
				</NamedMeasurement>
				<NamedMeasurement type="text/string" name="Environment">
					<Value>#CTEST_RESOURCE_GROUP_COUNT=</Value>
				</NamedMeasurement>
				<Measurement>
					<Value>Note: Google Test filter = InterfacePlayerTests.GetVideoPlaybackQuality_PlayingState
[==========] Running 1 test from 1 test suite.
[----------] Global test environment set-up.
[----------] 1 test from InterfacePlayerTests
[ RUN      ] InterfacePlayerTests.GetVideoPlaybackQuality_PlayingState
1769532721.348: [PLAYER_IF][000][MIL][6ca8cc55f4275f83][GetVideoPlaybackQuality][2644]rendered 1000 dropped 5
1769532721.348: [PLAYER_IF][001][MIL][6ca8cc55f4275f83][DestroyPipeline][1074]Interface Destroying gstreamer pipeline
[       OK ] InterfacePlayerTests.GetVideoPlaybackQuality_PlayingState (0 ms)
[----------] 1 test from InterfacePlayerTests (0 ms total)

[----------] Global test environment tear-down
[==========] 1 test from 1 test suite ran. (0 ms total)
[  PASSED  ] 1 test.
</Value>
				</Measurement>
			</Results>
		</Test>
		<Test Status="passed">
			<Name>InterfacePlayerTest:InterfacePlayerTests.GetVideoPlaybackQuality_PlayingStateWithRenderedNull</Name>
			<Path>./tests/InterfacePlayerTests</Path>
			<FullName>./tests/InterfacePlayerTests/InterfacePlayerTest_InterfacePlayerTests.GetVideoPlaybackQuality_PlayingStateWithRenderedNull</FullName>
			<FullCommandLine>/Users/pstrof200@cable.comcast.com/Documents/rdke/aamp/middleware/test/utests/build/tests/InterfacePlayerTests/InterfacePlayerTest "--gtest_filter=InterfacePlayerTests.GetVideoPlaybackQuality_PlayingStateWithRenderedNull" "--gtest_also_run_disabled_tests"</FullCommandLine>
			<Results>
				<NamedMeasurement type="numeric/double" name="Execution Time">
					<Value>0.094919</Value>
				</NamedMeasurement>
				<NamedMeasurement type="numeric/double" name="Processors">
					<Value>1</Value>
				</NamedMeasurement>
				<NamedMeasurement type="text/string" name="Completion Status">
					<Value>Completed</Value>
				</NamedMeasurement>
				<NamedMeasurement type="text/string" name="Command Line">
					<Value>/Users/pstrof200@cable.comcast.com/Documents/rdke/aamp/middleware/test/utests/build/tests/InterfacePlayerTests/InterfacePlayerTest "--gtest_filter=InterfacePlayerTests.GetVideoPlaybackQuality_PlayingStateWithRenderedNull" "--gtest_also_run_disabled_tests"</Value>
				</NamedMeasurement>
				<NamedMeasurement type="text/string" name="Environment">
					<Value>#CTEST_RESOURCE_GROUP_COUNT=</Value>
				</NamedMeasurement>
				<Measurement>
					<Value>Note: Google Test filter = InterfacePlayerTests.GetVideoPlaybackQuality_PlayingStateWithRenderedNull
[==========] Running 1 test from 1 test suite.
[----------] Global test environment set-up.
[----------] 1 test from InterfacePlayerTests
[ RUN      ] InterfacePlayerTests.GetVideoPlaybackQuality_PlayingStateWithRenderedNull
1769532721.354: [PLAYER_IF][000][MIL][6ca8cc55f4275f83][GetVideoPlaybackQuality][2644]rendered 0 dropped 5
1769532721.354: [PLAYER_IF][001][MIL][6ca8cc55f4275f83][DestroyPipeline][1074]Interface Destroying gstreamer pipeline
[       OK ] InterfacePlayerTests.GetVideoPlaybackQuality_PlayingStateWithRenderedNull (0 ms)
[----------] 1 test from InterfacePlayerTests (0 ms total)

[----------] Global test environment tear-down
[==========] 1 test from 1 test suite ran. (0 ms total)
[  PASSED  ] 1 test.
</Value>
				</Measurement>
			</Results>
		</Test>
		<Test Status="passed">
			<Name>InterfacePlayerTest:InterfacePlayerTests.GetVideoPlaybackQuality_PlayingStateWithDroppedNull</Name>
			<Path>./tests/InterfacePlayerTests</Path>
			<FullName>./tests/InterfacePlayerTests/InterfacePlayerTest_InterfacePlayerTests.GetVideoPlaybackQuality_PlayingStateWithDroppedNull</FullName>
			<FullCommandLine>/Users/pstrof200@cable.comcast.com/Documents/rdke/aamp/middleware/test/utests/build/tests/InterfacePlayerTests/InterfacePlayerTest "--gtest_filter=InterfacePlayerTests.GetVideoPlaybackQuality_PlayingStateWithDroppedNull" "--gtest_also_run_disabled_tests"</FullCommandLine>
			<Results>
				<NamedMeasurement type="numeric/double" name="Execution Time">
					<Value>0.0916149</Value>
				</NamedMeasurement>
				<NamedMeasurement type="numeric/double" name="Processors">
					<Value>1</Value>
				</NamedMeasurement>
				<NamedMeasurement type="text/string" name="Completion Status">
					<Value>Completed</Value>
				</NamedMeasurement>
				<NamedMeasurement type="text/string" name="Command Line">
					<Value>/Users/pstrof200@cable.comcast.com/Documents/rdke/aamp/middleware/test/utests/build/tests/InterfacePlayerTests/InterfacePlayerTest "--gtest_filter=InterfacePlayerTests.GetVideoPlaybackQuality_PlayingStateWithDroppedNull" "--gtest_also_run_disabled_tests"</Value>
				</NamedMeasurement>
				<NamedMeasurement type="text/string" name="Environment">
					<Value>#CTEST_RESOURCE_GROUP_COUNT=</Value>
				</NamedMeasurement>
				<Measurement>
					<Value>Note: Google Test filter = InterfacePlayerTests.GetVideoPlaybackQuality_PlayingStateWithDroppedNull
[==========] Running 1 test from 1 test suite.
[----------] Global test environment set-up.
[----------] 1 test from InterfacePlayerTests
[ RUN      ] InterfacePlayerTests.GetVideoPlaybackQuality_PlayingStateWithDroppedNull
1769532721.378: [PLAYER_IF][000][MIL][6ca8cc55f4275f83][GetVideoPlaybackQuality][2644]rendered 1000 dropped 0
1769532721.378: [PLAYER_IF][001][MIL][6ca8cc55f4275f83][DestroyPipeline][1074]Interface Destroying gstreamer pipeline
[       OK ] InterfacePlayerTests.GetVideoPlaybackQuality_PlayingStateWithDroppedNull (0 ms)
[----------] 1 test from InterfacePlayerTests (0 ms total)

[----------] Global test environment tear-down
[==========] 1 test from 1 test suite ran. (0 ms total)
[  PASSED  ] 1 test.
</Value>
				</Measurement>
			</Results>
		</Test>
		<Test Status="passed">
			<Name>InterfacePlayerTest:InterfacePlayerTests.GetVideoPlaybackQuality_PlayingStateWithRenderedAndDroppedNull</Name>
			<Path>./tests/InterfacePlayerTests</Path>
			<FullName>./tests/InterfacePlayerTests/InterfacePlayerTest_InterfacePlayerTests.GetVideoPlaybackQuality_PlayingStateWithRenderedAndDroppedNull</FullName>
			<FullCommandLine>/Users/pstrof200@cable.comcast.com/Documents/rdke/aamp/middleware/test/utests/build/tests/InterfacePlayerTests/InterfacePlayerTest "--gtest_filter=InterfacePlayerTests.GetVideoPlaybackQuality_PlayingStateWithRenderedAndDroppedNull" "--gtest_also_run_disabled_tests"</FullCommandLine>
			<Results>
				<NamedMeasurement type="numeric/double" name="Execution Time">
					<Value>0.0910284</Value>
				</NamedMeasurement>
				<NamedMeasurement type="numeric/double" name="Processors">
					<Value>1</Value>
				</NamedMeasurement>
				<NamedMeasurement type="text/string" name="Completion Status">
					<Value>Completed</Value>
				</NamedMeasurement>
				<NamedMeasurement type="text/string" name="Command Line">
					<Value>/Users/pstrof200@cable.comcast.com/Documents/rdke/aamp/middleware/test/utests/build/tests/InterfacePlayerTests/InterfacePlayerTest "--gtest_filter=InterfacePlayerTests.GetVideoPlaybackQuality_PlayingStateWithRenderedAndDroppedNull" "--gtest_also_run_disabled_tests"</Value>
				</NamedMeasurement>
				<NamedMeasurement type="text/string" name="Environment">
					<Value>#CTEST_RESOURCE_GROUP_COUNT=</Value>
				</NamedMeasurement>
				<Measurement>
					<Value>Note: Google Test filter = InterfacePlayerTests.GetVideoPlaybackQuality_PlayingStateWithRenderedAndDroppedNull
[==========] Running 1 test from 1 test suite.
[----------] Global test environment set-up.
[----------] 1 test from InterfacePlayerTests
[ RUN      ] InterfacePlayerTests.GetVideoPlaybackQuality_PlayingStateWithRenderedAndDroppedNull
1769532721.439: [PLAYER_IF][000][MIL][6ca8cc55f4275f83][GetVideoPlaybackQuality][2644]rendered 0 dropped 0
1769532721.439: [PLAYER_IF][001][MIL][6ca8cc55f4275f83][DestroyPipeline][1074]Interface Destroying gstreamer pipeline
[       OK ] InterfacePlayerTests.GetVideoPlaybackQuality_PlayingStateWithRenderedAndDroppedNull (0 ms)
[----------] 1 test from InterfacePlayerTests (0 ms total)

[----------] Global test environment tear-down
[==========] 1 test from 1 test suite ran. (0 ms total)
[  PASSED  ] 1 test.
</Value>
				</Measurement>
			</Results>
		</Test>
		<Test Status="passed">
			<Name>InterfacePlayerTest:InterfacePlayerTests.GetVideoPlaybackQuality_PausedState</Name>
			<Path>./tests/InterfacePlayerTests</Path>
			<FullName>./tests/InterfacePlayerTests/InterfacePlayerTest_InterfacePlayerTests.GetVideoPlaybackQuality_PausedState</FullName>
			<FullCommandLine>/Users/pstrof200@cable.comcast.com/Documents/rdke/aamp/middleware/test/utests/build/tests/InterfacePlayerTests/InterfacePlayerTest "--gtest_filter=InterfacePlayerTests.GetVideoPlaybackQuality_PausedState" "--gtest_also_run_disabled_tests"</FullCommandLine>
			<Results>
				<NamedMeasurement type="numeric/double" name="Execution Time">
					<Value>0.0933703</Value>
				</NamedMeasurement>
				<NamedMeasurement type="numeric/double" name="Processors">
					<Value>1</Value>
				</NamedMeasurement>
				<NamedMeasurement type="text/string" name="Completion Status">
					<Value>Completed</Value>
				</NamedMeasurement>
				<NamedMeasurement type="text/string" name="Command Line">
					<Value>/Users/pstrof200@cable.comcast.com/Documents/rdke/aamp/middleware/test/utests/build/tests/InterfacePlayerTests/InterfacePlayerTest "--gtest_filter=InterfacePlayerTests.GetVideoPlaybackQuality_PausedState" "--gtest_also_run_disabled_tests"</Value>
				</NamedMeasurement>
				<NamedMeasurement type="text/string" name="Environment">
					<Value>#CTEST_RESOURCE_GROUP_COUNT=</Value>
				</NamedMeasurement>
				<Measurement>
					<Value>Note: Google Test filter = InterfacePlayerTests.GetVideoPlaybackQuality_PausedState
[==========] Running 1 test from 1 test suite.
[----------] Global test environment set-up.
[----------] 1 test from InterfacePlayerTests
[ RUN      ] InterfacePlayerTests.GetVideoPlaybackQuality_PausedState
1769532721.439: [PLAYER_IF][000][MIL][6ca8cc55f4275f83][GetVideoPlaybackQuality][2644]rendered 2000 dropped 10
1769532721.439: [PLAYER_IF][001][MIL][6ca8cc55f4275f83][DestroyPipeline][1074]Interface Destroying gstreamer pipeline
[       OK ] InterfacePlayerTests.GetVideoPlaybackQuality_PausedState (0 ms)
[----------] 1 test from InterfacePlayerTests (0 ms total)

[----------] Global test environment tear-down
[==========] 1 test from 1 test suite ran. (0 ms total)
[  PASSED  ] 1 test.
</Value>
				</Measurement>
			</Results>
		</Test>
		<Test Status="passed">
			<Name>InterfacePlayerTest:InterfacePlayerTests.GetVideoPlaybackQuality_StateChangeFailure</Name>
			<Path>./tests/InterfacePlayerTests</Path>
			<FullName>./tests/InterfacePlayerTests/InterfacePlayerTest_InterfacePlayerTests.GetVideoPlaybackQuality_StateChangeFailure</FullName>
			<FullCommandLine>/Users/pstrof200@cable.comcast.com/Documents/rdke/aamp/middleware/test/utests/build/tests/InterfacePlayerTests/InterfacePlayerTest "--gtest_filter=InterfacePlayerTests.GetVideoPlaybackQuality_StateChangeFailure" "--gtest_also_run_disabled_tests"</FullCommandLine>
			<Results>
				<NamedMeasurement type="numeric/double" name="Execution Time">
					<Value>0.091547</Value>
				</NamedMeasurement>
				<NamedMeasurement type="numeric/double" name="Processors">
					<Value>1</Value>
				</NamedMeasurement>
				<NamedMeasurement type="text/string" name="Completion Status">
					<Value>Completed</Value>
				</NamedMeasurement>
				<NamedMeasurement type="text/string" name="Command Line">
					<Value>/Users/pstrof200@cable.comcast.com/Documents/rdke/aamp/middleware/test/utests/build/tests/InterfacePlayerTests/InterfacePlayerTest "--gtest_filter=InterfacePlayerTests.GetVideoPlaybackQuality_StateChangeFailure" "--gtest_also_run_disabled_tests"</Value>
				</NamedMeasurement>
				<NamedMeasurement type="text/string" name="Environment">
					<Value>#CTEST_RESOURCE_GROUP_COUNT=</Value>
				</NamedMeasurement>
				<Measurement>
					<Value>Note: Google Test filter = InterfacePlayerTests.GetVideoPlaybackQuality_StateChangeFailure
[==========] Running 1 test from 1 test suite.
[----------] Global test environment set-up.
[----------] 1 test from InterfacePlayerTests
[ RUN      ] InterfacePlayerTests.GetVideoPlaybackQuality_StateChangeFailure
1769532721.445: [PLAYER_IF][000][INFO][6ca8cc55f4275f83][GetVideoPlaybackQuality][2665]gst_element_get_state ret=0: can't query playback quality now
1769532721.445: [PLAYER_IF][001][MIL][6ca8cc55f4275f83][DestroyPipeline][1074]Interface Destroying gstreamer pipeline
[       OK ] InterfacePlayerTests.GetVideoPlaybackQuality_StateChangeFailure (0 ms)
[----------] 1 test from InterfacePlayerTests (0 ms total)

[----------] Global test environment tear-down
[==========] 1 test from 1 test suite ran. (0 ms total)
[  PASSED  ] 1 test.
</Value>
				</Measurement>
			</Results>
		</Test>
		<Test Status="passed">
			<Name>InterfacePlayerTest:InterfacePlayerTests.GetVideoPlaybackQuality_StateChangeNoPreroll</Name>
			<Path>./tests/InterfacePlayerTests</Path>
			<FullName>./tests/InterfacePlayerTests/InterfacePlayerTest_InterfacePlayerTests.GetVideoPlaybackQuality_StateChangeNoPreroll</FullName>
			<FullCommandLine>/Users/pstrof200@cable.comcast.com/Documents/rdke/aamp/middleware/test/utests/build/tests/InterfacePlayerTests/InterfacePlayerTest "--gtest_filter=InterfacePlayerTests.GetVideoPlaybackQuality_StateChangeNoPreroll" "--gtest_also_run_disabled_tests"</FullCommandLine>
			<Results>
				<NamedMeasurement type="numeric/double" name="Execution Time">
					<Value>0.0890057</Value>
				</NamedMeasurement>
				<NamedMeasurement type="numeric/double" name="Processors">
					<Value>1</Value>
				</NamedMeasurement>
				<NamedMeasurement type="text/string" name="Completion Status">
					<Value>Completed</Value>
				</NamedMeasurement>
				<NamedMeasurement type="text/string" name="Command Line">
					<Value>/Users/pstrof200@cable.comcast.com/Documents/rdke/aamp/middleware/test/utests/build/tests/InterfacePlayerTests/InterfacePlayerTest "--gtest_filter=InterfacePlayerTests.GetVideoPlaybackQuality_StateChangeNoPreroll" "--gtest_also_run_disabled_tests"</Value>
				</NamedMeasurement>
				<NamedMeasurement type="text/string" name="Environment">
					<Value>#CTEST_RESOURCE_GROUP_COUNT=</Value>
				</NamedMeasurement>
				<Measurement>
					<Value>Note: Google Test filter = InterfacePlayerTests.GetVideoPlaybackQuality_StateChangeNoPreroll
[==========] Running 1 test from 1 test suite.
[----------] Global test environment set-up.
[----------] 1 test from InterfacePlayerTests
[ RUN      ] InterfacePlayerTests.GetVideoPlaybackQuality_StateChangeNoPreroll
1769532721.468: [PLAYER_IF][000][INFO][6ca8cc55f4275f83][GetVideoPlaybackQuality][2665]gst_element_get_state ret=3: can't query playback quality now
1769532721.468: [PLAYER_IF][001][MIL][6ca8cc55f4275f83][DestroyPipeline][1074]Interface Destroying gstreamer pipeline
[       OK ] InterfacePlayerTests.GetVideoPlaybackQuality_StateChangeNoPreroll (0 ms)
[----------] 1 test from InterfacePlayerTests (0 ms total)

[----------] Global test environment tear-down
[==========] 1 test from 1 test suite ran. (0 ms total)
[  PASSED  ] 1 test.
</Value>
				</Measurement>
			</Results>
		</Test>
		<Test Status="passed">
			<Name>DrmSessionManagerTests:DrmSessionManagerComplexTests.OpencdmConstructionFailureTest</Name>
			<Path>./tests/DrmSessionManagerTests</Path>
			<FullName>./tests/DrmSessionManagerTests/DrmSessionManagerTests_DrmSessionManagerComplexTests.OpencdmConstructionFailureTest</FullName>
			<FullCommandLine>/Users/pstrof200@cable.comcast.com/Documents/rdke/aamp/middleware/test/utests/build/tests/DrmSessionManagerTests/DrmSessionManagerTests "--gtest_filter=DrmSessionManagerComplexTests.OpencdmConstructionFailureTest" "--gtest_also_run_disabled_tests"</FullCommandLine>
			<Results>
				<NamedMeasurement type="numeric/double" name="Execution Time">
					<Value>0.060054</Value>
				</NamedMeasurement>
				<NamedMeasurement type="numeric/double" name="Processors">
					<Value>1</Value>
				</NamedMeasurement>
				<NamedMeasurement type="text/string" name="Completion Status">
					<Value>Completed</Value>
				</NamedMeasurement>
				<NamedMeasurement type="text/string" name="Command Line">
					<Value>/Users/pstrof200@cable.comcast.com/Documents/rdke/aamp/middleware/test/utests/build/tests/DrmSessionManagerTests/DrmSessionManagerTests "--gtest_filter=DrmSessionManagerComplexTests.OpencdmConstructionFailureTest" "--gtest_also_run_disabled_tests"</Value>
				</NamedMeasurement>
				<NamedMeasurement type="text/string" name="Environment">
					<Value>#CTEST_RESOURCE_GROUP_COUNT=</Value>
				</NamedMeasurement>
				<Measurement>
					<Value>Note: Google Test filter = DrmSessionManagerComplexTests.OpencdmConstructionFailureTest
[==========] Running 1 test from 1 test suite.
[----------] Global test environment set-up.
[----------] 1 test from DrmSessionManagerComplexTests
[ RUN      ] DrmSessionManagerComplexTests.OpencdmConstructionFailureTest
[PLAYER_IF][000][ERROR][6ca8cc55f4275f83][createHelper][265]creating helper
[PLAYER_IF][001][ERROR][6ca8cc55f4275f83][initializeDrmSession][925]DRM session was not initialized : Key State 6 
[PLAYER_IF][002][ERROR][6ca8cc55f4275f83][initializeDrmSession][933]OCDM session construction failed: Key State 6 
[PLAYER_IF][003][WARN][6ca8cc55f4275f83][clearSessionData][107] DrmSessionManager:: Clearing session data
[       OK ] DrmSessionManagerComplexTests.OpencdmConstructionFailureTest (0 ms)
[----------] 1 test from DrmSessionManagerComplexTests (0 ms total)

[----------] Global test environment tear-down
[==========] 1 test from 1 test suite ran. (0 ms total)
[  PASSED  ] 1 test.
</Value>
				</Measurement>
			</Results>
		</Test>
		<EndDateTime>Jan 27 11:52 EST</EndDateTime>
		<EndTestTime>1769532721</EndTestTime>
		<ElapsedMinutes>0</ElapsedMinutes>
	</Testing>
</Site>
