Start testing: Jan 27 11:51 EST
----------------------------------------------------------
281/406 Testing: InterfacePlayerTest:InterfacePlayerTests.StopBuffering_GstElementGetStateFailure
281/406 Test: InterfacePlayerTest:InterfacePlayerTests.StopBuffering_GstElementGetStateFailure
Command: "/Users/pstrof200@cable.comcast.com/Documents/rdke/aamp/middleware/test/utests/build/tests/InterfacePlayerTests/InterfacePlayerTest" "--gtest_filter=InterfacePlayerTests.StopBuffering_GstElementGetStateFailure" "--gtest_also_run_disabled_tests"
Directory: /Users/pstrof200@cable.comcast.com/Documents/rdke/aamp/middleware/test/utests/build/tests/InterfacePlayerTests
"InterfacePlayerTest:InterfacePlayerTests.StopBuffering_GstElementGetStateFailure" start time: Jan 27 11:51 EST
Output:
----------------------------------------------------------
Note: Google Test filter = InterfacePlayerTests.StopBuffering_GstElementGetStateFailure
[==========] Running 1 test from 1 test suite.
[----------] Global test environment set-up.
[----------] 1 test from InterfacePlayerTests
[ RUN      ] InterfacePlayerTests.StopBuffering_GstElementGetStateFailure
1769532713.665: [PLAYER_IF][000][MIL][6ca8cc55f4275f83][StopBuffering][2881]Enough data available to stop buffering, frames 6 !
1769532713.665: [PLAYER_IF][001][MIL][6ca8cc55f4275f83][DestroyPipeline][1074]Interface Destroying gstreamer pipeline
[       OK ] InterfacePlayerTests.StopBuffering_GstElementGetStateFailure (0 ms)
[----------] 1 test from InterfacePlayerTests (0 ms total)

[----------] Global test environment tear-down
[==========] 1 test from 1 test suite ran. (0 ms total)
[  PASSED  ] 1 test.
<end of output>
Test time =   0.07 sec
----------------------------------------------------------
Test Passed.
"InterfacePlayerTest:InterfacePlayerTests.StopBuffering_GstElementGetStateFailure" end time: Jan 27 11:51 EST
"InterfacePlayerTest:InterfacePlayerTests.StopBuffering_GstElementGetStateFailure" time elapsed: 00:00:00
----------------------------------------------------------

243/406 Testing: InterfacePlayerTest:InterfacePlayerTests.SendGstEvents_ProtectionEventOtherTrack
243/406 Test: InterfacePlayerTest:InterfacePlayerTests.SendGstEvents_ProtectionEventOtherTrack
Command: "/Users/pstrof200@cable.comcast.com/Documents/rdke/aamp/middleware/test/utests/build/tests/InterfacePlayerTests/InterfacePlayerTest" "--gtest_filter=InterfacePlayerTests.SendGstEvents_ProtectionEventOtherTrack" "--gtest_also_run_disabled_tests"
Directory: /Users/pstrof200@cable.comcast.com/Documents/rdke/aamp/middleware/test/utests/build/tests/InterfacePlayerTests
"InterfacePlayerTest:InterfacePlayerTests.SendGstEvents_ProtectionEventOtherTrack" start time: Jan 27 11:51 EST
Output:
----------------------------------------------------------
Note: Google Test filter = InterfacePlayerTests.SendGstEvents_ProtectionEventOtherTrack
[==========] Running 1 test from 1 test suite.
[----------] Global test environment set-up.
[----------] 1 test from InterfacePlayerTests
[ RUN      ] InterfacePlayerTests.SendGstEvents_ProtectionEventOtherTrack
1769532713.727: [PLAYER_IF][000][ERROR][6ca8cc55f4275f83][SendQtDemuxOverrideEvent][2546]Error on sending qtdemux override event
1769532713.727: [PLAYER_IF][001][MIL][6ca8cc55f4275f83][SendGstEvents][2504]pushing protection event! mediatype: 0
1769532713.727: [PLAYER_IF][002][ERROR][6ca8cc55f4275f83][SendGstEvents][2507]push protection event failed!
[       OK ] InterfacePlayerTests.SendGstEvents_ProtectionEventOtherTrack (0 ms)
[----------] 1 test from InterfacePlayerTests (0 ms total)

[----------] Global test environment tear-down
[==========] 1 test from 1 test suite ran. (0 ms total)
[  PASSED  ] 1 test.
<end of output>
Test time =   0.06 sec
----------------------------------------------------------
Test Passed.
"InterfacePlayerTest:InterfacePlayerTests.SendGstEvents_ProtectionEventOtherTrack" end time: Jan 27 11:51 EST
"InterfacePlayerTest:InterfacePlayerTests.SendGstEvents_ProtectionEventOtherTrack" time elapsed: 00:00:00
----------------------------------------------------------

284/406 Testing: InterfacePlayerTest:InterfacePlayerTests.WaitForSourceSetup_PauseInjector
284/406 Test: InterfacePlayerTest:InterfacePlayerTests.WaitForSourceSetup_PauseInjector
Command: "/Users/pstrof200@cable.comcast.com/Documents/rdke/aamp/middleware/test/utests/build/tests/InterfacePlayerTests/InterfacePlayerTest" "--gtest_filter=InterfacePlayerTests.WaitForSourceSetup_PauseInjector" "--gtest_also_run_disabled_tests"
Directory: /Users/pstrof200@cable.comcast.com/Documents/rdke/aamp/middleware/test/utests/build/tests/InterfacePlayerTests
"InterfacePlayerTest:InterfacePlayerTests.WaitForSourceSetup_PauseInjector" start time: Jan 27 11:51 EST
Output:
----------------------------------------------------------
Note: Google Test filter = InterfacePlayerTests.WaitForSourceSetup_PauseInjector
[==========] Running 1 test from 1 test suite.
[----------] Global test environment set-up.
[----------] 1 test from InterfacePlayerTests
[ RUN      ] InterfacePlayerTests.WaitForSourceSetup_PauseInjector
1769532713.664: [PLAYER_IF][000][WARN][6ca8cc55f4275f83][WaitForSourceSetup][2937]Source element[0x0] for track[0] not configured, waiting for setup!
1769532713.769: [PLAYER_IF][001][WARN][6ca8cc55f4275f83][WaitForSourceSetup][2966]Wait for source element setup for track[0] exited/timed out!
[       OK ] InterfacePlayerTests.WaitForSourceSetup_PauseInjector (106 ms)
[----------] 1 test from InterfacePlayerTests (106 ms total)

[----------] Global test environment tear-down
[==========] 1 test from 1 test suite ran. (106 ms total)
[  PASSED  ] 1 test.
<end of output>
Test time =   0.18 sec
----------------------------------------------------------
Test Passed.
"InterfacePlayerTest:InterfacePlayerTests.WaitForSourceSetup_PauseInjector" end time: Jan 27 11:51 EST
"InterfacePlayerTest:InterfacePlayerTests.WaitForSourceSetup_PauseInjector" time elapsed: 00:00:00
----------------------------------------------------------

314/406 Testing: InterfacePlayerTest:InterfacePlayerTests.IdleTaskClearFlags_Success
314/406 Test: InterfacePlayerTest:InterfacePlayerTests.IdleTaskClearFlags_Success
Command: "/Users/pstrof200@cable.comcast.com/Documents/rdke/aamp/middleware/test/utests/build/tests/InterfacePlayerTests/InterfacePlayerTest" "--gtest_filter=InterfacePlayerTests.IdleTaskClearFlags_Success" "--gtest_also_run_disabled_tests"
Directory: /Users/pstrof200@cable.comcast.com/Documents/rdke/aamp/middleware/test/utests/build/tests/InterfacePlayerTests
"InterfacePlayerTest:InterfacePlayerTests.IdleTaskClearFlags_Success" start time: Jan 27 11:51 EST
Output:
----------------------------------------------------------
Note: Google Test filter = InterfacePlayerTests.IdleTaskClearFlags_Success
[==========] Running 1 test from 1 test suite.
[----------] Global test environment set-up.
[----------] 1 test from InterfacePlayerTests
[ RUN      ] InterfacePlayerTests.IdleTaskClearFlags_Success
1769532713.789: [PLAYER_IF][000][INFO][6ca8cc55f4275f83][IdleTaskClearFlags][3621]InterfacePlayerRDK: Clear task control flags <TestTask> with ID 1
[       OK ] InterfacePlayerTests.IdleTaskClearFlags_Success (0 ms)
[----------] 1 test from InterfacePlayerTests (0 ms total)

[----------] Global test environment tear-down
[==========] 1 test from 1 test suite ran. (0 ms total)
[  PASSED  ] 1 test.
<end of output>
Test time =   0.06 sec
----------------------------------------------------------
Test Passed.
"InterfacePlayerTest:InterfacePlayerTests.IdleTaskClearFlags_Success" end time: Jan 27 11:51 EST
"InterfacePlayerTest:InterfacePlayerTests.IdleTaskClearFlags_Success" time elapsed: 00:00:00
----------------------------------------------------------

241/406 Testing: InterfacePlayerTest:InterfacePlayerTests.SendGstEvents_PendingSeek
241/406 Test: InterfacePlayerTest:InterfacePlayerTests.SendGstEvents_PendingSeek
Command: "/Users/pstrof200@cable.comcast.com/Documents/rdke/aamp/middleware/test/utests/build/tests/InterfacePlayerTests/InterfacePlayerTest" "--gtest_filter=InterfacePlayerTests.SendGstEvents_PendingSeek" "--gtest_also_run_disabled_tests"
Directory: /Users/pstrof200@cable.comcast.com/Documents/rdke/aamp/middleware/test/utests/build/tests/InterfacePlayerTests
"InterfacePlayerTest:InterfacePlayerTests.SendGstEvents_PendingSeek" start time: Jan 27 11:51 EST
Output:
----------------------------------------------------------
Note: Google Test filter = InterfacePlayerTests.SendGstEvents_PendingSeek
[==========] Running 1 test from 1 test suite.
[----------] Global test environment set-up.
[----------] 1 test from InterfacePlayerTests
[ RUN      ] InterfacePlayerTests.SendGstEvents_PendingSeek
1769532713.832: [PLAYER_IF][000][MIL][6ca8cc55f4275f83][SendGstEvents][2447]gst_element_seek_simple! mediaType:0 pts:0:00:00.000001000 seekPosition:0:00:10.000000000
[       OK ] InterfacePlayerTests.SendGstEvents_PendingSeek (0 ms)
[----------] 1 test from InterfacePlayerTests (0 ms total)

[----------] Global test environment tear-down
[==========] 1 test from 1 test suite ran. (0 ms total)
[  PASSED  ] 1 test.
<end of output>
Test time =   0.06 sec
----------------------------------------------------------
Test Passed.
"InterfacePlayerTest:InterfacePlayerTests.SendGstEvents_PendingSeek" end time: Jan 27 11:51 EST
"InterfacePlayerTest:InterfacePlayerTests.SendGstEvents_PendingSeek" time elapsed: 00:00:00
----------------------------------------------------------

359/406 Testing: InterfacePlayerTest:InterfacePlayerTests.SetStreamCaps_EncryptedAudioCodecFormat
359/406 Test: InterfacePlayerTest:InterfacePlayerTests.SetStreamCaps_EncryptedAudioCodecFormat
Command: "/Users/pstrof200@cable.comcast.com/Documents/rdke/aamp/middleware/test/utests/build/tests/InterfacePlayerTests/InterfacePlayerTest" "--gtest_filter=InterfacePlayerTests.SetStreamCaps_EncryptedAudioCodecFormat" "--gtest_also_run_disabled_tests"
Directory: /Users/pstrof200@cable.comcast.com/Documents/rdke/aamp/middleware/test/utests/build/tests/InterfacePlayerTests
"InterfacePlayerTest:InterfacePlayerTests.SetStreamCaps_EncryptedAudioCodecFormat" start time: Jan 27 11:51 EST
Output:
----------------------------------------------------------
Note: Google Test filter = InterfacePlayerTests.SetStreamCaps_EncryptedAudioCodecFormat
[==========] Running 1 test from 1 test suite.
[----------] Global test environment set-up.
[----------] 1 test from InterfacePlayerTests
[ RUN      ] InterfacePlayerTests.SetStreamCaps_EncryptedAudioCodecFormat
1769532713.850: [PLAYER_IF][000][MIL][6ca8cc55f4275f83][SetStreamCaps][5371]Setting stream caps for type[1] format[5]: (null)
[       OK ] InterfacePlayerTests.SetStreamCaps_EncryptedAudioCodecFormat (0 ms)
[----------] 1 test from InterfacePlayerTests (0 ms total)

[----------] Global test environment tear-down
[==========] 1 test from 1 test suite ran. (0 ms total)
[  PASSED  ] 1 test.
<end of output>
Test time =   0.06 sec
----------------------------------------------------------
Test Passed.
"InterfacePlayerTest:InterfacePlayerTests.SetStreamCaps_EncryptedAudioCodecFormat" end time: Jan 27 11:51 EST
"InterfacePlayerTest:InterfacePlayerTests.SetStreamCaps_EncryptedAudioCodecFormat" time elapsed: 00:00:00
----------------------------------------------------------

282/406 Testing: InterfacePlayerTest:InterfacePlayerTests.WaitForSourceSetup_Success
282/406 Test: InterfacePlayerTest:InterfacePlayerTests.WaitForSourceSetup_Success
Command: "/Users/pstrof200@cable.comcast.com/Documents/rdke/aamp/middleware/test/utests/build/tests/InterfacePlayerTests/InterfacePlayerTest" "--gtest_filter=InterfacePlayerTests.WaitForSourceSetup_Success" "--gtest_also_run_disabled_tests"
Directory: /Users/pstrof200@cable.comcast.com/Documents/rdke/aamp/middleware/test/utests/build/tests/InterfacePlayerTests
"InterfacePlayerTest:InterfacePlayerTests.WaitForSourceSetup_Success" start time: Jan 27 11:51 EST
Output:
----------------------------------------------------------
Note: Google Test filter = InterfacePlayerTests.WaitForSourceSetup_Success
[==========] Running 1 test from 1 test suite.
[----------] Global test environment set-up.
[----------] 1 test from InterfacePlayerTests
[ RUN      ] InterfacePlayerTests.WaitForSourceSetup_Success
1769532713.664: [PLAYER_IF][000][WARN][6ca8cc55f4275f83][WaitForSourceSetup][2937]Source element[0x0] for track[0] not configured, waiting for setup!
1769532713.867: [PLAYER_IF][001][MIL][6ca8cc55f4275f83][WaitForSourceSetup][2953]Source element[0x0] for track[0] setup completed!
[       OK ] InterfacePlayerTests.WaitForSourceSetup_Success (203 ms)
[----------] 1 test from InterfacePlayerTests (203 ms total)

[----------] Global test environment tear-down
[==========] 1 test from 1 test suite ran. (203 ms total)
[  PASSED  ] 1 test.
<end of output>
Test time =   0.28 sec
----------------------------------------------------------
Test Passed.
"InterfacePlayerTest:InterfacePlayerTests.WaitForSourceSetup_Success" end time: Jan 27 11:51 EST
"InterfacePlayerTest:InterfacePlayerTests.WaitForSourceSetup_Success" time elapsed: 00:00:00
----------------------------------------------------------

226/406 Testing: InterfacePlayerTest:InterfacePlayerTests.IsUsingRialtoSink_true
226/406 Test: InterfacePlayerTest:InterfacePlayerTests.IsUsingRialtoSink_true
Command: "/Users/pstrof200@cable.comcast.com/Documents/rdke/aamp/middleware/test/utests/build/tests/InterfacePlayerTests/InterfacePlayerTest" "--gtest_filter=InterfacePlayerTests.IsUsingRialtoSink_true" "--gtest_also_run_disabled_tests"
Directory: /Users/pstrof200@cable.comcast.com/Documents/rdke/aamp/middleware/test/utests/build/tests/InterfacePlayerTests
"InterfacePlayerTest:InterfacePlayerTests.IsUsingRialtoSink_true" start time: Jan 27 11:51 EST
Output:
----------------------------------------------------------
Note: Google Test filter = InterfacePlayerTests.IsUsingRialtoSink_true
[==========] Running 1 test from 1 test suite.
[----------] Global test environment set-up.
[----------] 1 test from InterfacePlayerTests
[ RUN      ] InterfacePlayerTests.IsUsingRialtoSink_true
[       OK ] InterfacePlayerTests.IsUsingRialtoSink_true (0 ms)
[----------] 1 test from InterfacePlayerTests (0 ms total)

[----------] Global test environment tear-down
[==========] 1 test from 1 test suite ran. (0 ms total)
[  PASSED  ] 1 test.
<end of output>
Test time =   0.07 sec
----------------------------------------------------------
Test Passed.
"InterfacePlayerTest:InterfacePlayerTests.IsUsingRialtoSink_true" end time: Jan 27 11:51 EST
"InterfacePlayerTest:InterfacePlayerTests.IsUsingRialtoSink_true" time elapsed: 00:00:00
----------------------------------------------------------

224/406 Testing: InterfacePlayerTest:InterfacePlayerTests.IdleTaskRemove_TaskExists
224/406 Test: InterfacePlayerTest:InterfacePlayerTests.IdleTaskRemove_TaskExists
Command: "/Users/pstrof200@cable.comcast.com/Documents/rdke/aamp/middleware/test/utests/build/tests/InterfacePlayerTests/InterfacePlayerTest" "--gtest_filter=InterfacePlayerTests.IdleTaskRemove_TaskExists" "--gtest_also_run_disabled_tests"
Directory: /Users/pstrof200@cable.comcast.com/Documents/rdke/aamp/middleware/test/utests/build/tests/InterfacePlayerTests
"InterfacePlayerTest:InterfacePlayerTests.IdleTaskRemove_TaskExists" start time: Jan 27 11:51 EST
Output:
----------------------------------------------------------
Note: Google Test filter = InterfacePlayerTests.IdleTaskRemove_TaskExists
[==========] Running 1 test from 1 test suite.
[----------] Global test environment set-up.
[----------] 1 test from InterfacePlayerTests
[ RUN      ] InterfacePlayerTests.IdleTaskRemove_TaskExists
1769532713.918: [PLAYER_IF][000][INFO][6ca8cc55f4275f83][IdleTaskRemove][1535]InterfacePlayerRDK: Remove task <TestTask> with ID 1
[       OK ] InterfacePlayerTests.IdleTaskRemove_TaskExists (0 ms)
[----------] 1 test from InterfacePlayerTests (0 ms total)

[----------] Global test environment tear-down
[==========] 1 test from 1 test suite ran. (0 ms total)
[  PASSED  ] 1 test.
<end of output>
Test time =   0.07 sec
----------------------------------------------------------
Test Passed.
"InterfacePlayerTest:InterfacePlayerTests.IdleTaskRemove_TaskExists" end time: Jan 27 11:51 EST
"InterfacePlayerTest:InterfacePlayerTests.IdleTaskRemove_TaskExists" time elapsed: 00:00:00
----------------------------------------------------------

327/406 Testing: InterfacePlayerTest:InterfacePlayerTests.TriggerEventWithData_CallbackDoesNotExist
327/406 Test: InterfacePlayerTest:InterfacePlayerTests.TriggerEventWithData_CallbackDoesNotExist
Command: "/Users/pstrof200@cable.comcast.com/Documents/rdke/aamp/middleware/test/utests/build/tests/InterfacePlayerTests/InterfacePlayerTest" "--gtest_filter=InterfacePlayerTests.TriggerEventWithData_CallbackDoesNotExist" "--gtest_also_run_disabled_tests"
Directory: /Users/pstrof200@cable.comcast.com/Documents/rdke/aamp/middleware/test/utests/build/tests/InterfacePlayerTests
"InterfacePlayerTest:InterfacePlayerTests.TriggerEventWithData_CallbackDoesNotExist" start time: Jan 27 11:51 EST
Output:
----------------------------------------------------------
Note: Google Test filter = InterfacePlayerTests.TriggerEventWithData_CallbackDoesNotExist
[==========] Running 1 test from 1 test suite.
[----------] Global test environment set-up.
[----------] 1 test from InterfacePlayerTests
[ RUN      ] InterfacePlayerTests.TriggerEventWithData_CallbackDoesNotExist
1769532713.937: [PLAYER_IF][000][ERROR][6ca8cc55f4275f83][TriggerEvent][3767]Unknown event - No callback registered!
[       OK ] InterfacePlayerTests.TriggerEventWithData_CallbackDoesNotExist (0 ms)
[----------] 1 test from InterfacePlayerTests (0 ms total)

[----------] Global test environment tear-down
[==========] 1 test from 1 test suite ran. (0 ms total)
[  PASSED  ] 1 test.
<end of output>
Test time =   0.07 sec
----------------------------------------------------------
Test Passed.
"InterfacePlayerTest:InterfacePlayerTests.TriggerEventWithData_CallbackDoesNotExist" end time: Jan 27 11:51 EST
"InterfacePlayerTest:InterfacePlayerTests.TriggerEventWithData_CallbackDoesNotExist" time elapsed: 00:00:00
----------------------------------------------------------

308/406 Testing: InterfacePlayerTest:InterfacePlayerTests.CheckDiscontinuity_EnablePTSReStamp_NoCodecChange
308/406 Test: InterfacePlayerTest:InterfacePlayerTests.CheckDiscontinuity_EnablePTSReStamp_NoCodecChange
Command: "/Users/pstrof200@cable.comcast.com/Documents/rdke/aamp/middleware/test/utests/build/tests/InterfacePlayerTests/InterfacePlayerTest" "--gtest_filter=InterfacePlayerTests.CheckDiscontinuity_EnablePTSReStamp_NoCodecChange" "--gtest_also_run_disabled_tests"
Directory: /Users/pstrof200@cable.comcast.com/Documents/rdke/aamp/middleware/test/utests/build/tests/InterfacePlayerTests
"InterfacePlayerTest:InterfacePlayerTests.CheckDiscontinuity_EnablePTSReStamp_NoCodecChange" start time: Jan 27 11:51 EST
Output:
----------------------------------------------------------
Note: Google Test filter = InterfacePlayerTests.CheckDiscontinuity_EnablePTSReStamp_NoCodecChange
[==========] Running 1 test from 1 test suite.
[----------] Global test environment set-up.
[----------] 1 test from InterfacePlayerTests
[ RUN      ] InterfacePlayerTests.CheckDiscontinuity_EnablePTSReStamp_NoCodecChange
1769532713.964: [PLAYER_IF][000][MIL][6ca8cc55f4275f83][CheckDiscontinuity][3541]Entering InterfacePlayerRDK: type(0) format(2) firstBufferProcessed(1)
1769532713.964: [PLAYER_IF][001][DEBUG][6ca8cc55f4275f83][CheckDiscontinuity][3550]stream->format 2, stream->firstBufferProcessed 1
[       OK ] InterfacePlayerTests.CheckDiscontinuity_EnablePTSReStamp_NoCodecChange (0 ms)
[----------] 1 test from InterfacePlayerTests (0 ms total)

[----------] Global test environment tear-down
[==========] 1 test from 1 test suite ran. (0 ms total)
[  PASSED  ] 1 test.
<end of output>
Test time =   0.07 sec
----------------------------------------------------------
Test Passed.
"InterfacePlayerTest:InterfacePlayerTests.CheckDiscontinuity_EnablePTSReStamp_NoCodecChange" end time: Jan 27 11:51 EST
"InterfacePlayerTest:InterfacePlayerTests.CheckDiscontinuity_EnablePTSReStamp_NoCodecChange" time elapsed: 00:00:00
----------------------------------------------------------

355/406 Testing: InterfacePlayerTest:InterfacePlayerTests.GstPlayer_isVideoOrAudioDecoder_NotDecoder
355/406 Test: InterfacePlayerTest:InterfacePlayerTests.GstPlayer_isVideoOrAudioDecoder_NotDecoder
Command: "/Users/pstrof200@cable.comcast.com/Documents/rdke/aamp/middleware/test/utests/build/tests/InterfacePlayerTests/InterfacePlayerTest" "--gtest_filter=InterfacePlayerTests.GstPlayer_isVideoOrAudioDecoder_NotDecoder" "--gtest_also_run_disabled_tests"
Directory: /Users/pstrof200@cable.comcast.com/Documents/rdke/aamp/middleware/test/utests/build/tests/InterfacePlayerTests
"InterfacePlayerTest:InterfacePlayerTests.GstPlayer_isVideoOrAudioDecoder_NotDecoder" start time: Jan 27 11:51 EST
Output:
----------------------------------------------------------
Note: Google Test filter = InterfacePlayerTests.GstPlayer_isVideoOrAudioDecoder_NotDecoder
[==========] Running 1 test from 1 test suite.
[----------] Global test environment set-up.
[----------] 1 test from InterfacePlayerTests
[ RUN      ] InterfacePlayerTests.GstPlayer_isVideoOrAudioDecoder_NotDecoder
[       OK ] InterfacePlayerTests.GstPlayer_isVideoOrAudioDecoder_NotDecoder (0 ms)
[----------] 1 test from InterfacePlayerTests (0 ms total)

[----------] Global test environment tear-down
[==========] 1 test from 1 test suite ran. (0 ms total)
[  PASSED  ] 1 test.
<end of output>
Test time =   0.07 sec
----------------------------------------------------------
Test Passed.
"InterfacePlayerTest:InterfacePlayerTests.GstPlayer_isVideoOrAudioDecoder_NotDecoder" end time: Jan 27 11:51 EST
"InterfacePlayerTest:InterfacePlayerTests.GstPlayer_isVideoOrAudioDecoder_NotDecoder" time elapsed: 00:00:00
----------------------------------------------------------

287/406 Testing: InterfacePlayerTest:InterfacePlayerTests.PauseInjector_SetsPauseInjectorToTrue
287/406 Test: InterfacePlayerTest:InterfacePlayerTests.PauseInjector_SetsPauseInjectorToTrue
Command: "/Users/pstrof200@cable.comcast.com/Documents/rdke/aamp/middleware/test/utests/build/tests/InterfacePlayerTests/InterfacePlayerTest" "--gtest_filter=InterfacePlayerTests.PauseInjector_SetsPauseInjectorToTrue" "--gtest_also_run_disabled_tests"
Directory: /Users/pstrof200@cable.comcast.com/Documents/rdke/aamp/middleware/test/utests/build/tests/InterfacePlayerTests
"InterfacePlayerTest:InterfacePlayerTests.PauseInjector_SetsPauseInjectorToTrue" start time: Jan 27 11:51 EST
Output:
----------------------------------------------------------
Note: Google Test filter = InterfacePlayerTests.PauseInjector_SetsPauseInjectorToTrue
[==========] Running 1 test from 1 test suite.
[----------] Global test environment set-up.
[----------] 1 test from InterfacePlayerTests
[ RUN      ] InterfacePlayerTests.PauseInjector_SetsPauseInjectorToTrue
[       OK ] InterfacePlayerTests.PauseInjector_SetsPauseInjectorToTrue (0 ms)
[----------] 1 test from InterfacePlayerTests (0 ms total)

[----------] Global test environment tear-down
[==========] 1 test from 1 test suite ran. (0 ms total)
[  PASSED  ] 1 test.
<end of output>
Test time =   0.07 sec
----------------------------------------------------------
Test Passed.
"InterfacePlayerTest:InterfacePlayerTests.PauseInjector_SetsPauseInjectorToTrue" end time: Jan 27 11:51 EST
"InterfacePlayerTest:InterfacePlayerTests.PauseInjector_SetsPauseInjectorToTrue" time elapsed: 00:00:00
----------------------------------------------------------

323/406 Testing: InterfacePlayerTest:InterfacePlayerTests.NotifyFirstFrame_AudioType_FirstFrameNotReceived
323/406 Test: InterfacePlayerTest:InterfacePlayerTests.NotifyFirstFrame_AudioType_FirstFrameNotReceived
Command: "/Users/pstrof200@cable.comcast.com/Documents/rdke/aamp/middleware/test/utests/build/tests/InterfacePlayerTests/InterfacePlayerTest" "--gtest_filter=InterfacePlayerTests.NotifyFirstFrame_AudioType_FirstFrameNotReceived" "--gtest_also_run_disabled_tests"
Directory: /Users/pstrof200@cable.comcast.com/Documents/rdke/aamp/middleware/test/utests/build/tests/InterfacePlayerTests
"InterfacePlayerTest:InterfacePlayerTests.NotifyFirstFrame_AudioType_FirstFrameNotReceived" start time: Jan 27 11:51 EST
Output:
----------------------------------------------------------
Note: Google Test filter = InterfacePlayerTests.NotifyFirstFrame_AudioType_FirstFrameNotReceived
[==========] Running 1 test from 1 test suite.
[----------] Global test environment set-up.
[----------] 1 test from InterfacePlayerTests
[ RUN      ] InterfacePlayerTests.NotifyFirstFrame_AudioType_FirstFrameNotReceived
1769532714.033: [PLAYER_IF][000][MIL][6ca8cc55f4275f83][NotifyFirstFrame][3726]OnFirstAudioFrame. got First Audio Frame
[       OK ] InterfacePlayerTests.NotifyFirstFrame_AudioType_FirstFrameNotReceived (0 ms)
[----------] 1 test from InterfacePlayerTests (0 ms total)

[----------] Global test environment tear-down
[==========] 1 test from 1 test suite ran. (0 ms total)
[  PASSED  ] 1 test.
<end of output>
Test time =   0.07 sec
----------------------------------------------------------
Test Passed.
"InterfacePlayerTest:InterfacePlayerTests.NotifyFirstFrame_AudioType_FirstFrameNotReceived" end time: Jan 27 11:51 EST
"InterfacePlayerTest:InterfacePlayerTests.NotifyFirstFrame_AudioType_FirstFrameNotReceived" time elapsed: 00:00:00
----------------------------------------------------------

217/406 Testing: InterfacePlayerTest:InterfacePlayerTests.TearDownStreamTest_misc
217/406 Test: InterfacePlayerTest:InterfacePlayerTests.TearDownStreamTest_misc
Command: "/Users/pstrof200@cable.comcast.com/Documents/rdke/aamp/middleware/test/utests/build/tests/InterfacePlayerTests/InterfacePlayerTest" "--gtest_filter=InterfacePlayerTests.TearDownStreamTest_misc" "--gtest_also_run_disabled_tests"
Directory: /Users/pstrof200@cable.comcast.com/Documents/rdke/aamp/middleware/test/utests/build/tests/InterfacePlayerTests
"InterfacePlayerTest:InterfacePlayerTests.TearDownStreamTest_misc" start time: Jan 27 11:51 EST
Output:
----------------------------------------------------------
Note: Google Test filter = InterfacePlayerTests.TearDownStreamTest_misc
[==========] Running 1 test from 1 test suite.
[----------] Global test environment set-up.
[----------] 1 test from InterfacePlayerTests
[ RUN      ] InterfacePlayerTests.TearDownStreamTest_misc
1769532714.053: [PLAYER_IF][000][MIL][6ca8cc55f4275f83][TearDownStream][1387]InterfacePlayerRDK::TearDownStream: exit mediaType = 1
1769532714.053: [PLAYER_IF][001][MIL][6ca8cc55f4275f83][TearDownStream][1387]InterfacePlayerRDK::TearDownStream: exit mediaType = 2
[       OK ] InterfacePlayerTests.TearDownStreamTest_misc (0 ms)
[----------] 1 test from InterfacePlayerTests (0 ms total)

[----------] Global test environment tear-down
[==========] 1 test from 1 test suite ran. (0 ms total)
[  PASSED  ] 1 test.
<end of output>
Test time =   0.07 sec
----------------------------------------------------------
Test Passed.
"InterfacePlayerTest:InterfacePlayerTests.TearDownStreamTest_misc" end time: Jan 27 11:51 EST
"InterfacePlayerTest:InterfacePlayerTests.TearDownStreamTest_misc" time elapsed: 00:00:00
----------------------------------------------------------

343/406 Testing: InterfacePlayerTest:InterfacePlayerTests.NotifyFragmentCachingComplete_SetStateFailure
343/406 Test: InterfacePlayerTest:InterfacePlayerTests.NotifyFragmentCachingComplete_SetStateFailure
Command: "/Users/pstrof200@cable.comcast.com/Documents/rdke/aamp/middleware/test/utests/build/tests/InterfacePlayerTests/InterfacePlayerTest" "--gtest_filter=InterfacePlayerTests.NotifyFragmentCachingComplete_SetStateFailure" "--gtest_also_run_disabled_tests"
Directory: /Users/pstrof200@cable.comcast.com/Documents/rdke/aamp/middleware/test/utests/build/tests/InterfacePlayerTests
"InterfacePlayerTest:InterfacePlayerTests.NotifyFragmentCachingComplete_SetStateFailure" start time: Jan 27 11:51 EST
Output:
----------------------------------------------------------
Note: Google Test filter = InterfacePlayerTests.NotifyFragmentCachingComplete_SetStateFailure
[==========] Running 1 test from 1 test suite.
[----------] Global test environment set-up.
[----------] 1 test from InterfacePlayerTests
[ RUN      ] InterfacePlayerTests.NotifyFragmentCachingComplete_SetStateFailure
1769532714.075: [PLAYER_IF][000][MIL][6ca8cc55f4275f83][NotifyFragmentCachingComplete][4972]InterfacePlayer: Setting pipeline to PLAYING state 
1769532714.075: [PLAYER_IF][001][ERROR][6ca8cc55f4275f83][SetStateWithWarnings][1281]InterfacePlayerRDK: pipeline is in FAILURE state : current error  pending error
1769532714.075: [PLAYER_IF][002][MIL][6ca8cc55f4275f83][LogStatus][1255]InterfacePlayerRDK: pipeline Status: 
1769532714.075: [PLAYER_IF][003][DEBUG][6ca8cc55f4275f83][SetStateWithWarnings][1305]InterfacePlayerRDK: Attempting to set pipeline state to GST_STATE_PLAYING
1769532714.075: [PLAYER_IF][004][DEBUG][6ca8cc55f4275f83][SetStateWithWarnings][1314] InterfacePlayerRDK: pipeline state set to GST_STATE_PLAYING, rc:0
1769532714.075: [PLAYER_IF][005][ERROR][6ca8cc55f4275f83][NotifyFragmentCachingComplete][4976]InterfacePlayer_Configure GST_STATE_PLAYING failed
1769532714.075: [PLAYER_IF][006][MIL][6ca8cc55f4275f83][DestroyPipeline][1074]Interface Destroying gstreamer pipeline
[       OK ] InterfacePlayerTests.NotifyFragmentCachingComplete_SetStateFailure (0 ms)
[----------] 1 test from InterfacePlayerTests (0 ms total)

[----------] Global test environment tear-down
[==========] 1 test from 1 test suite ran. (0 ms total)
[  PASSED  ] 1 test.
<end of output>
Test time =   0.07 sec
----------------------------------------------------------
Test Passed.
"InterfacePlayerTest:InterfacePlayerTests.NotifyFragmentCachingComplete_SetStateFailure" end time: Jan 27 11:51 EST
"InterfacePlayerTest:InterfacePlayerTests.NotifyFragmentCachingComplete_SetStateFailure" time elapsed: 00:00:00
----------------------------------------------------------

237/406 Testing: InterfacePlayerTest:InterfacePlayerTests.SignalConnect_Success
237/406 Test: InterfacePlayerTest:InterfacePlayerTests.SignalConnect_Success
Command: "/Users/pstrof200@cable.comcast.com/Documents/rdke/aamp/middleware/test/utests/build/tests/InterfacePlayerTests/InterfacePlayerTest" "--gtest_filter=InterfacePlayerTests.SignalConnect_Success" "--gtest_also_run_disabled_tests"
Directory: /Users/pstrof200@cable.comcast.com/Documents/rdke/aamp/middleware/test/utests/build/tests/InterfacePlayerTests
"InterfacePlayerTest:InterfacePlayerTests.SignalConnect_Success" start time: Jan 27 11:51 EST
Output:
----------------------------------------------------------
Note: Google Test filter = InterfacePlayerTests.SignalConnect_Success
[==========] Running 1 test from 1 test suite.
[----------] Global test environment set-up.
[----------] 1 test from InterfacePlayerTests
[ RUN      ] InterfacePlayerTests.SignalConnect_Success
1769532714.100: [PLAYER_IF][000][MIL][6ca8cc55f4275f83][SignalConnect][1709]InterfacePlayerRDK: Connected test-signal
[       OK ] InterfacePlayerTests.SignalConnect_Success (0 ms)
[----------] 1 test from InterfacePlayerTests (0 ms total)

[----------] Global test environment tear-down
[==========] 1 test from 1 test suite ran. (0 ms total)
[  PASSED  ] 1 test.
<end of output>
Test time =   0.07 sec
----------------------------------------------------------
Test Passed.
"InterfacePlayerTest:InterfacePlayerTests.SignalConnect_Success" end time: Jan 27 11:51 EST
"InterfacePlayerTest:InterfacePlayerTests.SignalConnect_Success" time elapsed: 00:00:00
----------------------------------------------------------

320/406 Testing: InterfacePlayerTest:InterfacePlayerTests.StopCallback_SetAndInvoke
320/406 Test: InterfacePlayerTest:InterfacePlayerTests.StopCallback_SetAndInvoke
Command: "/Users/pstrof200@cable.comcast.com/Documents/rdke/aamp/middleware/test/utests/build/tests/InterfacePlayerTests/InterfacePlayerTest" "--gtest_filter=InterfacePlayerTests.StopCallback_SetAndInvoke" "--gtest_also_run_disabled_tests"
Directory: /Users/pstrof200@cable.comcast.com/Documents/rdke/aamp/middleware/test/utests/build/tests/InterfacePlayerTests
"InterfacePlayerTest:InterfacePlayerTests.StopCallback_SetAndInvoke" start time: Jan 27 11:51 EST
Output:
----------------------------------------------------------
Note: Google Test filter = InterfacePlayerTests.StopCallback_SetAndInvoke
[==========] Running 1 test from 1 test suite.
[----------] Global test environment set-up.
[----------] 1 test from InterfacePlayerTests
[ RUN      ] InterfacePlayerTests.StopCallback_SetAndInvoke
[       OK ] InterfacePlayerTests.StopCallback_SetAndInvoke (0 ms)
[----------] 1 test from InterfacePlayerTests (0 ms total)

[----------] Global test environment tear-down
[==========] 1 test from 1 test suite ran. (0 ms total)
[  PASSED  ] 1 test.
<end of output>
Test time =   0.07 sec
----------------------------------------------------------
Test Passed.
"InterfacePlayerTest:InterfacePlayerTests.StopCallback_SetAndInvoke" end time: Jan 27 11:51 EST
"InterfacePlayerTest:InterfacePlayerTests.StopCallback_SetAndInvoke" time elapsed: 00:00:00
----------------------------------------------------------

309/406 Testing: InterfacePlayerTest:InterfacePlayerTests.TimerAdd_ValidFunctionAndUserData
309/406 Test: InterfacePlayerTest:InterfacePlayerTests.TimerAdd_ValidFunctionAndUserData
Command: "/Users/pstrof200@cable.comcast.com/Documents/rdke/aamp/middleware/test/utests/build/tests/InterfacePlayerTests/InterfacePlayerTest" "--gtest_filter=InterfacePlayerTests.TimerAdd_ValidFunctionAndUserData" "--gtest_also_run_disabled_tests"
Directory: /Users/pstrof200@cable.comcast.com/Documents/rdke/aamp/middleware/test/utests/build/tests/InterfacePlayerTests
"InterfacePlayerTest:InterfacePlayerTests.TimerAdd_ValidFunctionAndUserData" start time: Jan 27 11:51 EST
Output:
----------------------------------------------------------
Note: Google Test filter = InterfacePlayerTests.TimerAdd_ValidFunctionAndUserData
[==========] Running 1 test from 1 test suite.
[----------] Global test environment set-up.
[----------] 1 test from InterfacePlayerTests
[ RUN      ] InterfacePlayerTests.TimerAdd_ValidFunctionAndUserData
1769532714.142: [PLAYER_IF][000][INFO][6ca8cc55f4275f83][TimerAdd][3589]InterfacePlayerRDK: Added timer 'TestTimer', 1
[       OK ] InterfacePlayerTests.TimerAdd_ValidFunctionAndUserData (0 ms)
[----------] 1 test from InterfacePlayerTests (0 ms total)

[----------] Global test environment tear-down
[==========] 1 test from 1 test suite ran. (0 ms total)
[  PASSED  ] 1 test.
<end of output>
Test time =   0.07 sec
----------------------------------------------------------
Test Passed.
"InterfacePlayerTest:InterfacePlayerTests.TimerAdd_ValidFunctionAndUserData" end time: Jan 27 11:51 EST
"InterfacePlayerTest:InterfacePlayerTests.TimerAdd_ValidFunctionAndUserData" time elapsed: 00:00:00
----------------------------------------------------------

213/406 Testing: InterfacePlayerTest:InterfacePlayerTests.GstRemoveProbes
213/406 Test: InterfacePlayerTest:InterfacePlayerTests.GstRemoveProbes
Command: "/Users/pstrof200@cable.comcast.com/Documents/rdke/aamp/middleware/test/utests/build/tests/InterfacePlayerTests/InterfacePlayerTest" "--gtest_filter=InterfacePlayerTests.GstRemoveProbes" "--gtest_also_run_disabled_tests"
Directory: /Users/pstrof200@cable.comcast.com/Documents/rdke/aamp/middleware/test/utests/build/tests/InterfacePlayerTests
"InterfacePlayerTest:InterfacePlayerTests.GstRemoveProbes" start time: Jan 27 11:51 EST
Output:
----------------------------------------------------------
Note: Google Test filter = InterfacePlayerTests.GstRemoveProbes
[==========] Running 1 test from 1 test suite.
[----------] Global test environment set-up.
[----------] 1 test from InterfacePlayerTests
[ RUN      ] InterfacePlayerTests.GstRemoveProbes
1769532714.166: [PLAYER_IF][000][WARN][6ca8cc55f4275f83][RemoveProbe][1058]InterfacePlayerRDK: Removing probe for media type 0, probe id 1234
1769532714.166: [PLAYER_IF][001][WARN][6ca8cc55f4275f83][RemoveProbe][1058]InterfacePlayerRDK: Removing probe for media type 1, probe id 5678
[       OK ] InterfacePlayerTests.GstRemoveProbes (0 ms)
[----------] 1 test from InterfacePlayerTests (0 ms total)

[----------] Global test environment tear-down
[==========] 1 test from 1 test suite ran. (0 ms total)
[  PASSED  ] 1 test.
<end of output>
Test time =   0.06 sec
----------------------------------------------------------
Test Passed.
"InterfacePlayerTest:InterfacePlayerTests.GstRemoveProbes" end time: Jan 27 11:51 EST
"InterfacePlayerTest:InterfacePlayerTests.GstRemoveProbes" time elapsed: 00:00:00
----------------------------------------------------------

335/406 Testing: InterfacePlayerTest:InterfacePlayerTests.SetVideoMute_ValidVideoSink
335/406 Test: InterfacePlayerTest:InterfacePlayerTests.SetVideoMute_ValidVideoSink
Command: "/Users/pstrof200@cable.comcast.com/Documents/rdke/aamp/middleware/test/utests/build/tests/InterfacePlayerTests/InterfacePlayerTest" "--gtest_filter=InterfacePlayerTests.SetVideoMute_ValidVideoSink" "--gtest_also_run_disabled_tests"
Directory: /Users/pstrof200@cable.comcast.com/Documents/rdke/aamp/middleware/test/utests/build/tests/InterfacePlayerTests
"InterfacePlayerTest:InterfacePlayerTests.SetVideoMute_ValidVideoSink" start time: Jan 27 11:51 EST
Output:
----------------------------------------------------------
Note: Google Test filter = InterfacePlayerTests.SetVideoMute_ValidVideoSink
[==========] Running 1 test from 1 test suite.
[----------] Global test environment set-up.
[----------] 1 test from InterfacePlayerTests
[ RUN      ] InterfacePlayerTests.SetVideoMute_ValidVideoSink
1769532714.188: [PLAYER_IF][000][INFO][6ca8cc55f4275f83][SetVideoMute][4616]muted=1 video_sink =0x16b8f2680
[       OK ] InterfacePlayerTests.SetVideoMute_ValidVideoSink (0 ms)
[----------] 1 test from InterfacePlayerTests (0 ms total)

[----------] Global test environment tear-down
[==========] 1 test from 1 test suite ran. (0 ms total)
[  PASSED  ] 1 test.
<end of output>
Test time =   0.07 sec
----------------------------------------------------------
Test Passed.
"InterfacePlayerTest:InterfacePlayerTests.SetVideoMute_ValidVideoSink" end time: Jan 27 11:51 EST
"InterfacePlayerTest:InterfacePlayerTests.SetVideoMute_ValidVideoSink" time elapsed: 00:00:00
----------------------------------------------------------

328/406 Testing: InterfacePlayerTest:InterfacePlayerTests.StartsWithTest
328/406 Test: InterfacePlayerTest:InterfacePlayerTests.StartsWithTest
Command: "/Users/pstrof200@cable.comcast.com/Documents/rdke/aamp/middleware/test/utests/build/tests/InterfacePlayerTests/InterfacePlayerTest" "--gtest_filter=InterfacePlayerTests.StartsWithTest" "--gtest_also_run_disabled_tests"
Directory: /Users/pstrof200@cable.comcast.com/Documents/rdke/aamp/middleware/test/utests/build/tests/InterfacePlayerTests
"InterfacePlayerTest:InterfacePlayerTests.StartsWithTest" start time: Jan 27 11:51 EST
Output:
----------------------------------------------------------
Note: Google Test filter = InterfacePlayerTests.StartsWithTest
[==========] Running 1 test from 1 test suite.
[----------] Global test environment set-up.
[----------] 1 test from InterfacePlayerTests
[ RUN      ] InterfacePlayerTests.StartsWithTest
[       OK ] InterfacePlayerTests.StartsWithTest (0 ms)
[----------] 1 test from InterfacePlayerTests (0 ms total)

[----------] Global test environment tear-down
[==========] 1 test from 1 test suite ran. (0 ms total)
[  PASSED  ] 1 test.
<end of output>
Test time =   0.07 sec
----------------------------------------------------------
Test Passed.
"InterfacePlayerTest:InterfacePlayerTests.StartsWithTest" end time: Jan 27 11:51 EST
"InterfacePlayerTest:InterfacePlayerTests.StartsWithTest" time elapsed: 00:00:00
----------------------------------------------------------

249/406 Testing: InterfacePlayerTest:InterfacePlayerTests.GstSetSubtitlePtsOffset_WithoutSubtitleSink
249/406 Test: InterfacePlayerTest:InterfacePlayerTests.GstSetSubtitlePtsOffset_WithoutSubtitleSink
Command: "/Users/pstrof200@cable.comcast.com/Documents/rdke/aamp/middleware/test/utests/build/tests/InterfacePlayerTests/InterfacePlayerTest" "--gtest_filter=InterfacePlayerTests.GstSetSubtitlePtsOffset_WithoutSubtitleSink" "--gtest_also_run_disabled_tests"
Directory: /Users/pstrof200@cable.comcast.com/Documents/rdke/aamp/middleware/test/utests/build/tests/InterfacePlayerTests
"InterfacePlayerTest:InterfacePlayerTests.GstSetSubtitlePtsOffset_WithoutSubtitleSink" start time: Jan 27 11:51 EST
Output:
----------------------------------------------------------
Note: Google Test filter = InterfacePlayerTests.GstSetSubtitlePtsOffset_WithoutSubtitleSink
[==========] Running 1 test from 1 test suite.
[----------] Global test environment set-up.
[----------] 1 test from InterfacePlayerTests
[ RUN      ] InterfacePlayerTests.GstSetSubtitlePtsOffset_WithoutSubtitleSink
1769532714.233: [PLAYER_IF][000][INFO][6ca8cc55f4275f83][SetSubtitlePtsOffset][2583]subtitle_sink is NULL
[       OK ] InterfacePlayerTests.GstSetSubtitlePtsOffset_WithoutSubtitleSink (0 ms)
[----------] 1 test from InterfacePlayerTests (0 ms total)

[----------] Global test environment tear-down
[==========] 1 test from 1 test suite ran. (0 ms total)
[  PASSED  ] 1 test.
<end of output>
Test time =   0.07 sec
----------------------------------------------------------
Test Passed.
"InterfacePlayerTest:InterfacePlayerTests.GstSetSubtitlePtsOffset_WithoutSubtitleSink" end time: Jan 27 11:51 EST
"InterfacePlayerTest:InterfacePlayerTests.GstSetSubtitlePtsOffset_WithoutSubtitleSink" time elapsed: 00:00:00
----------------------------------------------------------

357/406 Testing: InterfacePlayerTest:InterfacePlayerTests.SetStreamCaps_NullCaps
357/406 Test: InterfacePlayerTest:InterfacePlayerTests.SetStreamCaps_NullCaps
Command: "/Users/pstrof200@cable.comcast.com/Documents/rdke/aamp/middleware/test/utests/build/tests/InterfacePlayerTests/InterfacePlayerTest" "--gtest_filter=InterfacePlayerTests.SetStreamCaps_NullCaps" "--gtest_also_run_disabled_tests"
Directory: /Users/pstrof200@cable.comcast.com/Documents/rdke/aamp/middleware/test/utests/build/tests/InterfacePlayerTests
"InterfacePlayerTest:InterfacePlayerTests.SetStreamCaps_NullCaps" start time: Jan 27 11:51 EST
Output:
----------------------------------------------------------
Note: Google Test filter = InterfacePlayerTests.SetStreamCaps_NullCaps
[==========] Running 1 test from 1 test suite.
[----------] Global test environment set-up.
[----------] 1 test from InterfacePlayerTests
[ RUN      ] InterfacePlayerTests.SetStreamCaps_NullCaps
1769532714.256: [PLAYER_IF][000][ERROR][6ca8cc55f4275f83][SetStreamCaps][5378]Failed to get caps for type[0] format[10]
[       OK ] InterfacePlayerTests.SetStreamCaps_NullCaps (0 ms)
[----------] 1 test from InterfacePlayerTests (0 ms total)

[----------] Global test environment tear-down
[==========] 1 test from 1 test suite ran. (0 ms total)
[  PASSED  ] 1 test.
<end of output>
Test time =   0.07 sec
----------------------------------------------------------
Test Passed.
"InterfacePlayerTest:InterfacePlayerTests.SetStreamCaps_NullCaps" end time: Jan 27 11:51 EST
"InterfacePlayerTest:InterfacePlayerTests.SetStreamCaps_NullCaps" time elapsed: 00:00:00
----------------------------------------------------------

269/406 Testing: InterfacePlayerTest:InterfacePlayerTests.GstGetVideoSize_InvalidRectangle2
269/406 Test: InterfacePlayerTest:InterfacePlayerTests.GstGetVideoSize_InvalidRectangle2
Command: "/Users/pstrof200@cable.comcast.com/Documents/rdke/aamp/middleware/test/utests/build/tests/InterfacePlayerTests/InterfacePlayerTest" "--gtest_filter=InterfacePlayerTests.GstGetVideoSize_InvalidRectangle2" "--gtest_also_run_disabled_tests"
Directory: /Users/pstrof200@cable.comcast.com/Documents/rdke/aamp/middleware/test/utests/build/tests/InterfacePlayerTests
"InterfacePlayerTest:InterfacePlayerTests.GstGetVideoSize_InvalidRectangle2" start time: Jan 27 11:51 EST
Output:
----------------------------------------------------------
Note: Google Test filter = InterfacePlayerTests.GstGetVideoSize_InvalidRectangle2
[==========] Running 1 test from 1 test suite.
[----------] Global test environment set-up.
[----------] 1 test from InterfacePlayerTests
[ RUN      ] InterfacePlayerTests.GstGetVideoSize_InvalidRectangle2
[       OK ] InterfacePlayerTests.GstGetVideoSize_InvalidRectangle2 (0 ms)
[----------] 1 test from InterfacePlayerTests (0 ms total)

[----------] Global test environment tear-down
[==========] 1 test from 1 test suite ran. (0 ms total)
[  PASSED  ] 1 test.
<end of output>
Test time =   0.07 sec
----------------------------------------------------------
Test Passed.
"InterfacePlayerTest:InterfacePlayerTests.GstGetVideoSize_InvalidRectangle2" end time: Jan 27 11:51 EST
"InterfacePlayerTest:InterfacePlayerTests.GstGetVideoSize_InvalidRectangle2" time elapsed: 00:00:00
----------------------------------------------------------

264/406 Testing: InterfacePlayerTest:InterfacePlayerTests.GstGetPositionMilliseconds
264/406 Test: InterfacePlayerTest:InterfacePlayerTests.GstGetPositionMilliseconds
Command: "/Users/pstrof200@cable.comcast.com/Documents/rdke/aamp/middleware/test/utests/build/tests/InterfacePlayerTests/InterfacePlayerTest" "--gtest_filter=InterfacePlayerTests.GstGetPositionMilliseconds" "--gtest_also_run_disabled_tests"
Directory: /Users/pstrof200@cable.comcast.com/Documents/rdke/aamp/middleware/test/utests/build/tests/InterfacePlayerTests
"InterfacePlayerTest:InterfacePlayerTests.GstGetPositionMilliseconds" start time: Jan 27 11:51 EST
Output:
----------------------------------------------------------
Note: Google Test filter = InterfacePlayerTests.GstGetPositionMilliseconds
[==========] Running 1 test from 1 test suite.
[----------] Global test environment set-up.
[----------] 1 test from InterfacePlayerTests
[ RUN      ] InterfacePlayerTests.GstGetPositionMilliseconds
1769532714.300: [PLAYER_IF][000][ERROR][6ca8cc55f4275f83][GetPositionMilliseconds][2678]Pipeline is NULL
1769532714.300: [PLAYER_IF][001][ERROR][6ca8cc55f4275f83][GetPositionMilliseconds][2678]Pipeline is NULL
1769532714.300: [PLAYER_IF][002][ERROR][6ca8cc55f4275f83][GetPositionMilliseconds][2683]Position query is NULL
1769532714.300: [PLAYER_IF][003][INFO][6ca8cc55f4275f83][GetPositionMilliseconds][2692]Pipeline is in GST_STATE_READY state GST_STATE_VOID_PENDING target state, paused=0 returning position as 0
1769532714.300: [PLAYER_IF][004][ERROR][6ca8cc55f4275f83][GetPositionMilliseconds][2712]InterfacePlayerRDK: segment query failed
1769532714.300: [PLAYER_IF][005][MIL][6ca8cc55f4275f83][GetPositionMilliseconds][2708]InterfacePlayerRDK: Segment start: 105690555
1769532714.300: [PLAYER_IF][006][DEBUG][6ca8cc55f4275f83][GetPositionMilliseconds][2729]positionQuery pos - 5 rc - 4 SegStart -1
1769532714.300: [PLAYER_IF][007][ERROR][6ca8cc55f4275f83][GetPositionMilliseconds][2712]InterfacePlayerRDK: segment query failed
1769532714.300: [PLAYER_IF][008][DEBUG][6ca8cc55f4275f83][GetPositionMilliseconds][2734]positionQuery pos - 5 rc - 5
1769532714.300: [PLAYER_IF][009][MIL][6ca8cc55f4275f83][DestroyPipeline][1074]Interface Destroying gstreamer pipeline
[       OK ] InterfacePlayerTests.GstGetPositionMilliseconds (0 ms)
[----------] 1 test from InterfacePlayerTests (0 ms total)

[----------] Global test environment tear-down
[==========] 1 test from 1 test suite ran. (0 ms total)
[  PASSED  ] 1 test.
<end of output>
Test time =   0.07 sec
----------------------------------------------------------
Test Passed.
"InterfacePlayerTest:InterfacePlayerTests.GstGetPositionMilliseconds" end time: Jan 27 11:51 EST
"InterfacePlayerTest:InterfacePlayerTests.GstGetPositionMilliseconds" time elapsed: 00:00:00
----------------------------------------------------------

219/406 Testing: InterfacePlayerTest:InterfacePlayerTests.TestResetGstEvents
219/406 Test: InterfacePlayerTest:InterfacePlayerTests.TestResetGstEvents
Command: "/Users/pstrof200@cable.comcast.com/Documents/rdke/aamp/middleware/test/utests/build/tests/InterfacePlayerTests/InterfacePlayerTest" "--gtest_filter=InterfacePlayerTests.TestResetGstEvents" "--gtest_also_run_disabled_tests"
Directory: /Users/pstrof200@cable.comcast.com/Documents/rdke/aamp/middleware/test/utests/build/tests/InterfacePlayerTests
"InterfacePlayerTest:InterfacePlayerTests.TestResetGstEvents" start time: Jan 27 11:51 EST
Output:
----------------------------------------------------------
Note: Google Test filter = InterfacePlayerTests.TestResetGstEvents
[==========] Running 1 test from 1 test suite.
[----------] Global test environment set-up.
[----------] 1 test from InterfacePlayerTests
[ RUN      ] InterfacePlayerTests.TestResetGstEvents
[       OK ] InterfacePlayerTests.TestResetGstEvents (0 ms)
[----------] 1 test from InterfacePlayerTests (0 ms total)

[----------] Global test environment tear-down
[==========] 1 test from 1 test suite ran. (0 ms total)
[  PASSED  ] 1 test.
<end of output>
Test time =   0.07 sec
----------------------------------------------------------
Test Passed.
"InterfacePlayerTest:InterfacePlayerTests.TestResetGstEvents" end time: Jan 27 11:51 EST
"InterfacePlayerTest:InterfacePlayerTests.TestResetGstEvents" time elapsed: 00:00:00
----------------------------------------------------------

288/406 Testing: InterfacePlayerTest:InterfacePlayerTests.ResumeInjector_SetsPauseInjectorToFalseAndNotifiesAll
288/406 Test: InterfacePlayerTest:InterfacePlayerTests.ResumeInjector_SetsPauseInjectorToFalseAndNotifiesAll
Command: "/Users/pstrof200@cable.comcast.com/Documents/rdke/aamp/middleware/test/utests/build/tests/InterfacePlayerTests/InterfacePlayerTest" "--gtest_filter=InterfacePlayerTests.ResumeInjector_SetsPauseInjectorToFalseAndNotifiesAll" "--gtest_also_run_disabled_tests"
Directory: /Users/pstrof200@cable.comcast.com/Documents/rdke/aamp/middleware/test/utests/build/tests/InterfacePlayerTests
"InterfacePlayerTest:InterfacePlayerTests.ResumeInjector_SetsPauseInjectorToFalseAndNotifiesAll" start time: Jan 27 11:51 EST
Output:
----------------------------------------------------------
Note: Google Test filter = InterfacePlayerTests.ResumeInjector_SetsPauseInjectorToFalseAndNotifiesAll
[==========] Running 1 test from 1 test suite.
[----------] Global test environment set-up.
[----------] 1 test from InterfacePlayerTests
[ RUN      ] InterfacePlayerTests.ResumeInjector_SetsPauseInjectorToFalseAndNotifiesAll
[       OK ] InterfacePlayerTests.ResumeInjector_SetsPauseInjectorToFalseAndNotifiesAll (0 ms)
[----------] 1 test from InterfacePlayerTests (0 ms total)

[----------] Global test environment tear-down
[==========] 1 test from 1 test suite ran. (0 ms total)
[  PASSED  ] 1 test.
<end of output>
Test time =   0.07 sec
----------------------------------------------------------
Test Passed.
"InterfacePlayerTest:InterfacePlayerTests.ResumeInjector_SetsPauseInjectorToFalseAndNotifiesAll" end time: Jan 27 11:51 EST
"InterfacePlayerTest:InterfacePlayerTests.ResumeInjector_SetsPauseInjectorToFalseAndNotifiesAll" time elapsed: 00:00:00
----------------------------------------------------------

345/406 Testing: InterfacePlayerTest:InterfacePlayerTests.EndOfStreamReached_FirstBufferProcessedFalse
345/406 Test: InterfacePlayerTest:InterfacePlayerTests.EndOfStreamReached_FirstBufferProcessedFalse
Command: "/Users/pstrof200@cable.comcast.com/Documents/rdke/aamp/middleware/test/utests/build/tests/InterfacePlayerTests/InterfacePlayerTest" "--gtest_filter=InterfacePlayerTests.EndOfStreamReached_FirstBufferProcessedFalse" "--gtest_also_run_disabled_tests"
Directory: /Users/pstrof200@cable.comcast.com/Documents/rdke/aamp/middleware/test/utests/build/tests/InterfacePlayerTests
"InterfacePlayerTest:InterfacePlayerTests.EndOfStreamReached_FirstBufferProcessedFalse" start time: Jan 27 11:51 EST
Output:
----------------------------------------------------------
Note: Google Test filter = InterfacePlayerTests.EndOfStreamReached_FirstBufferProcessedFalse
[==========] Running 1 test from 1 test suite.
[----------] Global test environment set-up.
[----------] 1 test from InterfacePlayerTests
[ RUN      ] InterfacePlayerTests.EndOfStreamReached_FirstBufferProcessedFalse
1769532714.373: [PLAYER_IF][000][MIL][6ca8cc55f4275f83][EndOfStreamReached][4991]entering InterfacePlayer_EndOfStreamReached type 0
1769532714.374: [PLAYER_IF][001][MIL][6ca8cc55f4275f83][EndOfStreamReached][4998]EOS received as first buffer 
1769532714.374: [PLAYER_IF][002][MIL][6ca8cc55f4275f83][NotifyEOS][4944]eosCallbackIdleTaskPending(0),eosCallbackIdleTaskId(0)
[       OK ] InterfacePlayerTests.EndOfStreamReached_FirstBufferProcessedFalse (0 ms)
[----------] 1 test from InterfacePlayerTests (0 ms total)

[----------] Global test environment tear-down
[==========] 1 test from 1 test suite ran. (0 ms total)
[  PASSED  ] 1 test.
<end of output>
Test time =   0.07 sec
----------------------------------------------------------
Test Passed.
"InterfacePlayerTest:InterfacePlayerTests.EndOfStreamReached_FirstBufferProcessedFalse" end time: Jan 27 11:51 EST
"InterfacePlayerTest:InterfacePlayerTests.EndOfStreamReached_FirstBufferProcessedFalse" time elapsed: 00:00:00
----------------------------------------------------------

354/406 Testing: InterfacePlayerTest:InterfacePlayerTests.GstPlayer_isVideoOrAudioDecoder_RialtoSink
354/406 Test: InterfacePlayerTest:InterfacePlayerTests.GstPlayer_isVideoOrAudioDecoder_RialtoSink
Command: "/Users/pstrof200@cable.comcast.com/Documents/rdke/aamp/middleware/test/utests/build/tests/InterfacePlayerTests/InterfacePlayerTest" "--gtest_filter=InterfacePlayerTests.GstPlayer_isVideoOrAudioDecoder_RialtoSink" "--gtest_also_run_disabled_tests"
Directory: /Users/pstrof200@cable.comcast.com/Documents/rdke/aamp/middleware/test/utests/build/tests/InterfacePlayerTests
"InterfacePlayerTest:InterfacePlayerTests.GstPlayer_isVideoOrAudioDecoder_RialtoSink" start time: Jan 27 11:51 EST
Output:
----------------------------------------------------------
Note: Google Test filter = InterfacePlayerTests.GstPlayer_isVideoOrAudioDecoder_RialtoSink
[==========] Running 1 test from 1 test suite.
[----------] Global test environment set-up.
[----------] 1 test from InterfacePlayerTests
[ RUN      ] InterfacePlayerTests.GstPlayer_isVideoOrAudioDecoder_RialtoSink
[       OK ] InterfacePlayerTests.GstPlayer_isVideoOrAudioDecoder_RialtoSink (0 ms)
[----------] 1 test from InterfacePlayerTests (0 ms total)

[----------] Global test environment tear-down
[==========] 1 test from 1 test suite ran. (0 ms total)
[  PASSED  ] 1 test.
<end of output>
Test time =   0.07 sec
----------------------------------------------------------
Test Passed.
"InterfacePlayerTest:InterfacePlayerTests.GstPlayer_isVideoOrAudioDecoder_RialtoSink" end time: Jan 27 11:51 EST
"InterfacePlayerTest:InterfacePlayerTests.GstPlayer_isVideoOrAudioDecoder_RialtoSink" time elapsed: 00:00:00
----------------------------------------------------------

358/406 Testing: InterfacePlayerTest:InterfacePlayerTests.SetStreamCaps_ValidVideoCodecFormat
358/406 Test: InterfacePlayerTest:InterfacePlayerTests.SetStreamCaps_ValidVideoCodecFormat
Command: "/Users/pstrof200@cable.comcast.com/Documents/rdke/aamp/middleware/test/utests/build/tests/InterfacePlayerTests/InterfacePlayerTest" "--gtest_filter=InterfacePlayerTests.SetStreamCaps_ValidVideoCodecFormat" "--gtest_also_run_disabled_tests"
Directory: /Users/pstrof200@cable.comcast.com/Documents/rdke/aamp/middleware/test/utests/build/tests/InterfacePlayerTests
"InterfacePlayerTest:InterfacePlayerTests.SetStreamCaps_ValidVideoCodecFormat" start time: Jan 27 11:51 EST
Output:
----------------------------------------------------------
Note: Google Test filter = InterfacePlayerTests.SetStreamCaps_ValidVideoCodecFormat
[==========] Running 1 test from 1 test suite.
[----------] Global test environment set-up.
[----------] 1 test from InterfacePlayerTests
[ RUN      ] InterfacePlayerTests.SetStreamCaps_ValidVideoCodecFormat
1769532714.415: [PLAYER_IF][000][MIL][6ca8cc55f4275f83][SetStreamCaps][5371]Setting stream caps for type[0] format[10]: (null)
[       OK ] InterfacePlayerTests.SetStreamCaps_ValidVideoCodecFormat (0 ms)
[----------] 1 test from InterfacePlayerTests (0 ms total)

[----------] Global test environment tear-down
[==========] 1 test from 1 test suite ran. (0 ms total)
[  PASSED  ] 1 test.
<end of output>
Test time =   0.07 sec
----------------------------------------------------------
Test Passed.
"InterfacePlayerTest:InterfacePlayerTests.SetStreamCaps_ValidVideoCodecFormat" end time: Jan 27 11:51 EST
"InterfacePlayerTest:InterfacePlayerTests.SetStreamCaps_ValidVideoCodecFormat" time elapsed: 00:00:00
----------------------------------------------------------

246/406 Testing: InterfacePlayerTest:InterfacePlayerTests.SendQtDemuxOverrideEvent_EnablePTSReStampTrue
246/406 Test: InterfacePlayerTest:InterfacePlayerTests.SendQtDemuxOverrideEvent_EnablePTSReStampTrue
Command: "/Users/pstrof200@cable.comcast.com/Documents/rdke/aamp/middleware/test/utests/build/tests/InterfacePlayerTests/InterfacePlayerTest" "--gtest_filter=InterfacePlayerTests.SendQtDemuxOverrideEvent_EnablePTSReStampTrue" "--gtest_also_run_disabled_tests"
Directory: /Users/pstrof200@cable.comcast.com/Documents/rdke/aamp/middleware/test/utests/build/tests/InterfacePlayerTests
"InterfacePlayerTest:InterfacePlayerTests.SendQtDemuxOverrideEvent_EnablePTSReStampTrue" start time: Jan 27 11:51 EST
Output:
----------------------------------------------------------
Note: Google Test filter = InterfacePlayerTests.SendQtDemuxOverrideEvent_EnablePTSReStampTrue
[==========] Running 1 test from 1 test suite.
[----------] Global test environment set-up.
[----------] 1 test from InterfacePlayerTests
[ RUN      ] InterfacePlayerTests.SendQtDemuxOverrideEvent_EnablePTSReStampTrue
1769532714.445: [PLAYER_IF][000][ERROR][6ca8cc55f4275f83][SendQtDemuxOverrideEvent][2546]Error on sending qtdemux override event
[       OK ] InterfacePlayerTests.SendQtDemuxOverrideEvent_EnablePTSReStampTrue (0 ms)
[----------] 1 test from InterfacePlayerTests (0 ms total)

[----------] Global test environment tear-down
[==========] 1 test from 1 test suite ran. (0 ms total)
[  PASSED  ] 1 test.
<end of output>
Test time =   0.07 sec
----------------------------------------------------------
Test Passed.
"InterfacePlayerTest:InterfacePlayerTests.SendQtDemuxOverrideEvent_EnablePTSReStampTrue" end time: Jan 27 11:51 EST
"InterfacePlayerTest:InterfacePlayerTests.SendQtDemuxOverrideEvent_EnablePTSReStampTrue" time elapsed: 00:00:00
----------------------------------------------------------

319/406 Testing: InterfacePlayerTest:InterfacePlayerTests.FirstFrameCallback_SetAndInvoke
319/406 Test: InterfacePlayerTest:InterfacePlayerTests.FirstFrameCallback_SetAndInvoke
Command: "/Users/pstrof200@cable.comcast.com/Documents/rdke/aamp/middleware/test/utests/build/tests/InterfacePlayerTests/InterfacePlayerTest" "--gtest_filter=InterfacePlayerTests.FirstFrameCallback_SetAndInvoke" "--gtest_also_run_disabled_tests"
Directory: /Users/pstrof200@cable.comcast.com/Documents/rdke/aamp/middleware/test/utests/build/tests/InterfacePlayerTests
"InterfacePlayerTest:InterfacePlayerTests.FirstFrameCallback_SetAndInvoke" start time: Jan 27 11:51 EST
Output:
----------------------------------------------------------
Note: Google Test filter = InterfacePlayerTests.FirstFrameCallback_SetAndInvoke
[==========] Running 1 test from 1 test suite.
[----------] Global test environment set-up.
[----------] 1 test from InterfacePlayerTests
[ RUN      ] InterfacePlayerTests.FirstFrameCallback_SetAndInvoke
[       OK ] InterfacePlayerTests.FirstFrameCallback_SetAndInvoke (0 ms)
[----------] 1 test from InterfacePlayerTests (0 ms total)

[----------] Global test environment tear-down
[==========] 1 test from 1 test suite ran. (0 ms total)
[  PASSED  ] 1 test.
<end of output>
Test time =   0.07 sec
----------------------------------------------------------
Test Passed.
"InterfacePlayerTest:InterfacePlayerTests.FirstFrameCallback_SetAndInvoke" end time: Jan 27 11:51 EST
"InterfacePlayerTest:InterfacePlayerTests.FirstFrameCallback_SetAndInvoke" time elapsed: 00:00:00
----------------------------------------------------------

290/406 Testing: InterfacePlayerTest:InterfacePlayerTests.Queue_and_ClearProtectionEvent
290/406 Test: InterfacePlayerTest:InterfacePlayerTests.Queue_and_ClearProtectionEvent
Command: "/Users/pstrof200@cable.comcast.com/Documents/rdke/aamp/middleware/test/utests/build/tests/InterfacePlayerTests/InterfacePlayerTest" "--gtest_filter=InterfacePlayerTests.Queue_and_ClearProtectionEvent" "--gtest_also_run_disabled_tests"
Directory: /Users/pstrof200@cable.comcast.com/Documents/rdke/aamp/middleware/test/utests/build/tests/InterfacePlayerTests
"InterfacePlayerTest:InterfacePlayerTests.Queue_and_ClearProtectionEvent" start time: Jan 27 11:51 EST
Output:
----------------------------------------------------------
Note: Google Test filter = InterfacePlayerTests.Queue_and_ClearProtectionEvent
[==========] Running 1 test from 1 test suite.
[----------] Global test environment set-up.
[----------] 1 test from InterfacePlayerTests
[ RUN      ] InterfacePlayerTests.Queue_and_ClearProtectionEvent
1769532714.488: [PLAYER_IF][000][MIL][6ca8cc55f4275f83][QueueProtectionEvent][3246]Queueing protection event for type(0) keysystem(test-system-id) initData(0x16d5d6200) initDataSize(15)
1769532714.488: [PLAYER_IF][001][MIL][6ca8cc55f4275f83][QueueProtectionEvent][3240]Previously cached protection event is present for type(0), clearing!
1769532714.488: [PLAYER_IF][002][MIL][6ca8cc55f4275f83][QueueProtectionEvent][3246]Queueing protection event for type(0) keysystem(test-system-id) initData(0x16d5d6200) initDataSize(15)
1769532714.488: [PLAYER_IF][003][MIL][6ca8cc55f4275f83][ClearProtectionEvent][3272]removing protection event! 
[       OK ] InterfacePlayerTests.Queue_and_ClearProtectionEvent (0 ms)
[----------] 1 test from InterfacePlayerTests (0 ms total)

[----------] Global test environment tear-down
[==========] 1 test from 1 test suite ran. (0 ms total)
[  PASSED  ] 1 test.
<end of output>
Test time =   0.07 sec
----------------------------------------------------------
Test Passed.
"InterfacePlayerTest:InterfacePlayerTests.Queue_and_ClearProtectionEvent" end time: Jan 27 11:51 EST
"InterfacePlayerTest:InterfacePlayerTests.Queue_and_ClearProtectionEvent" time elapsed: 00:00:00
----------------------------------------------------------

305/406 Testing: InterfacePlayerTest:InterfacePlayerTests.EnableGstDebugLogging
305/406 Test: InterfacePlayerTest:InterfacePlayerTests.EnableGstDebugLogging
Command: "/Users/pstrof200@cable.comcast.com/Documents/rdke/aamp/middleware/test/utests/build/tests/InterfacePlayerTests/InterfacePlayerTest" "--gtest_filter=InterfacePlayerTests.EnableGstDebugLogging" "--gtest_also_run_disabled_tests"
Directory: /Users/pstrof200@cable.comcast.com/Documents/rdke/aamp/middleware/test/utests/build/tests/InterfacePlayerTests
"InterfacePlayerTest:InterfacePlayerTests.EnableGstDebugLogging" start time: Jan 27 11:51 EST
Output:
----------------------------------------------------------
Note: Google Test filter = InterfacePlayerTests.EnableGstDebugLogging
[==========] Running 1 test from 1 test suite.
[----------] Global test environment set-up.
[----------] 1 test from InterfacePlayerTests
[ RUN      ] InterfacePlayerTests.EnableGstDebugLogging
[       OK ] InterfacePlayerTests.EnableGstDebugLogging (0 ms)
[----------] 1 test from InterfacePlayerTests (0 ms total)

[----------] Global test environment tear-down
[==========] 1 test from 1 test suite ran. (0 ms total)
[  PASSED  ] 1 test.
<end of output>
Test time =   0.07 sec
----------------------------------------------------------
Test Passed.
"InterfacePlayerTest:InterfacePlayerTests.EnableGstDebugLogging" end time: Jan 27 11:51 EST
"InterfacePlayerTest:InterfacePlayerTests.EnableGstDebugLogging" time elapsed: 00:00:00
----------------------------------------------------------

216/406 Testing: InterfacePlayerTest:InterfacePlayerTests.TearDownStreamTest_failvideo
216/406 Test: InterfacePlayerTest:InterfacePlayerTests.TearDownStreamTest_failvideo
Command: "/Users/pstrof200@cable.comcast.com/Documents/rdke/aamp/middleware/test/utests/build/tests/InterfacePlayerTests/InterfacePlayerTest" "--gtest_filter=InterfacePlayerTests.TearDownStreamTest_failvideo" "--gtest_also_run_disabled_tests"
Directory: /Users/pstrof200@cable.comcast.com/Documents/rdke/aamp/middleware/test/utests/build/tests/InterfacePlayerTests
"InterfacePlayerTest:InterfacePlayerTests.TearDownStreamTest_failvideo" start time: Jan 27 11:51 EST
Output:
----------------------------------------------------------
Note: Google Test filter = InterfacePlayerTests.TearDownStreamTest_failvideo
[==========] Running 1 test from 1 test suite.
[----------] Global test environment set-up.
[----------] 1 test from InterfacePlayerTests
[ RUN      ] InterfacePlayerTests.TearDownStreamTest_failvideo
1769532714.536: [PLAYER_IF][000][WARN][6ca8cc55f4275f83][TearDownStream][1356]InterfacePlayerRDK::TearDownStream:  sinkbin = NULL, skip remove sinkbin from pipeline
1769532714.536: [PLAYER_IF][001][MIL][6ca8cc55f4275f83][TearDownStream][1387]InterfacePlayerRDK::TearDownStream: exit mediaType = 0
1769532714.536: [PLAYER_IF][002][MIL][6ca8cc55f4275f83][DestroyPipeline][1074]Interface Destroying gstreamer pipeline
[       OK ] InterfacePlayerTests.TearDownStreamTest_failvideo (0 ms)
[----------] 1 test from InterfacePlayerTests (0 ms total)

[----------] Global test environment tear-down
[==========] 1 test from 1 test suite ran. (0 ms total)
[  PASSED  ] 1 test.
<end of output>
Test time =   0.07 sec
----------------------------------------------------------
Test Passed.
"InterfacePlayerTest:InterfacePlayerTests.TearDownStreamTest_failvideo" end time: Jan 27 11:51 EST
"InterfacePlayerTest:InterfacePlayerTests.TearDownStreamTest_failvideo" time elapsed: 00:00:00
----------------------------------------------------------

341/406 Testing: InterfacePlayerTest:InterfacePlayerTests.NotifyEOS_AlreadySignalled
341/406 Test: InterfacePlayerTest:InterfacePlayerTests.NotifyEOS_AlreadySignalled
Command: "/Users/pstrof200@cable.comcast.com/Documents/rdke/aamp/middleware/test/utests/build/tests/InterfacePlayerTests/InterfacePlayerTest" "--gtest_filter=InterfacePlayerTests.NotifyEOS_AlreadySignalled" "--gtest_also_run_disabled_tests"
Directory: /Users/pstrof200@cable.comcast.com/Documents/rdke/aamp/middleware/test/utests/build/tests/InterfacePlayerTests
"InterfacePlayerTest:InterfacePlayerTests.NotifyEOS_AlreadySignalled" start time: Jan 27 11:51 EST
Output:
----------------------------------------------------------
Note: Google Test filter = InterfacePlayerTests.NotifyEOS_AlreadySignalled
[==========] Running 1 test from 1 test suite.
[----------] Global test environment set-up.
[----------] 1 test from InterfacePlayerTests
[ RUN      ] InterfacePlayerTests.NotifyEOS_AlreadySignalled
1769532714.558: [PLAYER_IF][000][WARN][6ca8cc55f4275f83][NotifyEOS][4961]EOS already signaled, hence skip! eosCallbackIdleTaskPending(0),eosCallbackIdleTaskId(0)
[       OK ] InterfacePlayerTests.NotifyEOS_AlreadySignalled (0 ms)
[----------] 1 test from InterfacePlayerTests (0 ms total)

[----------] Global test environment tear-down
[==========] 1 test from 1 test suite ran. (0 ms total)
[  PASSED  ] 1 test.
<end of output>
Test time =   0.07 sec
----------------------------------------------------------
Test Passed.
"InterfacePlayerTest:InterfacePlayerTests.NotifyEOS_AlreadySignalled" end time: Jan 27 11:51 EST
"InterfacePlayerTest:InterfacePlayerTests.NotifyEOS_AlreadySignalled" time elapsed: 00:00:00
----------------------------------------------------------

267/406 Testing: InterfacePlayerTest:InterfacePlayerTests.GstGetVideoSize_ValidRectangle
267/406 Test: InterfacePlayerTest:InterfacePlayerTests.GstGetVideoSize_ValidRectangle
Command: "/Users/pstrof200@cable.comcast.com/Documents/rdke/aamp/middleware/test/utests/build/tests/InterfacePlayerTests/InterfacePlayerTest" "--gtest_filter=InterfacePlayerTests.GstGetVideoSize_ValidRectangle" "--gtest_also_run_disabled_tests"
Directory: /Users/pstrof200@cable.comcast.com/Documents/rdke/aamp/middleware/test/utests/build/tests/InterfacePlayerTests
"InterfacePlayerTest:InterfacePlayerTests.GstGetVideoSize_ValidRectangle" start time: Jan 27 11:51 EST
Output:
----------------------------------------------------------
Note: Google Test filter = InterfacePlayerTests.GstGetVideoSize_ValidRectangle
[==========] Running 1 test from 1 test suite.
[----------] Global test environment set-up.
[----------] 1 test from InterfacePlayerTests
[ RUN      ] InterfacePlayerTests.GstGetVideoSize_ValidRectangle
[       OK ] InterfacePlayerTests.GstGetVideoSize_ValidRectangle (0 ms)
[----------] 1 test from InterfacePlayerTests (0 ms total)

[----------] Global test environment tear-down
[==========] 1 test from 1 test suite ran. (0 ms total)
[  PASSED  ] 1 test.
<end of output>
Test time =   0.07 sec
----------------------------------------------------------
Test Passed.
"InterfacePlayerTest:InterfacePlayerTests.GstGetVideoSize_ValidRectangle" end time: Jan 27 11:51 EST
"InterfacePlayerTest:InterfacePlayerTests.GstGetVideoSize_ValidRectangle" time elapsed: 00:00:00
----------------------------------------------------------

229/406 Testing: InterfacePlayerTest:InterfacePlayerTests.GstFlush_PipelineNull
229/406 Test: InterfacePlayerTest:InterfacePlayerTests.GstFlush_PipelineNull
Command: "/Users/pstrof200@cable.comcast.com/Documents/rdke/aamp/middleware/test/utests/build/tests/InterfacePlayerTests/InterfacePlayerTest" "--gtest_filter=InterfacePlayerTests.GstFlush_PipelineNull" "--gtest_also_run_disabled_tests"
Directory: /Users/pstrof200@cable.comcast.com/Documents/rdke/aamp/middleware/test/utests/build/tests/InterfacePlayerTests
"InterfacePlayerTest:InterfacePlayerTests.GstFlush_PipelineNull" start time: Jan 27 11:51 EST
Output:
----------------------------------------------------------
Note: Google Test filter = InterfacePlayerTests.GstFlush_PipelineNull
[==========] Running 1 test from 1 test suite.
[----------] Global test environment set-up.
[----------] 1 test from InterfacePlayerTests
[ RUN      ] InterfacePlayerTests.GstFlush_PipelineNull
1769532714.604: [PLAYER_IF][000][WARN][6ca8cc55f4275f83][Flush][1599]InterfacePlayerRDK: Pipeline is NULL
[       OK ] InterfacePlayerTests.GstFlush_PipelineNull (0 ms)
[----------] 1 test from InterfacePlayerTests (0 ms total)

[----------] Global test environment tear-down
[==========] 1 test from 1 test suite ran. (0 ms total)
[  PASSED  ] 1 test.
<end of output>
Test time =   0.07 sec
----------------------------------------------------------
Test Passed.
"InterfacePlayerTest:InterfacePlayerTests.GstFlush_PipelineNull" end time: Jan 27 11:51 EST
"InterfacePlayerTest:InterfacePlayerTests.GstFlush_PipelineNull" time elapsed: 00:00:00
----------------------------------------------------------

223/406 Testing: InterfacePlayerTest:InterfacePlayerTests.GetSetTrickTearDownFalse
223/406 Test: InterfacePlayerTest:InterfacePlayerTests.GetSetTrickTearDownFalse
Command: "/Users/pstrof200@cable.comcast.com/Documents/rdke/aamp/middleware/test/utests/build/tests/InterfacePlayerTests/InterfacePlayerTest" "--gtest_filter=InterfacePlayerTests.GetSetTrickTearDownFalse" "--gtest_also_run_disabled_tests"
Directory: /Users/pstrof200@cable.comcast.com/Documents/rdke/aamp/middleware/test/utests/build/tests/InterfacePlayerTests
"InterfacePlayerTest:InterfacePlayerTests.GetSetTrickTearDownFalse" start time: Jan 27 11:51 EST
Output:
----------------------------------------------------------
Note: Google Test filter = InterfacePlayerTests.GetSetTrickTearDownFalse
[==========] Running 1 test from 1 test suite.
[----------] Global test environment set-up.
[----------] 1 test from InterfacePlayerTests
[ RUN      ] InterfacePlayerTests.GetSetTrickTearDownFalse
[       OK ] InterfacePlayerTests.GetSetTrickTearDownFalse (0 ms)
[----------] 1 test from InterfacePlayerTests (0 ms total)

[----------] Global test environment tear-down
[==========] 1 test from 1 test suite ran. (0 ms total)
[  PASSED  ] 1 test.
<end of output>
Test time =   0.07 sec
----------------------------------------------------------
Test Passed.
"InterfacePlayerTest:InterfacePlayerTests.GetSetTrickTearDownFalse" end time: Jan 27 11:51 EST
"InterfacePlayerTest:InterfacePlayerTests.GetSetTrickTearDownFalse" time elapsed: 00:00:00
----------------------------------------------------------

250/406 Testing: InterfacePlayerTest:InterfacePlayerTests.GstResetFirstFrame
250/406 Test: InterfacePlayerTest:InterfacePlayerTests.GstResetFirstFrame
Command: "/Users/pstrof200@cable.comcast.com/Documents/rdke/aamp/middleware/test/utests/build/tests/InterfacePlayerTests/InterfacePlayerTest" "--gtest_filter=InterfacePlayerTests.GstResetFirstFrame" "--gtest_also_run_disabled_tests"
Directory: /Users/pstrof200@cable.comcast.com/Documents/rdke/aamp/middleware/test/utests/build/tests/InterfacePlayerTests
"InterfacePlayerTest:InterfacePlayerTests.GstResetFirstFrame" start time: Jan 27 11:51 EST
Output:
----------------------------------------------------------
Note: Google Test filter = InterfacePlayerTests.GstResetFirstFrame
[==========] Running 1 test from 1 test suite.
[----------] Global test environment set-up.
[----------] 1 test from InterfacePlayerTests
[ RUN      ] InterfacePlayerTests.GstResetFirstFrame
1769532714.653: [PLAYER_IF][000][WARN][6ca8cc55f4275f83][ResetFirstFrame][2591]Reset first frame
[       OK ] InterfacePlayerTests.GstResetFirstFrame (0 ms)
[----------] 1 test from InterfacePlayerTests (0 ms total)

[----------] Global test environment tear-down
[==========] 1 test from 1 test suite ran. (0 ms total)
[  PASSED  ] 1 test.
<end of output>
Test time =   0.07 sec
----------------------------------------------------------
Test Passed.
"InterfacePlayerTest:InterfacePlayerTests.GstResetFirstFrame" end time: Jan 27 11:51 EST
"InterfacePlayerTest:InterfacePlayerTests.GstResetFirstFrame" time elapsed: 00:00:00
----------------------------------------------------------

212/406 Testing: InterfacePlayerTest:InterfacePlayerTests.GstTimerRemove
212/406 Test: InterfacePlayerTest:InterfacePlayerTests.GstTimerRemove
Command: "/Users/pstrof200@cable.comcast.com/Documents/rdke/aamp/middleware/test/utests/build/tests/InterfacePlayerTests/InterfacePlayerTest" "--gtest_filter=InterfacePlayerTests.GstTimerRemove" "--gtest_also_run_disabled_tests"
Directory: /Users/pstrof200@cable.comcast.com/Documents/rdke/aamp/middleware/test/utests/build/tests/InterfacePlayerTests
"InterfacePlayerTest:InterfacePlayerTests.GstTimerRemove" start time: Jan 27 11:51 EST
Output:
----------------------------------------------------------
Note: Google Test filter = InterfacePlayerTests.GstTimerRemove
[==========] Running 1 test from 1 test suite.
[----------] Global test environment set-up.
[----------] 1 test from InterfacePlayerTests
[ RUN      ] InterfacePlayerTests.GstTimerRemove
1769532714.672: [PLAYER_IF][000][INFO][6ca8cc55f4275f83][TimerRemove][1026]InterfacePlayerRDK: Remove timer 'testTimer', 1234
1769532714.672: [PLAYER_IF][001][TRACE][6ca8cc55f4275f83][TimerRemove][1032]Interface Timer 'testTimer' with taskId = 0 already removed.
[       OK ] InterfacePlayerTests.GstTimerRemove (0 ms)
[----------] 1 test from InterfacePlayerTests (0 ms total)

[----------] Global test environment tear-down
[==========] 1 test from 1 test suite ran. (0 ms total)
[  PASSED  ] 1 test.
<end of output>
Test time =   0.07 sec
----------------------------------------------------------
Test Passed.
"InterfacePlayerTest:InterfacePlayerTests.GstTimerRemove" end time: Jan 27 11:51 EST
"InterfacePlayerTest:InterfacePlayerTests.GstTimerRemove" time elapsed: 00:00:00
----------------------------------------------------------

336/406 Testing: InterfacePlayerTest:InterfacePlayerTests.SetVideoMute_InvalidVideoSink
336/406 Test: InterfacePlayerTest:InterfacePlayerTests.SetVideoMute_InvalidVideoSink
Command: "/Users/pstrof200@cable.comcast.com/Documents/rdke/aamp/middleware/test/utests/build/tests/InterfacePlayerTests/InterfacePlayerTest" "--gtest_filter=InterfacePlayerTests.SetVideoMute_InvalidVideoSink" "--gtest_also_run_disabled_tests"
Directory: /Users/pstrof200@cable.comcast.com/Documents/rdke/aamp/middleware/test/utests/build/tests/InterfacePlayerTests
"InterfacePlayerTest:InterfacePlayerTests.SetVideoMute_InvalidVideoSink" start time: Jan 27 11:51 EST
Output:
----------------------------------------------------------
Note: Google Test filter = InterfacePlayerTests.SetVideoMute_InvalidVideoSink
[==========] Running 1 test from 1 test suite.
[----------] Global test environment set-up.
[----------] 1 test from InterfacePlayerTests
[ RUN      ] InterfacePlayerTests.SetVideoMute_InvalidVideoSink
1769532714.697: [PLAYER_IF][000][INFO][6ca8cc55f4275f83][SetVideoMute][4616]muted=1 video_sink =0x0
1769532714.697: [PLAYER_IF][001][INFO][6ca8cc55f4275f83][SetVideoMute][4624]InterfacePlayerRDK not setting video mute
[       OK ] InterfacePlayerTests.SetVideoMute_InvalidVideoSink (0 ms)
[----------] 1 test from InterfacePlayerTests (0 ms total)

[----------] Global test environment tear-down
[==========] 1 test from 1 test suite ran. (0 ms total)
[  PASSED  ] 1 test.
<end of output>
Test time =   0.07 sec
----------------------------------------------------------
Test Passed.
"InterfacePlayerTest:InterfacePlayerTests.SetVideoMute_InvalidVideoSink" end time: Jan 27 11:51 EST
"InterfacePlayerTest:InterfacePlayerTests.SetVideoMute_InvalidVideoSink" time elapsed: 00:00:00
----------------------------------------------------------

275/406 Testing: InterfacePlayerTest:InterfacePlayerTests.GstSetVideoRectangle_DifferentCoordinates
275/406 Test: InterfacePlayerTest:InterfacePlayerTests.GstSetVideoRectangle_DifferentCoordinates
Command: "/Users/pstrof200@cable.comcast.com/Documents/rdke/aamp/middleware/test/utests/build/tests/InterfacePlayerTests/InterfacePlayerTest" "--gtest_filter=InterfacePlayerTests.GstSetVideoRectangle_DifferentCoordinates" "--gtest_also_run_disabled_tests"
Directory: /Users/pstrof200@cable.comcast.com/Documents/rdke/aamp/middleware/test/utests/build/tests/InterfacePlayerTests
"InterfacePlayerTest:InterfacePlayerTests.GstSetVideoRectangle_DifferentCoordinates" start time: Jan 27 11:51 EST
Output:
----------------------------------------------------------
Note: Google Test filter = InterfacePlayerTests.GstSetVideoRectangle_DifferentCoordinates
[==========] Running 1 test from 1 test suite.
[----------] Global test environment set-up.
[----------] 1 test from InterfacePlayerTests
[ RUN      ] InterfacePlayerTests.GstSetVideoRectangle_DifferentCoordinates
1769532714.738: [PLAYER_IF][000][MIL][6ca8cc55f4275f83][SetVideoRectangle][2833]Rect 10,20,1920,1080, video_sink =0x16d8b2660
[       OK ] InterfacePlayerTests.GstSetVideoRectangle_DifferentCoordinates (0 ms)
[----------] 1 test from InterfacePlayerTests (0 ms total)

[----------] Global test environment tear-down
[==========] 1 test from 1 test suite ran. (0 ms total)
[  PASSED  ] 1 test.
<end of output>
Test time =   0.08 sec
----------------------------------------------------------
Test Passed.
"InterfacePlayerTest:InterfacePlayerTests.GstSetVideoRectangle_DifferentCoordinates" end time: Jan 27 11:51 EST
"InterfacePlayerTest:InterfacePlayerTests.GstSetVideoRectangle_DifferentCoordinates" time elapsed: 00:00:00
[...]
Directory: /Users/pstrof200@cable.comcast.com/Documents/rdke/aamp/middleware/test/utests/build/tests/InterfacePlayerTests
"InterfacePlayerTest:InterfacePlayerTests.GetVideoPlaybackQuality_NoStatsCallAtVoidPendingState" start time: Jan 27 11:52 EST
Output:
----------------------------------------------------------
Note: Google Test filter = InterfacePlayerTests.GetVideoPlaybackQuality_NoStatsCallAtVoidPendingState
[==========] Running 1 test from 1 test suite.
[----------] Global test environment set-up.
[----------] 1 test from InterfacePlayerTests
[ RUN      ] InterfacePlayerTests.GetVideoPlaybackQuality_NoStatsCallAtVoidPendingState
1769532721.283: [PLAYER_IF][000][INFO][6ca8cc55f4275f83][GetVideoPlaybackQuality][2656]gst_element_get_state current=0 is not PLAYING or PAUSED, pending=0: can't query playback quality now
1769532721.283: [PLAYER_IF][001][MIL][6ca8cc55f4275f83][DestroyPipeline][1074]Interface Destroying gstreamer pipeline
[       OK ] InterfacePlayerTests.GetVideoPlaybackQuality_NoStatsCallAtVoidPendingState (0 ms)
[----------] 1 test from InterfacePlayerTests (0 ms total)

[----------] Global test environment tear-down
[==========] 1 test from 1 test suite ran. (0 ms total)
[  PASSED  ] 1 test.
<end of output>
Test time =   0.10 sec
----------------------------------------------------------
Test Passed.
"InterfacePlayerTest:InterfacePlayerTests.GetVideoPlaybackQuality_NoStatsCallAtVoidPendingState" end time: Jan 27 11:52 EST
"InterfacePlayerTest:InterfacePlayerTests.GetVideoPlaybackQuality_NoStatsCallAtVoidPendingState" time elapsed: 00:00:00
----------------------------------------------------------

256/406 Testing: InterfacePlayerTest:InterfacePlayerTests.GetVideoPlaybackQuality_NoStatsCallWhenElementIsNull
256/406 Test: InterfacePlayerTest:InterfacePlayerTests.GetVideoPlaybackQuality_NoStatsCallWhenElementIsNull
Command: "/Users/pstrof200@cable.comcast.com/Documents/rdke/aamp/middleware/test/utests/build/tests/InterfacePlayerTests/InterfacePlayerTest" "--gtest_filter=InterfacePlayerTests.GetVideoPlaybackQuality_NoStatsCallWhenElementIsNull" "--gtest_also_run_disabled_tests"
Directory: /Users/pstrof200@cable.comcast.com/Documents/rdke/aamp/middleware/test/utests/build/tests/InterfacePlayerTests
"InterfacePlayerTest:InterfacePlayerTests.GetVideoPlaybackQuality_NoStatsCallWhenElementIsNull" start time: Jan 27 11:52 EST
Output:
----------------------------------------------------------
Note: Google Test filter = InterfacePlayerTests.GetVideoPlaybackQuality_NoStatsCallWhenElementIsNull
[==========] Running 1 test from 1 test suite.
[----------] Global test environment set-up.
[----------] 1 test from InterfacePlayerTests
[ RUN      ] InterfacePlayerTests.GetVideoPlaybackQuality_NoStatsCallWhenElementIsNull
1769532721.346: [PLAYER_IF][000][MIL][6ca8cc55f4275f83][DestroyPipeline][1074]Interface Destroying gstreamer pipeline
[       OK ] InterfacePlayerTests.GetVideoPlaybackQuality_NoStatsCallWhenElementIsNull (0 ms)
[----------] 1 test from InterfacePlayerTests (0 ms total)

[----------] Global test environment tear-down
[==========] 1 test from 1 test suite ran. (0 ms total)
[  PASSED  ] 1 test.
<end of output>
Test time =   0.09 sec
----------------------------------------------------------
Test Passed.
"InterfacePlayerTest:InterfacePlayerTests.GetVideoPlaybackQuality_NoStatsCallWhenElementIsNull" end time: Jan 27 11:52 EST
"InterfacePlayerTest:InterfacePlayerTests.GetVideoPlaybackQuality_NoStatsCallWhenElementIsNull" time elapsed: 00:00:00
----------------------------------------------------------

257/406 Testing: InterfacePlayerTest:InterfacePlayerTests.GetVideoPlaybackQuality_PlayingState
257/406 Test: InterfacePlayerTest:InterfacePlayerTests.GetVideoPlaybackQuality_PlayingState
Command: "/Users/pstrof200@cable.comcast.com/Documents/rdke/aamp/middleware/test/utests/build/tests/InterfacePlayerTests/InterfacePlayerTest" "--gtest_filter=InterfacePlayerTests.GetVideoPlaybackQuality_PlayingState" "--gtest_also_run_disabled_tests"
Directory: /Users/pstrof200@cable.comcast.com/Documents/rdke/aamp/middleware/test/utests/build/tests/InterfacePlayerTests
"InterfacePlayerTest:InterfacePlayerTests.GetVideoPlaybackQuality_PlayingState" start time: Jan 27 11:52 EST
Output:
----------------------------------------------------------
Note: Google Test filter = InterfacePlayerTests.GetVideoPlaybackQuality_PlayingState
[==========] Running 1 test from 1 test suite.
[----------] Global test environment set-up.
[----------] 1 test from InterfacePlayerTests
[ RUN      ] InterfacePlayerTests.GetVideoPlaybackQuality_PlayingState
1769532721.348: [PLAYER_IF][000][MIL][6ca8cc55f4275f83][GetVideoPlaybackQuality][2644]rendered 1000 dropped 5
1769532721.348: [PLAYER_IF][001][MIL][6ca8cc55f4275f83][DestroyPipeline][1074]Interface Destroying gstreamer pipeline
[       OK ] InterfacePlayerTests.GetVideoPlaybackQuality_PlayingState (0 ms)
[----------] 1 test from InterfacePlayerTests (0 ms total)

[----------] Global test environment tear-down
[==========] 1 test from 1 test suite ran. (0 ms total)
[  PASSED  ] 1 test.
<end of output>
Test time =   0.09 sec
----------------------------------------------------------
Test Passed.
"InterfacePlayerTest:InterfacePlayerTests.GetVideoPlaybackQuality_PlayingState" end time: Jan 27 11:52 EST
"InterfacePlayerTest:InterfacePlayerTests.GetVideoPlaybackQuality_PlayingState" time elapsed: 00:00:00
----------------------------------------------------------

258/406 Testing: InterfacePlayerTest:InterfacePlayerTests.GetVideoPlaybackQuality_PlayingStateWithRenderedNull
258/406 Test: InterfacePlayerTest:InterfacePlayerTests.GetVideoPlaybackQuality_PlayingStateWithRenderedNull
Command: "/Users/pstrof200@cable.comcast.com/Documents/rdke/aamp/middleware/test/utests/build/tests/InterfacePlayerTests/InterfacePlayerTest" "--gtest_filter=InterfacePlayerTests.GetVideoPlaybackQuality_PlayingStateWithRenderedNull" "--gtest_also_run_disabled_tests"
Directory: /Users/pstrof200@cable.comcast.com/Documents/rdke/aamp/middleware/test/utests/build/tests/InterfacePlayerTests
"InterfacePlayerTest:InterfacePlayerTests.GetVideoPlaybackQuality_PlayingStateWithRenderedNull" start time: Jan 27 11:52 EST
Output:
----------------------------------------------------------
Note: Google Test filter = InterfacePlayerTests.GetVideoPlaybackQuality_PlayingStateWithRenderedNull
[==========] Running 1 test from 1 test suite.
[----------] Global test environment set-up.
[----------] 1 test from InterfacePlayerTests
[ RUN      ] InterfacePlayerTests.GetVideoPlaybackQuality_PlayingStateWithRenderedNull
1769532721.354: [PLAYER_IF][000][MIL][6ca8cc55f4275f83][GetVideoPlaybackQuality][2644]rendered 0 dropped 5
1769532721.354: [PLAYER_IF][001][MIL][6ca8cc55f4275f83][DestroyPipeline][1074]Interface Destroying gstreamer pipeline
[       OK ] InterfacePlayerTests.GetVideoPlaybackQuality_PlayingStateWithRenderedNull (0 ms)
[----------] 1 test from InterfacePlayerTests (0 ms total)

[----------] Global test environment tear-down
[==========] 1 test from 1 test suite ran. (0 ms total)
[  PASSED  ] 1 test.
<end of output>
Test time =   0.09 sec
----------------------------------------------------------
Test Passed.
"InterfacePlayerTest:InterfacePlayerTests.GetVideoPlaybackQuality_PlayingStateWithRenderedNull" end time: Jan 27 11:52 EST
"InterfacePlayerTest:InterfacePlayerTests.GetVideoPlaybackQuality_PlayingStateWithRenderedNull" time elapsed: 00:00:00
----------------------------------------------------------

259/406 Testing: InterfacePlayerTest:InterfacePlayerTests.GetVideoPlaybackQuality_PlayingStateWithDroppedNull
259/406 Test: InterfacePlayerTest:InterfacePlayerTests.GetVideoPlaybackQuality_PlayingStateWithDroppedNull
Command: "/Users/pstrof200@cable.comcast.com/Documents/rdke/aamp/middleware/test/utests/build/tests/InterfacePlayerTests/InterfacePlayerTest" "--gtest_filter=InterfacePlayerTests.GetVideoPlaybackQuality_PlayingStateWithDroppedNull" "--gtest_also_run_disabled_tests"
Directory: /Users/pstrof200@cable.comcast.com/Documents/rdke/aamp/middleware/test/utests/build/tests/InterfacePlayerTests
"InterfacePlayerTest:InterfacePlayerTests.GetVideoPlaybackQuality_PlayingStateWithDroppedNull" start time: Jan 27 11:52 EST
Output:
----------------------------------------------------------
Note: Google Test filter = InterfacePlayerTests.GetVideoPlaybackQuality_PlayingStateWithDroppedNull
[==========] Running 1 test from 1 test suite.
[----------] Global test environment set-up.
[----------] 1 test from InterfacePlayerTests
[ RUN      ] InterfacePlayerTests.GetVideoPlaybackQuality_PlayingStateWithDroppedNull
1769532721.378: [PLAYER_IF][000][MIL][6ca8cc55f4275f83][GetVideoPlaybackQuality][2644]rendered 1000 dropped 0
1769532721.378: [PLAYER_IF][001][MIL][6ca8cc55f4275f83][DestroyPipeline][1074]Interface Destroying gstreamer pipeline
[       OK ] InterfacePlayerTests.GetVideoPlaybackQuality_PlayingStateWithDroppedNull (0 ms)
[----------] 1 test from InterfacePlayerTests (0 ms total)

[----------] Global test environment tear-down
[==========] 1 test from 1 test suite ran. (0 ms total)
[  PASSED  ] 1 test.
<end of output>
Test time =   0.09 sec
----------------------------------------------------------
Test Passed.
"InterfacePlayerTest:InterfacePlayerTests.GetVideoPlaybackQuality_PlayingStateWithDroppedNull" end time: Jan 27 11:52 EST
"InterfacePlayerTest:InterfacePlayerTests.GetVideoPlaybackQuality_PlayingStateWithDroppedNull" time elapsed: 00:00:00
----------------------------------------------------------

260/406 Testing: InterfacePlayerTest:InterfacePlayerTests.GetVideoPlaybackQuality_PlayingStateWithRenderedAndDroppedNull
260/406 Test: InterfacePlayerTest:InterfacePlayerTests.GetVideoPlaybackQuality_PlayingStateWithRenderedAndDroppedNull
Command: "/Users/pstrof200@cable.comcast.com/Documents/rdke/aamp/middleware/test/utests/build/tests/InterfacePlayerTests/InterfacePlayerTest" "--gtest_filter=InterfacePlayerTests.GetVideoPlaybackQuality_PlayingStateWithRenderedAndDroppedNull" "--gtest_also_run_disabled_tests"
Directory: /Users/pstrof200@cable.comcast.com/Documents/rdke/aamp/middleware/test/utests/build/tests/InterfacePlayerTests
"InterfacePlayerTest:InterfacePlayerTests.GetVideoPlaybackQuality_PlayingStateWithRenderedAndDroppedNull" start time: Jan 27 11:52 EST
Output:
----------------------------------------------------------
Note: Google Test filter = InterfacePlayerTests.GetVideoPlaybackQuality_PlayingStateWithRenderedAndDroppedNull
[==========] Running 1 test from 1 test suite.
[----------] Global test environment set-up.
[----------] 1 test from InterfacePlayerTests
[ RUN      ] InterfacePlayerTests.GetVideoPlaybackQuality_PlayingStateWithRenderedAndDroppedNull
1769532721.439: [PLAYER_IF][000][MIL][6ca8cc55f4275f83][GetVideoPlaybackQuality][2644]rendered 0 dropped 0
1769532721.439: [PLAYER_IF][001][MIL][6ca8cc55f4275f83][DestroyPipeline][1074]Interface Destroying gstreamer pipeline
[       OK ] InterfacePlayerTests.GetVideoPlaybackQuality_PlayingStateWithRenderedAndDroppedNull (0 ms)
[----------] 1 test from InterfacePlayerTests (0 ms total)

[----------] Global test environment tear-down
[==========] 1 test from 1 test suite ran. (0 ms total)
[  PASSED  ] 1 test.
<end of output>
Test time =   0.09 sec
----------------------------------------------------------
Test Passed.
"InterfacePlayerTest:InterfacePlayerTests.GetVideoPlaybackQuality_PlayingStateWithRenderedAndDroppedNull" end time: Jan 27 11:52 EST
"InterfacePlayerTest:InterfacePlayerTests.GetVideoPlaybackQuality_PlayingStateWithRenderedAndDroppedNull" time elapsed: 00:00:00
----------------------------------------------------------

261/406 Testing: InterfacePlayerTest:InterfacePlayerTests.GetVideoPlaybackQuality_PausedState
261/406 Test: InterfacePlayerTest:InterfacePlayerTests.GetVideoPlaybackQuality_PausedState
Command: "/Users/pstrof200@cable.comcast.com/Documents/rdke/aamp/middleware/test/utests/build/tests/InterfacePlayerTests/InterfacePlayerTest" "--gtest_filter=InterfacePlayerTests.GetVideoPlaybackQuality_PausedState" "--gtest_also_run_disabled_tests"
Directory: /Users/pstrof200@cable.comcast.com/Documents/rdke/aamp/middleware/test/utests/build/tests/InterfacePlayerTests
"InterfacePlayerTest:InterfacePlayerTests.GetVideoPlaybackQuality_PausedState" start time: Jan 27 11:52 EST
Output:
----------------------------------------------------------
Note: Google Test filter = InterfacePlayerTests.GetVideoPlaybackQuality_PausedState
[==========] Running 1 test from 1 test suite.
[----------] Global test environment set-up.
[----------] 1 test from InterfacePlayerTests
[ RUN      ] InterfacePlayerTests.GetVideoPlaybackQuality_PausedState
1769532721.439: [PLAYER_IF][000][MIL][6ca8cc55f4275f83][GetVideoPlaybackQuality][2644]rendered 2000 dropped 10
1769532721.439: [PLAYER_IF][001][MIL][6ca8cc55f4275f83][DestroyPipeline][1074]Interface Destroying gstreamer pipeline
[       OK ] InterfacePlayerTests.GetVideoPlaybackQuality_PausedState (0 ms)
[----------] 1 test from InterfacePlayerTests (0 ms total)

[----------] Global test environment tear-down
[==========] 1 test from 1 test suite ran. (0 ms total)
[  PASSED  ] 1 test.
<end of output>
Test time =   0.09 sec
----------------------------------------------------------
Test Passed.
"InterfacePlayerTest:InterfacePlayerTests.GetVideoPlaybackQuality_PausedState" end time: Jan 27 11:52 EST
"InterfacePlayerTest:InterfacePlayerTests.GetVideoPlaybackQuality_PausedState" time elapsed: 00:00:00
----------------------------------------------------------

262/406 Testing: InterfacePlayerTest:InterfacePlayerTests.GetVideoPlaybackQuality_StateChangeFailure
262/406 Test: InterfacePlayerTest:InterfacePlayerTests.GetVideoPlaybackQuality_StateChangeFailure
Command: "/Users/pstrof200@cable.comcast.com/Documents/rdke/aamp/middleware/test/utests/build/tests/InterfacePlayerTests/InterfacePlayerTest" "--gtest_filter=InterfacePlayerTests.GetVideoPlaybackQuality_StateChangeFailure" "--gtest_also_run_disabled_tests"
Directory: /Users/pstrof200@cable.comcast.com/Documents/rdke/aamp/middleware/test/utests/build/tests/InterfacePlayerTests
"InterfacePlayerTest:InterfacePlayerTests.GetVideoPlaybackQuality_StateChangeFailure" start time: Jan 27 11:52 EST
Output:
----------------------------------------------------------
Note: Google Test filter = InterfacePlayerTests.GetVideoPlaybackQuality_StateChangeFailure
[==========] Running 1 test from 1 test suite.
[----------] Global test environment set-up.
[----------] 1 test from InterfacePlayerTests
[ RUN      ] InterfacePlayerTests.GetVideoPlaybackQuality_StateChangeFailure
1769532721.445: [PLAYER_IF][000][INFO][6ca8cc55f4275f83][GetVideoPlaybackQuality][2665]gst_element_get_state ret=0: can't query playback quality now
1769532721.445: [PLAYER_IF][001][MIL][6ca8cc55f4275f83][DestroyPipeline][1074]Interface Destroying gstreamer pipeline
[       OK ] InterfacePlayerTests.GetVideoPlaybackQuality_StateChangeFailure (0 ms)
[----------] 1 test from InterfacePlayerTests (0 ms total)

[----------] Global test environment tear-down
[==========] 1 test from 1 test suite ran. (0 ms total)
[  PASSED  ] 1 test.
<end of output>
Test time =   0.09 sec
----------------------------------------------------------
Test Passed.
"InterfacePlayerTest:InterfacePlayerTests.GetVideoPlaybackQuality_StateChangeFailure" end time: Jan 27 11:52 EST
"InterfacePlayerTest:InterfacePlayerTests.GetVideoPlaybackQuality_StateChangeFailure" time elapsed: 00:00:00
----------------------------------------------------------

263/406 Testing: InterfacePlayerTest:InterfacePlayerTests.GetVideoPlaybackQuality_StateChangeNoPreroll
263/406 Test: InterfacePlayerTest:InterfacePlayerTests.GetVideoPlaybackQuality_StateChangeNoPreroll
Command: "/Users/pstrof200@cable.comcast.com/Documents/rdke/aamp/middleware/test/utests/build/tests/InterfacePlayerTests/InterfacePlayerTest" "--gtest_filter=InterfacePlayerTests.GetVideoPlaybackQuality_StateChangeNoPreroll" "--gtest_also_run_disabled_tests"
Directory: /Users/pstrof200@cable.comcast.com/Documents/rdke/aamp/middleware/test/utests/build/tests/InterfacePlayerTests
"InterfacePlayerTest:InterfacePlayerTests.GetVideoPlaybackQuality_StateChangeNoPreroll" start time: Jan 27 11:52 EST
Output:
----------------------------------------------------------
Note: Google Test filter = InterfacePlayerTests.GetVideoPlaybackQuality_StateChangeNoPreroll
[==========] Running 1 test from 1 test suite.
[----------] Global test environment set-up.
[----------] 1 test from InterfacePlayerTests
[ RUN      ] InterfacePlayerTests.GetVideoPlaybackQuality_StateChangeNoPreroll
1769532721.468: [PLAYER_IF][000][INFO][6ca8cc55f4275f83][GetVideoPlaybackQuality][2665]gst_element_get_state ret=3: can't query playback quality now
1769532721.468: [PLAYER_IF][001][MIL][6ca8cc55f4275f83][DestroyPipeline][1074]Interface Destroying gstreamer pipeline
[       OK ] InterfacePlayerTests.GetVideoPlaybackQuality_StateChangeNoPreroll (0 ms)
[----------] 1 test from InterfacePlayerTests (0 ms total)

[----------] Global test environment tear-down
[==========] 1 test from 1 test suite ran. (0 ms total)
[  PASSED  ] 1 test.
<end of output>
Test time =   0.09 sec
----------------------------------------------------------
Test Passed.
"InterfacePlayerTest:InterfacePlayerTests.GetVideoPlaybackQuality_StateChangeNoPreroll" end time: Jan 27 11:52 EST
"InterfacePlayerTest:InterfacePlayerTests.GetVideoPlaybackQuality_StateChangeNoPreroll" time elapsed: 00:00:00
----------------------------------------------------------

388/406 Testing: DrmSessionManagerTests:DrmSessionManagerComplexTests.OpencdmConstructionFailureTest
388/406 Test: DrmSessionManagerTests:DrmSessionManagerComplexTests.OpencdmConstructionFailureTest
Command: "/Users/pstrof200@cable.comcast.com/Documents/rdke/aamp/middleware/test/utests/build/tests/DrmSessionManagerTests/DrmSessionManagerTests" "--gtest_filter=DrmSessionManagerComplexTests.OpencdmConstructionFailureTest" "--gtest_also_run_disabled_tests"
Directory: /Users/pstrof200@cable.comcast.com/Documents/rdke/aamp/middleware/test/utests/build/tests/DrmSessionManagerTests
"DrmSessionManagerTests:DrmSessionManagerComplexTests.OpencdmConstructionFailureTest" start time: Jan 27 11:52 EST
Output:
----------------------------------------------------------
Note: Google Test filter = DrmSessionManagerComplexTests.OpencdmConstructionFailureTest
[==========] Running 1 test from 1 test suite.
[----------] Global test environment set-up.
[----------] 1 test from DrmSessionManagerComplexTests
[ RUN      ] DrmSessionManagerComplexTests.OpencdmConstructionFailureTest
[PLAYER_IF][000][ERROR][6ca8cc55f4275f83][createHelper][265]creating helper
[PLAYER_IF][001][ERROR][6ca8cc55f4275f83][initializeDrmSession][925]DRM session was not initialized : Key State 6 
[PLAYER_IF][002][ERROR][6ca8cc55f4275f83][initializeDrmSession][933]OCDM session construction failed: Key State 6 
[PLAYER_IF][003][WARN][6ca8cc55f4275f83][clearSessionData][107] DrmSessionManager:: Clearing session data
[       OK ] DrmSessionManagerComplexTests.OpencdmConstructionFailureTest (0 ms)
[----------] 1 test from DrmSessionManagerComplexTests (0 ms total)

[----------] Global test environment tear-down
[==========] 1 test from 1 test suite ran. (0 ms total)
[  PASSED  ] 1 test.
<end of output>
Test time =   0.06 sec
----------------------------------------------------------
Test Passed.
"DrmSessionManagerTests:DrmSessionManagerComplexTests.OpencdmConstructionFailureTest" end time: Jan 27 11:52 EST
"DrmSessionManagerTests:DrmSessionManagerComplexTests.OpencdmConstructionFailureTest" time elapsed: 00:00:00
----------------------------------------------------------

End testing: Jan 27 11:52 EST
