<?xml version="1.0" encoding="UTF-8"?>
<testsuite name="Darwin-c++"
	tests="406"
	failures="0"
	disabled="0"
	skipped="1"
	hostname="HQSML-F1Q34Y7C90"
	time="7"
	timestamp="2026-01-27T11:51:53"
	>
	<testcase name="GstUtilsTests:GstUtilsTests.esMP3test" classname="GstUtilsTests:GstUtilsTests.esMP3test" time="0.0689826" status="run">
		<properties/>
		<system-out>Note: Google Test filter = GstUtilsTests.esMP3test
[==========] Running 1 test from 1 test suite.
[----------] Global test environment set-up.
[----------] 1 test from GstUtilsTests
[ RUN      ] GstUtilsTests.esMP3test
[       OK ] GstUtilsTests.esMP3test (0 ms)
[----------] 1 test from GstUtilsTests (0 ms total)

[----------] Global test environment tear-down
[==========] 1 test from 1 test suite ran. (0 ms total)
[  PASSED  ] 1 test.
</system-out>
	</testcase>
	<testcase name="GstUtilsTests:GstUtilsTests.esAACRawtest" classname="GstUtilsTests:GstUtilsTests.esAACRawtest" time="0.0706162" status="run">
		<properties/>
		<system-out>Note: Google Test filter = GstUtilsTests.esAACRawtest
[==========] Running 1 test from 1 test suite.
[----------] Global test environment set-up.
[----------] 1 test from GstUtilsTests
[ RUN      ] GstUtilsTests.esAACRawtest
[       OK ] GstUtilsTests.esAACRawtest (0 ms)
[----------] 1 test from GstUtilsTests (0 ms total)

[----------] Global test environment tear-down
[==========] 1 test from 1 test suite ran. (0 ms total)
[  PASSED  ] 1 test.
</system-out>
	</testcase>
	<testcase name="GstUtilsTests:GstUtilsTests.GstCapsFormatsTest" classname="GstUtilsTests:GstUtilsTests.GstCapsFormatsTest" time="0.0714533" status="run">
		<properties/>
		<system-out>Note: Google Test filter = GstUtilsTests.GstCapsFormatsTest
[==========] Running 1 test from 1 test suite.
[----------] Global test environment set-up.
[----------] 1 test from GstUtilsTests
[ RUN      ] GstUtilsTests.GstCapsFormatsTest
Unsupported format 0
Unsupported format 0

GMOCK WARNING:
Uninteresting mock function call - returning default value.
    Function call: gst_caps_new_simple(0x100b956c0 pointing to "video/mpegts", 0x100b956e0 pointing to "systemstream", 20, 1, 0x100b95700)
          Returns: NULL
NOTE: You can safely ignore the above warning unless this call should not happen.  Do not suppress it by blindly adding an EXPECT_CALL() if you don't mean to enforce the call.  See https://github.com/google/googletest/blob/main/docs/gmock_cook_book.md#knowing-when-to-expect-useoncall for details.

GMOCK WARNING:
Uninteresting mock function call - returning default value.
    Function call: gst_caps_new_simple(0x100b956c0 pointing to "video/mpegts", 0x100b956e0 pointing to "systemstream", 20, 1, 0x100b...
[This part of the test output was removed since it exceeds the threshold of 1024 bytes.]
</system-out>
	</testcase>
	<testcase name="PlayerGstPlayer:PauseOnPlaybackTests.SetPauseOnStartPlayback" classname="PlayerGstPlayer:PauseOnPlaybackTests.SetPauseOnStartPlayback" time="0.0838777" status="run">
		<properties/>
		<system-out>Note: Google Test filter = PauseOnPlaybackTests.SetPauseOnStartPlayback
[==========] Running 1 test from 1 test suite.
[----------] Global test environment set-up.
[----------] 1 test from PauseOnPlaybackTests
[ RUN      ] PauseOnPlaybackTests.SetPauseOnStartPlayback
[       OK ] PauseOnPlaybackTests.SetPauseOnStartPlayback (0 ms)
[----------] 1 test from PauseOnPlaybackTests (0 ms total)

[----------] Global test environment tear-down
[==========] 1 test from 1 test suite ran. (0 ms total)
[  PASSED  ] 1 test.
</system-out>
	</testcase>
	<testcase name="PlayerGstPlayer:PauseOnPlaybackTests.EnteredPausedSteHandler_ConfigurePauseOnPlayback" classname="PlayerGstPlayer:PauseOnPlaybackTests.EnteredPausedSteHandler_ConfigurePauseOnPlayback" time="0.0854384" status="run">
		<properties/>
		<system-out>Note: Google Test filter = PauseOnPlaybackTests.EnteredPausedSteHandler_ConfigurePauseOnPlayback
[==========] Running 1 test from 1 test suite.
[----------] Global test environment set-up.
[----------] 1 test from PauseOnPlaybackTests
[ RUN      ] PauseOnPlaybackTests.EnteredPausedSteHandler_ConfigurePauseOnPlayback
[PLAYER_IF][000][MIL][6ca8cc55f4275f83][ConfigurePipeline][307]Gstreamer subs disabled
[PLAYER_IF][001][MIL][6ca8cc55f4275f83][ConfigurePipeline][326]Rialto disabled
[PLAYER_IF][002][MIL][6ca8cc55f4275f83][ConfigurePipeline][360]Create pipeline testPipeline (pipeline 0x0 bus 0x0)
[PLAYER_IF][003][MIL][6ca8cc55f4275f83][CreatePipeline][3889]Creating gstreamer pipeline testPipeline priority 0
[PLAYER_IF][004][MIL][6ca8cc55f4275f83][CreatePipeline][3910]Pipeline buffering_enabled 0
[PLAYER_IF][005][MIL][6ca8cc55f4275f83][ConfigurePipeline][386]Closing stream 0 old format = 0, new format = 10
[PLAYER_IF][006][MIL][6ca8cc55f4275f83][ConfigurePipeline][386]Closing stream 1 old format = 0, new format = 4...
[This part of the test output was removed since it exceeds the threshold of 1024 bytes.]
</system-out>
	</testcase>
	<testcase name="PlayerGstPlayer:PauseOnPlaybackTests.EnteredPausedSteHandler_ConfigureNormalPlayback" classname="PlayerGstPlayer:PauseOnPlaybackTests.EnteredPausedSteHandler_ConfigureNormalPlayback" time="0.0856173" status="run">
		<properties/>
		<system-out>Note: Google Test filter = PauseOnPlaybackTests.EnteredPausedSteHandler_ConfigureNormalPlayback
[==========] Running 1 test from 1 test suite.
[----------] Global test environment set-up.
[----------] 1 test from PauseOnPlaybackTests
[ RUN      ] PauseOnPlaybackTests.EnteredPausedSteHandler_ConfigureNormalPlayback
[PLAYER_IF][000][MIL][6ca8cc55f4275f83][ConfigurePipeline][307]Gstreamer subs disabled
[PLAYER_IF][001][MIL][6ca8cc55f4275f83][ConfigurePipeline][326]Rialto disabled
[PLAYER_IF][002][MIL][6ca8cc55f4275f83][ConfigurePipeline][360]Create pipeline testPipeline (pipeline 0x0 bus 0x0)
[PLAYER_IF][003][MIL][6ca8cc55f4275f83][CreatePipeline][3889]Creating gstreamer pipeline testPipeline priority 0
[PLAYER_IF][004][MIL][6ca8cc55f4275f83][CreatePipeline][3910]Pipeline buffering_enabled 0
[PLAYER_IF][005][MIL][6ca8cc55f4275f83][ConfigurePipeline][386]Closing stream 0 old format = 0, new format = 10
[PLAYER_IF][006][MIL][6ca8cc55f4275f83][ConfigurePipeline][386]Closing stream 1 old format = 0, new format = 4
[...
[This part of the test output was removed since it exceeds the threshold of 1024 bytes.]
</system-out>
	</testcase>
	<testcase name="PlayerGstPlayer:PauseOnPlaybackTests.bus_messsage_FrameStepPropertyAvailable" classname="PlayerGstPlayer:PauseOnPlaybackTests.bus_messsage_FrameStepPropertyAvailable" time="0.0891893" status="run">
		<properties/>
		<system-out>Note: Google Test filter = PauseOnPlaybackTests.bus_messsage_FrameStepPropertyAvailable
[==========] Running 1 test from 1 test suite.
[----------] Global test environment set-up.
[----------] 1 test from PauseOnPlaybackTests
[ RUN      ] PauseOnPlaybackTests.bus_messsage_FrameStepPropertyAvailable
[PLAYER_IF][000][MIL][6ca8cc55f4275f83][ConfigurePipeline][307]Gstreamer subs disabled
[PLAYER_IF][001][MIL][6ca8cc55f4275f83][ConfigurePipeline][326]Rialto disabled
[PLAYER_IF][002][MIL][6ca8cc55f4275f83][ConfigurePipeline][360]Create pipeline testPipeline (pipeline 0x0 bus 0x0)
[PLAYER_IF][003][MIL][6ca8cc55f4275f83][CreatePipeline][3889]Creating gstreamer pipeline testPipeline priority 0
[PLAYER_IF][004][MIL][6ca8cc55f4275f83][CreatePipeline][3910]Pipeline buffering_enabled 0
[PLAYER_IF][005][MIL][6ca8cc55f4275f83][ConfigurePipeline][386]Closing stream 0 old format = 0, new format = 10
[PLAYER_IF][006][MIL][6ca8cc55f4275f83][ConfigurePipeline][386]Closing stream 1 old format = 0, new format = 4
[PLAYER_IF][007][...
[This part of the test output was removed since it exceeds the threshold of 1024 bytes.]
</system-out>
	</testcase>
	<testcase name="PlayerGstPlayer:PauseOnPlaybackTests.bus_message_FrameStepPropertyNotAvailable" classname="PlayerGstPlayer:PauseOnPlaybackTests.bus_message_FrameStepPropertyNotAvailable" time="0.0886644" status="run">
		<properties/>
		<system-out>Note: Google Test filter = PauseOnPlaybackTests.bus_message_FrameStepPropertyNotAvailable
[==========] Running 1 test from 1 test suite.
[----------] Global test environment set-up.
[----------] 1 test from PauseOnPlaybackTests
[ RUN      ] PauseOnPlaybackTests.bus_message_FrameStepPropertyNotAvailable
[PLAYER_IF][000][MIL][6ca8cc55f4275f83][ConfigurePipeline][307]Gstreamer subs disabled
[PLAYER_IF][001][MIL][6ca8cc55f4275f83][ConfigurePipeline][326]Rialto disabled
[PLAYER_IF][002][MIL][6ca8cc55f4275f83][ConfigurePipeline][360]Create pipeline testPipeline (pipeline 0x0 bus 0x0)
[PLAYER_IF][003][MIL][6ca8cc55f4275f83][CreatePipeline][3889]Creating gstreamer pipeline testPipeline priority 0
[PLAYER_IF][004][MIL][6ca8cc55f4275f83][CreatePipeline][3910]Pipeline buffering_enabled 0
[PLAYER_IF][005][MIL][6ca8cc55f4275f83][ConfigurePipeline][386]Closing stream 0 old format = 0, new format = 10
[PLAYER_IF][006][MIL][6ca8cc55f4275f83][ConfigurePipeline][386]Closing stream 1 old format = 0, new format = 4
[PLAYER_IF][0...
[This part of the test output was removed since it exceeds the threshold of 1024 bytes.]
</system-out>
	</testcase>
	<testcase name="PlayerGstPlayer:GstPlayerTests.Constructor" classname="PlayerGstPlayer:GstPlayerTests.Constructor" time="0.0833645" status="run">
		<properties/>
		<system-out>Note: Google Test filter = GstPlayerTests.Constructor
[==========] Running 1 test from 1 test suite.
[----------] Global test environment set-up.
[----------] 1 test from GstPlayerTests
[ RUN      ] GstPlayerTests.Constructor
[       OK ] GstPlayerTests.Constructor (0 ms)
[----------] 1 test from GstPlayerTests (0 ms total)

[----------] Global test environment tear-down
[==========] 1 test from 1 test suite ran. (0 ms total)
[  PASSED  ] 1 test.
</system-out>
	</testcase>
	<testcase name="PlayerGstPlayer:GstPlayerTests.TimerAdd" classname="PlayerGstPlayer:GstPlayerTests.TimerAdd" time="0.0920316" status="run">
		<properties/>
		<system-out>Note: Google Test filter = GstPlayerTests.TimerAdd
[==========] Running 1 test from 1 test suite.
[----------] Global test environment set-up.
[----------] 1 test from GstPlayerTests
[ RUN      ] GstPlayerTests.TimerAdd
[PLAYER_IF][000][ERROR][6ca8cc55f4275f83][TimerAdd][3598]Bad pointer. funcPtr = 0x0, user_data=0x0
[PLAYER_IF][001][ERROR][6ca8cc55f4275f83][TimerAdd][3598]Bad pointer. funcPtr = 0x1048342b4, user_data=0x0
[       OK ] GstPlayerTests.TimerAdd (0 ms)
[----------] 1 test from GstPlayerTests (0 ms total)

[----------] Global test environment tear-down
[==========] 1 test from 1 test suite ran. (0 ms total)
[  PASSED  ] 1 test.
</system-out>
	</testcase>
	<testcase name="PlayerGstPlayer:GstPlayerTests.TimerRemove" classname="PlayerGstPlayer:GstPlayerTests.TimerRemove" time="0.0864292" status="run">
		<properties/>
		<system-out>Note: Google Test filter = GstPlayerTests.TimerRemove
[==========] Running 1 test from 1 test suite.
[----------] Global test environment set-up.
[----------] 1 test from GstPlayerTests
[ RUN      ] GstPlayerTests.TimerRemove
[       OK ] GstPlayerTests.TimerRemove (0 ms)
[----------] 1 test from GstPlayerTests (0 ms total)

[----------] Global test environment tear-down
[==========] 1 test from 1 test suite ran. (0 ms total)
[  PASSED  ] 1 test.
</system-out>
	</testcase>
	<testcase name="PlayerGstPlayer:GstPlayerTests.SetAudioVolume_NoSink" classname="PlayerGstPlayer:GstPlayerTests.SetAudioVolume_NoSink" time="0.0844524" status="run">
		<properties/>
		<system-out>Note: Google Test filter = GstPlayerTests.SetAudioVolume_NoSink
[==========] Running 1 test from 1 test suite.
[----------] Global test environment set-up.
[----------] 1 test from GstPlayerTests
[ RUN      ] GstPlayerTests.SetAudioVolume_NoSink
[       OK ] GstPlayerTests.SetAudioVolume_NoSink (0 ms)
[----------] 1 test from GstPlayerTests (0 ms total)

[----------] Global test environment tear-down
[==========] 1 test from 1 test suite ran. (0 ms total)
[  PASSED  ] 1 test.
</system-out>
	</testcase>
	<testcase name="PlayerGstPlayer:GstPlayerTests.SetVideoMute_NoSink" classname="PlayerGstPlayer:GstPlayerTests.SetVideoMute_NoSink" time="0.0873073" status="run">
		<properties/>
		<system-out>Note: Google Test filter = GstPlayerTests.SetVideoMute_NoSink
[==========] Running 1 test from 1 test suite.
[----------] Global test environment set-up.
[----------] 1 test from GstPlayerTests
[ RUN      ] GstPlayerTests.SetVideoMute_NoSink
[       OK ] GstPlayerTests.SetVideoMute_NoSink (0 ms)
[----------] 1 test from GstPlayerTests (0 ms total)

[----------] Global test environment tear-down
[==========] 1 test from 1 test suite ran. (0 ms total)
[  PASSED  ] 1 test.
</system-out>
	</testcase>
	<testcase name="PlayerGstPlayer:GstPlayerTests.MonitorAV" classname="PlayerGstPlayer:GstPlayerTests.MonitorAV" time="0.0981093" status="run">
		<properties/>
		<system-out>Note: Google Test filter = GstPlayerTests.MonitorAV
[==========] Running 1 test from 1 test suite.
[----------] Global test environment set-up.
[----------] 1 test from GstPlayerTests
[ RUN      ] GstPlayerTests.MonitorAV
[PLAYER_IF][000][MIL][6ca8cc55f4275f83][ConfigurePipeline][307]Gstreamer subs disabled
[PLAYER_IF][001][MIL][6ca8cc55f4275f83][ConfigurePipeline][345]Rialto enabled
[PLAYER_IF][002][MIL][6ca8cc55f4275f83][ConfigurePipeline][360]Create pipeline testPipeline (pipeline 0x0 bus 0x0)
[PLAYER_IF][003][MIL][6ca8cc55f4275f83][CreatePipeline][3889]Creating gstreamer pipeline testPipeline priority 0
[PLAYER_IF][004][MIL][6ca8cc55f4275f83][CreatePipeline][3910]Pipeline buffering_enabled 0
[PLAYER_IF][005][MIL][6ca8cc55f4275f83][ConfigurePipeline][386]Closing stream 0 old format = 0, new format = 10
[PLAYER_IF][006][MIL][6ca8cc55f4275f83][ConfigurePipeline][386]Closing stream 1 old format = 0, new format = 4
[PLAYER_IF][007][MIL][6ca8cc55f4275f83][TearDownStream][1387]InterfacePlayerRDK::TearDownStream:...
[This part of the test output was removed since it exceeds the threshold of 1024 bytes.]
</system-out>
	</testcase>
	<testcase name="PlayerGstPlayer:GstPlayer/GstPlayerTestsP.Configure/0" classname="PlayerGstPlayer:GstPlayer/GstPlayerTestsP.Configure/0" time="0.0889182" status="run">
		<properties/>
		<system-out>Note: Google Test filter = GstPlayer/GstPlayerTestsP.Configure/0
[==========] Running 1 test from 1 test suite.
[----------] Global test environment set-up.
[----------] 1 test from GstPlayer/GstPlayerTestsP
[ RUN      ] GstPlayer/GstPlayerTestsP.Configure/0
[PLAYER_IF][000][MIL][6ca8cc55f4275f83][ConfigurePipeline][307]Gstreamer subs disabled
[PLAYER_IF][001][MIL][6ca8cc55f4275f83][ConfigurePipeline][345]Rialto enabled
[PLAYER_IF][002][MIL][6ca8cc55f4275f83][ConfigurePipeline][360]Create pipeline testPipeline (pipeline 0x0 bus 0x0)
[PLAYER_IF][003][MIL][6ca8cc55f4275f83][CreatePipeline][3889]Creating gstreamer pipeline testPipeline priority 0
[PLAYER_IF][004][MIL][6ca8cc55f4275f83][CreatePipeline][3910]Pipeline buffering_enabled 0
[PLAYER_IF][005][MIL][6ca8cc55f4275f83][ConfigurePipeline][386]Closing stream 0 old format = 0, new format = 10
[PLAYER_IF][006][MIL][6ca8cc55f4275f83][ConfigurePipeline][386]Closing stream 1 old format = 0, new format = 4
[PLAYER_IF][007][MIL][6ca8cc55f4275f83][TearDownStream][138...
[This part of the test output was removed since it exceeds the threshold of 1024 bytes.]
</system-out>
	</testcase>
	<testcase name="PlayerGstPlayer:GstPlayer/GstPlayerTestsP.SetAudioVolume/0" classname="PlayerGstPlayer:GstPlayer/GstPlayerTestsP.SetAudioVolume/0" time="0.0873068" status="run">
		<properties/>
		<system-out>Note: Google Test filter = GstPlayer/GstPlayerTestsP.SetAudioVolume/0
[==========] Running 1 test from 1 test suite.
[----------] Global test environment set-up.
[----------] 1 test from GstPlayer/GstPlayerTestsP
[ RUN      ] GstPlayer/GstPlayerTestsP.SetAudioVolume/0
[PLAYER_IF][000][MIL][6ca8cc55f4275f83][ConfigurePipeline][307]Gstreamer subs disabled
[PLAYER_IF][001][MIL][6ca8cc55f4275f83][ConfigurePipeline][345]Rialto enabled
[PLAYER_IF][002][MIL][6ca8cc55f4275f83][ConfigurePipeline][360]Create pipeline testPipeline (pipeline 0x0 bus 0x0)
[PLAYER_IF][003][MIL][6ca8cc55f4275f83][CreatePipeline][3889]Creating gstreamer pipeline testPipeline priority 0
[PLAYER_IF][004][MIL][6ca8cc55f4275f83][CreatePipeline][3910]Pipeline buffering_enabled 0
[PLAYER_IF][005][MIL][6ca8cc55f4275f83][ConfigurePipeline][386]Closing stream 0 old format = 0, new format = 10
[PLAYER_IF][006][MIL][6ca8cc55f4275f83][ConfigurePipeline][386]Closing stream 1 old format = 0, new format = 4
[PLAYER_IF][007][MIL][6ca8cc55f4275f83][TearDownS...
[This part of the test output was removed since it exceeds the threshold of 1024 bytes.]
</system-out>
	</testcase>
	<testcase name="PlayerGstPlayer:GstPlayer/GstPlayerTestsP.SetVideoMute/0" classname="PlayerGstPlayer:GstPlayer/GstPlayerTestsP.SetVideoMute/0" time="0.0887949" status="run">
		<properties/>
		<system-out>Note: Google Test filter = GstPlayer/GstPlayerTestsP.SetVideoMute/0
[==========] Running 1 test from 1 test suite.
[----------] Global test environment set-up.
[----------] 1 test from GstPlayer/GstPlayerTestsP
[ RUN      ] GstPlayer/GstPlayerTestsP.SetVideoMute/0
[PLAYER_IF][000][MIL][6ca8cc55f4275f83][ConfigurePipeline][307]Gstreamer subs disabled
[PLAYER_IF][001][MIL][6ca8cc55f4275f83][ConfigurePipeline][345]Rialto enabled
[PLAYER_IF][002][MIL][6ca8cc55f4275f83][ConfigurePipeline][360]Create pipeline testPipeline (pipeline 0x0 bus 0x0)
[PLAYER_IF][003][MIL][6ca8cc55f4275f83][CreatePipeline][3889]Creating gstreamer pipeline testPipeline priority 0
[PLAYER_IF][004][MIL][6ca8cc55f4275f83][CreatePipeline][3910]Pipeline buffering_enabled 0
[PLAYER_IF][005][MIL][6ca8cc55f4275f83][ConfigurePipeline][386]Closing stream 0 old format = 0, new format = 10
[PLAYER_IF][006][MIL][6ca8cc55f4275f83][ConfigurePipeline][386]Closing stream 1 old format = 0, new format = 4
[PLAYER_IF][007][MIL][6ca8cc55f4275f83][TearDownStrea...
[This part of the test output was removed since it exceeds the threshold of 1024 bytes.]
</system-out>
	</testcase>
	<testcase name="GstHandlerControlTests:FunctionalTests.instancesRunning" classname="GstHandlerControlTests:FunctionalTests.instancesRunning" time="0.060742" status="run">
		<properties/>
		<system-out>Note: Google Test filter = FunctionalTests.instancesRunning
[==========] Running 1 test from 1 test suite.
[----------] Global test environment set-up.
[----------] 1 test from FunctionalTests
[ RUN      ] FunctionalTests.instancesRunning
[       OK ] FunctionalTests.instancesRunning (0 ms)
[----------] 1 test from FunctionalTests (0 ms total)

[----------] Global test environment tear-down
[==========] 1 test from 1 test suite ran. (0 ms total)
[  PASSED  ] 1 test.
</system-out>
	</testcase>
	<testcase name="GstHandlerControlTests:FunctionalTests.returnStraightAway" classname="GstHandlerControlTests:FunctionalTests.returnStraightAway" time="0.0601961" status="run">
		<properties/>
		<system-out>Note: Google Test filter = FunctionalTests.returnStraightAway
[==========] Running 1 test from 1 test suite.
[----------] Global test environment set-up.
[----------] 1 test from FunctionalTests
[ RUN      ] FunctionalTests.returnStraightAway
[PLAYER_IF][000][MIL][6ca8cc55f4275f83][waitForDone][82]GstPlayer: all instances of test completed.
[       OK ] FunctionalTests.returnStraightAway (0 ms)
[----------] 1 test from FunctionalTests (0 ms total)

[----------] Global test environment tear-down
[==========] 1 test from 1 test suite ran. (0 ms total)
[  PASSED  ] 1 test.
</system-out>
	</testcase>
	<testcase name="GstHandlerControlTests:FunctionalTests.waitForDoneSingle" classname="GstHandlerControlTests:FunctionalTests.waitForDoneSingle" time="0.061252" status="run">
		<properties/>
		<system-out>Note: Google Test filter = FunctionalTests.waitForDoneSingle
[==========] Running 1 test from 1 test suite.
[----------] Global test environment set-up.
[----------] 1 test from FunctionalTests
[ RUN      ] FunctionalTests.waitForDoneSingle
[PLAYER_IF][000][ERROR][6ca8cc55f4275f83][waitForDone][77]GstPlayer: 1 instances of test running
[PLAYER_IF][001][MIL][6ca8cc55f4275f83][waitForDone][82]GstPlayer: all instances of test completed.
[       OK ] FunctionalTests.waitForDoneSingle (0 ms)
[----------] 1 test from FunctionalTests (0 ms total)

[----------] Global test environment tear-down
[==========] 1 test from 1 test suite ran. (0 ms total)
[  PASSED  ] 1 test.
</system-out>
	</testcase>
	<testcase name="GstHandlerControlTests:FunctionalTests.waitForDoneMultiple" classname="GstHandlerControlTests:FunctionalTests.waitForDoneMultiple" time="0.0626757" status="run">
		<properties/>
		<system-out>Note: Google Test filter = FunctionalTests.waitForDoneMultiple
[==========] Running 1 test from 1 test suite.
[----------] Global test environment set-up.
[----------] 1 test from FunctionalTests
[ RUN      ] FunctionalTests.waitForDoneMultiple
[PLAYER_IF][000][MIL][6ca8cc55f4275f83][waitForDone][82]GstPlayer: all instances of test completed.
[PLAYER_IF][001][ERROR][6ca8cc55f4275f83][waitForDone][77]GstPlayer: 1 instances of test running
[PLAYER_IF][002][ERROR][6ca8cc55f4275f83][waitForDone][77]GstPlayer: 2 instances of test running
[PLAYER_IF][003][ERROR][6ca8cc55f4275f83][waitForDone][77]GstPlayer: 3 instances of test running
[PLAYER_IF][004][ERROR][6ca8cc55f4275f83][waitForDone][77]GstPlayer: 4 instances of test running
[PLAYER_IF][005][ERROR][6ca8cc55f4275f83][waitForDone][77]GstPlayer: 5 instances of test running
[PLAYER_IF][006][ERROR][6ca8cc55f4275f83][waitForDone][77]GstPlayer: 6 instances of test running
[PLAYER_IF][007][ERROR][6ca8cc55f4275f83][waitForDone][77]GstPlayer: 7 instances of test running
...
[This part of the test output was removed since it exceeds the threshold of 1024 bytes.]
</system-out>
	</testcase>
	<testcase name="GstHandlerControlTests:FunctionalTests.moveAssignToDefault" classname="GstHandlerControlTests:FunctionalTests.moveAssignToDefault" time="0.0604928" status="run">
		<properties/>
		<system-out>Note: Google Test filter = FunctionalTests.moveAssignToDefault
[==========] Running 1 test from 1 test suite.
[----------] Global test environment set-up.
[----------] 1 test from FunctionalTests
[ RUN      ] FunctionalTests.moveAssignToDefault
[       OK ] FunctionalTests.moveAssignToDefault (0 ms)
[----------] 1 test from FunctionalTests (0 ms total)

[----------] Global test environment tear-down
[==========] 1 test from 1 test suite ran. (0 ms total)
[  PASSED  ] 1 test.
</system-out>
	</testcase>
	<testcase name="GstHandlerControlTests:FunctionalTests.moveAssignOverwriteWithDefault" classname="GstHandlerControlTests:FunctionalTests.moveAssignOverwriteWithDefault" time="0.0637097" status="run">
		<properties/>
		<system-out>Note: Google Test filter = FunctionalTests.moveAssignOverwriteWithDefault
[==========] Running 1 test from 1 test suite.
[----------] Global test environment set-up.
[----------] 1 test from FunctionalTests
[ RUN      ] FunctionalTests.moveAssignOverwriteWithDefault
[       OK ] FunctionalTests.moveAssignOverwriteWithDefault (0 ms)
[----------] 1 test from FunctionalTests (0 ms total)

[----------] Global test environment tear-down
[==========] 1 test from 1 test suite ran. (0 ms total)
[  PASSED  ] 1 test.
</system-out>
	</testcase>
	<testcase name="GstHandlerControlTests:FunctionalTests.moveAssignOverwriteValidWithValid" classname="GstHandlerControlTests:FunctionalTests.moveAssignOverwriteValidWithValid" time="0.0599831" status="run">
		<properties/>
		<system-out>Note: Google Test filter = FunctionalTests.moveAssignOverwriteValidWithValid
[==========] Running 1 test from 1 test suite.
[----------] Global test environment set-up.
[----------] 1 test from FunctionalTests
[ RUN      ] FunctionalTests.moveAssignOverwriteValidWithValid
[       OK ] FunctionalTests.moveAssignOverwriteValidWithValid (0 ms)
[----------] 1 test from FunctionalTests (0 ms total)

[----------] Global test environment tear-down
[==========] 1 test from 1 test suite ran. (0 ms total)
[  PASSED  ] 1 test.
</system-out>
	</testcase>
	<testcase name="GstHandlerControlTests:FunctionalTests.moveConstruct" classname="GstHandlerControlTests:FunctionalTests.moveConstruct" time="0.0607288" status="run">
		<properties/>
		<system-out>Note: Google Test filter = FunctionalTests.moveConstruct
[==========] Running 1 test from 1 test suite.
[----------] Global test environment set-up.
[----------] 1 test from FunctionalTests
[ RUN      ] FunctionalTests.moveConstruct
[       OK ] FunctionalTests.moveConstruct (0 ms)
[----------] 1 test from FunctionalTests (0 ms total)

[----------] Global test environment tear-down
[==========] 1 test from 1 test suite ran. (0 ms total)
[  PASSED  ] 1 test.
</system-out>
	</testcase>
	<testcase name="GstHandlerControlTests:FunctionalTests.defaultConstruct" classname="GstHandlerControlTests:FunctionalTests.defaultConstruct" time="0.0718184" status="run">
		<properties/>
		<system-out>Note: Google Test filter = FunctionalTests.defaultConstruct
[==========] Running 1 test from 1 test suite.
[----------] Global test environment set-up.
[----------] 1 test from FunctionalTests
[ RUN      ] FunctionalTests.defaultConstruct
[       OK ] FunctionalTests.defaultConstruct (0 ms)
[----------] 1 test from FunctionalTests (0 ms total)

[----------] Global test environment tear-down
[==========] 1 test from 1 test suite ran. (0 ms total)
[  PASSED  ] 1 test.
</system-out>
	</testcase>
	<testcase name="TextStyleAttributes:GetTextStyleAttributesTests.EmptyJsonOptionsString" classname="TextStyleAttributes:GetTextStyleAttributesTests.EmptyJsonOptionsString" time="0.0690247" status="run">
		<properties/>
		<system-out>Note: Google Test filter = GetTextStyleAttributesTests.EmptyJsonOptionsString
[==========] Running 1 test from 1 test suite.
[----------] Global test environment set-up.
[----------] 1 test from GetTextStyleAttributesTests
[ RUN      ] GetTextStyleAttributesTests.EmptyJsonOptionsString
[PLAYER_IF][000][WARN][6ca8cc55f4275f83][getAttributes][307]TextStyleAttributes::getAttributes
[PLAYER_IF][001][WARN][6ca8cc55f4275f83][getAttributes][453]Empty input Json string
[       OK ] GetTextStyleAttributesTests.EmptyJsonOptionsString (0 ms)
[----------] 1 test from GetTextStyleAttributesTests (0 ms total)

[----------] Global test environment tear-down
[==========] 1 test from 1 test suite ran. (0 ms total)
[  PASSED  ] 1 test.
</system-out>
	</testcase>
	<testcase name="TextStyleAttributes:GetTextStyleAttributesTests.JsonExceptionThrown" classname="TextStyleAttributes:GetTextStyleAttributesTests.JsonExceptionThrown" time="0.063588" status="run">
		<properties/>
		<system-out>Note: Google Test filter = GetTextStyleAttributesTests.JsonExceptionThrown
[==========] Running 1 test from 1 test suite.
[----------] Global test environment set-up.
[----------] 1 test from GetTextStyleAttributesTests
[ RUN      ] GetTextStyleAttributesTests.JsonExceptionThrown
[PLAYER_IF][000][WARN][6ca8cc55f4275f83][getAttributes][307]TextStyleAttributes::getAttributes
[PLAYER_IF][001][ERROR][6ca8cc55f4275f83][getAttributes][446]TextStyleAttributes: PlayerJsonParseException - Failed to parse JSON string
[       OK ] GetTextStyleAttributesTests.JsonExceptionThrown (0 ms)
[----------] 1 test from GetTextStyleAttributesTests (0 ms total)

[----------] Global test environment tear-down
[==========] 1 test from 1 test suite ran. (0 ms total)
[  PASSED  ] 1 test.
</system-out>
	</testcase>
	<testcase name="TextStyleAttributes:GetTextStyleAttributesTests.JsonValueNotReturned" classname="TextStyleAttributes:GetTextStyleAttributesTests.JsonValueNotReturned" time="0.0641537" status="run">
		<properties/>
		<system-out>Note: Google Test filter = GetTextStyleAttributesTests.JsonValueNotReturned
[==========] Running 1 test from 1 test suite.
[----------] Global test environment set-up.
[----------] 1 test from GetTextStyleAttributesTests
[ RUN      ] GetTextStyleAttributesTests.JsonValueNotReturned
[PLAYER_IF][000][WARN][6ca8cc55f4275f83][getAttributes][307]TextStyleAttributes::getAttributes
[       OK ] GetTextStyleAttributesTests.JsonValueNotReturned (0 ms)
[----------] 1 test from GetTextStyleAttributesTests (0 ms total)

[----------] Global test environment tear-down
[==========] 1 test from 1 test suite ran. (0 ms total)
[  PASSED  ] 1 test.
</system-out>
	</testcase>
	<testcase name="TextStyleAttributes:GetTextStyleAttributesTests.FontSizeRightKeyInvalidValueJsonOptionsString" classname="TextStyleAttributes:GetTextStyleAttributesTests.FontSizeRightKeyInvalidValueJsonOptionsString" time="0.0627177" status="run">
		<properties/>
		<system-out>Note: Google Test filter = GetTextStyleAttributesTests.FontSizeRightKeyInvalidValueJsonOptionsString
[==========] Running 1 test from 1 test suite.
[----------] Global test environment set-up.
[----------] 1 test from GetTextStyleAttributesTests
[ RUN      ] GetTextStyleAttributesTests.FontSizeRightKeyInvalidValueJsonOptionsString
[PLAYER_IF][000][WARN][6ca8cc55f4275f83][getAttributes][307]TextStyleAttributes::getAttributes
[PLAYER_IF][001][ERROR][6ca8cc55f4275f83][getFontSize][76]Unsupported font size type 32.4px
[PLAYER_IF][002][WARN][6ca8cc55f4275f83][getAttributes][327]Cannot parse penSize value of 32.4px
[       OK ] GetTextStyleAttributesTests.FontSizeRightKeyInvalidValueJsonOptionsString (0 ms)
[----------] 1 test from GetTextStyleAttributesTests (0 ms total)

[----------] Global test environment tear-down
[==========] 1 test from 1 test suite ran. (0 ms total)
[  PASSED  ] 1 test.
</system-out>
	</testcase>
	<testcase name="TextStyleAttributes:GetTextStyleAttributesTests.FontSizeExpectedJsonOptionsStringValueSmallLowerCase" classname="TextStyleAttributes:GetTextStyleAttributesTests.FontSizeExpectedJsonOptionsStringValueSmallLowerCase" time="0.0640642" status="run">
		<properties/>
		<system-out>Note: Google Test filter = GetTextStyleAttributesTests.FontSizeExpectedJsonOptionsStringValueSmallLowerCase
[==========] Running 1 test from 1 test suite.
[----------] Global test environment set-up.
[----------] 1 test from GetTextStyleAttributesTests
[ RUN      ] GetTextStyleAttributesTests.FontSizeExpectedJsonOptionsStringValueSmallLowerCase
[PLAYER_IF][000][WARN][6ca8cc55f4275f83][getAttributes][307]TextStyleAttributes::getAttributes
[       OK ] GetTextStyleAttributesTests.FontSizeExpectedJsonOptionsStringValueSmallLowerCase (0 ms)
[----------] 1 test from GetTextStyleAttributesTests (0 ms total)

[----------] Global test environment tear-down
[==========] 1 test from 1 test suite ran. (0 ms total)
[  PASSED  ] 1 test.
</system-out>
	</testcase>
	<testcase name="TextStyleAttributes:GetTextStyleAttributesTests.FontSizeExpectedJsonOptionsStringValueSmallUpperCase" classname="TextStyleAttributes:GetTextStyleAttributesTests.FontSizeExpectedJsonOptionsStringValueSmallUpperCase" time="0.0676381" status="run">
		<properties/>
		<system-out>Note: Google Test filter = GetTextStyleAttributesTests.FontSizeExpectedJsonOptionsStringValueSmallUpperCase
[==========] Running 1 test from 1 test suite.
[----------] Global test environment set-up.
[----------] 1 test from GetTextStyleAttributesTests
[ RUN      ] GetTextStyleAttributesTests.FontSizeExpectedJsonOptionsStringValueSmallUpperCase
[PLAYER_IF][000][WARN][6ca8cc55f4275f83][getAttributes][307]TextStyleAttributes::getAttributes
[       OK ] GetTextStyleAttributesTests.FontSizeExpectedJsonOptionsStringValueSmallUpperCase (0 ms)
[----------] 1 test from GetTextStyleAttributesTests (0 ms total)

[----------] Global test environment tear-down
[==========] 1 test from 1 test suite ran. (0 ms total)
[  PASSED  ] 1 test.
</system-out>
	</testcase>
	<testcase name="TextStyleAttributes:GetTextStyleAttributesTests.FontSizeExpectedJsonOptionsStringValueMediumLowerCase" classname="TextStyleAttributes:GetTextStyleAttributesTests.FontSizeExpectedJsonOptionsStringValueMediumLowerCase" time="0.0657333" status="run">
		<properties/>
		<system-out>Note: Google Test filter = GetTextStyleAttributesTests.FontSizeExpectedJsonOptionsStringValueMediumLowerCase
[==========] Running 1 test from 1 test suite.
[----------] Global test environment set-up.
[----------] 1 test from GetTextStyleAttributesTests
[ RUN      ] GetTextStyleAttributesTests.FontSizeExpectedJsonOptionsStringValueMediumLowerCase
[PLAYER_IF][000][WARN][6ca8cc55f4275f83][getAttributes][307]TextStyleAttributes::getAttributes
[       OK ] GetTextStyleAttributesTests.FontSizeExpectedJsonOptionsStringValueMediumLowerCase (0 ms)
[----------] 1 test from GetTextStyleAttributesTests (0 ms total)

[----------] Global test environment tear-down
[==========] 1 test from 1 test suite ran. (0 ms total)
[  PASSED  ] 1 test.
</system-out>
	</testcase>
	<testcase name="TextStyleAttributes:GetTextStyleAttributesTests.FontSizeExpectedJsonOptionsStringValueMediumUpperCase" classname="TextStyleAttributes:GetTextStyleAttributesTests.FontSizeExpectedJsonOptionsStringValueMediumUpperCase" time="0.0603694" status="run">
		<properties/>
		<system-out>Note: Google Test filter = GetTextStyleAttributesTests.FontSizeExpectedJsonOptionsStringValueMediumUpperCase
[==========] Running 1 test from 1 test suite.
[----------] Global test environment set-up.
[----------] 1 test from GetTextStyleAttributesTests
[ RUN      ] GetTextStyleAttributesTests.FontSizeExpectedJsonOptionsStringValueMediumUpperCase
[PLAYER_IF][000][WARN][6ca8cc55f4275f83][getAttributes][307]TextStyleAttributes::getAttributes
[       OK ] GetTextStyleAttributesTests.FontSizeExpectedJsonOptionsStringValueMediumUpperCase (0 ms)
[----------] 1 test from GetTextStyleAttributesTests (0 ms total)

[----------] Global test environment tear-down
[==========] 1 test from 1 test suite ran. (0 ms total)
[  PASSED  ] 1 test.
</system-out>
	</testcase>
	<testcase name="TextStyleAttributes:GetTextStyleAttributesTests.FontSizeExpectedJsonOptionsStringValueStandard" classname="TextStyleAttributes:GetTextStyleAttributesTests.FontSizeExpectedJsonOptionsStringValueStandard" time="0.062759" status="run">
		<properties/>
		<system-out>Note: Google Test filter = GetTextStyleAttributesTests.FontSizeExpectedJsonOptionsStringValueStandard
[==========] Running 1 test from 1 test suite.
[----------] Global test environment set-up.
[----------] 1 test from GetTextStyleAttributesTests
[ RUN      ] GetTextStyleAttributesTests.FontSizeExpectedJsonOptionsStringValueStandard
[PLAYER_IF][000][WARN][6ca8cc55f4275f83][getAttributes][307]TextStyleAttributes::getAttributes
[       OK ] GetTextStyleAttributesTests.FontSizeExpectedJsonOptionsStringValueStandard (0 ms)
[----------] 1 test from GetTextStyleAttributesTests (0 ms total)

[----------] Global test environment tear-down
[==========] 1 test from 1 test suite ran. (0 ms total)
[  PASSED  ] 1 test.
</system-out>
	</testcase>
	<testcase name="TextStyleAttributes:GetTextStyleAttributesTests.FontSizeExpectedJsonOptionsStringValueLarge" classname="TextStyleAttributes:GetTextStyleAttributesTests.FontSizeExpectedJsonOptionsStringValueLarge" time="0.0628089" status="run">
		<properties/>
		<system-out>Note: Google Test filter = GetTextStyleAttributesTests.FontSizeExpectedJsonOptionsStringValueLarge
[==========] Running 1 test from 1 test suite.
[----------] Global test environment set-up.
[----------] 1 test from GetTextStyleAttributesTests
[ RUN      ] GetTextStyleAttributesTests.FontSizeExpectedJsonOptionsStringValueLarge
[PLAYER_IF][000][WARN][6ca8cc55f4275f83][getAttributes][307]TextStyleAttributes::getAttributes
[       OK ] GetTextStyleAttributesTests.FontSizeExpectedJsonOptionsStringValueLarge (0 ms)
[----------] 1 test from GetTextStyleAttributesTests (0 ms total)

[----------] Global test environment tear-down
[==========] 1 test from 1 test suite ran. (0 ms total)
[  PASSED  ] 1 test.
</system-out>
	</testcase>
	<testcase name="TextStyleAttributes:GetTextStyleAttributesTests.FontSizeExpectedJsonOptionsStringValueExtralarge" classname="TextStyleAttributes:GetTextStyleAttributesTests.FontSizeExpectedJsonOptionsStringValueExtralarge" time="0.0621302" status="run">
		<properties/>
		<system-out>Note: Google Test filter = GetTextStyleAttributesTests.FontSizeExpectedJsonOptionsStringValueExtralarge
[==========] Running 1 test from 1 test suite.
[----------] Global test environment set-up.
[----------] 1 test from GetTextStyleAttributesTests
[ RUN      ] GetTextStyleAttributesTests.FontSizeExpectedJsonOptionsStringValueExtralarge
[PLAYER_IF][000][WARN][6ca8cc55f4275f83][getAttributes][307]TextStyleAttributes::getAttributes
[       OK ] GetTextStyleAttributesTests.FontSizeExpectedJsonOptionsStringValueExtralarge (0 ms)
[----------] 1 test from GetTextStyleAttributesTests (0 ms total)

[----------] Global test environment tear-down
[==========] 1 test from 1 test suite ran. (0 ms total)
[  PASSED  ] 1 test.
</system-out>
	</testcase>
	<testcase name="TextStyleAttributes:GetTextStyleAttributesTests.FontSizeExpectedJsonOptionsStringValueAuto" classname="TextStyleAttributes:GetTextStyleAttributesTests.FontSizeExpectedJsonOptionsStringValueAuto" time="0.0607391" status="run">
		<properties/>
		<system-out>Note: Google Test filter = GetTextStyleAttributesTests.FontSizeExpectedJsonOptionsStringValueAuto
[==========] Running 1 test from 1 test suite.
[----------] Global test environment set-up.
[----------] 1 test from GetTextStyleAttributesTests
[ RUN      ] GetTextStyleAttributesTests.FontSizeExpectedJsonOptionsStringValueAuto
[PLAYER_IF][000][WARN][6ca8cc55f4275f83][getAttributes][307]TextStyleAttributes::getAttributes
[       OK ] GetTextStyleAttributesTests.FontSizeExpectedJsonOptionsStringValueAuto (0 ms)
[----------] 1 test from GetTextStyleAttributesTests (0 ms total)

[----------] Global test environment tear-down
[==========] 1 test from 1 test suite ran. (0 ms total)
[  PASSED  ] 1 test.
</system-out>
	</testcase>
	<testcase name="TextStyleAttributes:GetTextStyleAttributesTests.FontStyleRightKeyInvalidValueJsonOptionsString" classname="TextStyleAttributes:GetTextStyleAttributesTests.FontStyleRightKeyInvalidValueJsonOptionsString" time="0.0634484" status="run">
		<properties/>
		<system-out>Note: Google Test filter = GetTextStyleAttributesTests.FontStyleRightKeyInvalidValueJsonOptionsString
[==========] Running 1 test from 1 test suite.
[----------] Global test environment set-up.
[----------] 1 test from GetTextStyleAttributesTests
[ RUN      ] GetTextStyleAttributesTests.FontStyleRightKeyInvalidValueJsonOptionsString
[PLAYER_IF][000][WARN][6ca8cc55f4275f83][getAttributes][307]TextStyleAttributes::getAttributes
[PLAYER_IF][001][ERROR][6ca8cc55f4275f83][getFontStyle][141]Unsupported font style type italics
[PLAYER_IF][002][WARN][6ca8cc55f4275f83][getAttributes][340]Cannot parse fontStyle value of italics
[       OK ] GetTextStyleAttributesTests.FontStyleRightKeyInvalidValueJsonOptionsString (0 ms)
[----------] 1 test from GetTextStyleAttributesTests (0 ms total)

[----------] Global test environment tear-down
[==========] 1 test from 1 test suite ran. (0 ms total)
[  PASSED  ] 1 test.
</system-out>
	</testcase>
	<testcase name="TextStyleAttributes:GetTextStyleAttributesTests.FontStyleExpectedJsonOptionsStringValueMonospacedserifLowerCase" classname="TextStyleAttributes:GetTextStyleAttributesTests.FontStyleExpectedJsonOptionsStringValueMonospacedserifLowerCase" time="0.0639334" status="run">
		<properties/>
		<system-out>Note: Google Test filter = GetTextStyleAttributesTests.FontStyleExpectedJsonOptionsStringValueMonospacedserifLowerCase
[==========] Running 1 test from 1 test suite.
[----------] Global test environment set-up.
[----------] 1 test from GetTextStyleAttributesTests
[ RUN      ] GetTextStyleAttributesTests.FontStyleExpectedJsonOptionsStringValueMonospacedserifLowerCase
[PLAYER_IF][000][WARN][6ca8cc55f4275f83][getAttributes][307]TextStyleAttributes::getAttributes
[       OK ] GetTextStyleAttributesTests.FontStyleExpectedJsonOptionsStringValueMonospacedserifLowerCase (0 ms)
[----------] 1 test from GetTextStyleAttributesTests (0 ms total)

[----------] Global test environment tear-down
[==========] 1 test from 1 test suite ran. (0 ms total)
[  PASSED  ] 1 test.
</system-out>
	</testcase>
	<testcase name="TextStyleAttributes:GetTextStyleAttributesTests.FontStyleExpectedJsonOptionsStringValueMonospacedserifLowerCaseSpaceSeparated" classname="TextStyleAttributes:GetTextStyleAttributesTests.FontStyleExpectedJsonOptionsStringValueMonospacedserifLowerCaseSpaceSeparated" time="0.062568" status="run">
		<properties/>
		<system-out>Note: Google Test filter = GetTextStyleAttributesTests.FontStyleExpectedJsonOptionsStringValueMonospacedserifLowerCaseSpaceSeparated
[==========] Running 1 test from 1 test suite.
[----------] Global test environment set-up.
[----------] 1 test from GetTextStyleAttributesTests
[ RUN      ] GetTextStyleAttributesTests.FontStyleExpectedJsonOptionsStringValueMonospacedserifLowerCaseSpaceSeparated
[PLAYER_IF][000][WARN][6ca8cc55f4275f83][getAttributes][307]TextStyleAttributes::getAttributes
[       OK ] GetTextStyleAttributesTests.FontStyleExpectedJsonOptionsStringValueMonospacedserifLowerCaseSpaceSeparated (0 ms)
[----------] 1 test from GetTextStyleAttributesTests (0 ms total)

[----------] Global test environment tear-down
[==========] 1 test from 1 test suite ran. (0 ms total)
[  PASSED  ] 1 test.
</system-out>
	</testcase>
	<testcase name="TextStyleAttributes:GetTextStyleAttributesTests.FontStyleExpectedJsonOptionsStringValueMonospacedserifUpperCase" classname="TextStyleAttributes:GetTextStyleAttributesTests.FontStyleExpectedJsonOptionsStringValueMonospacedserifUpperCase" time="0.0628562" status="run">
		<properties/>
		<system-out>Note: Google Test filter = GetTextStyleAttributesTests.FontStyleExpectedJsonOptionsStringValueMonospacedserifUpperCase
[==========] Running 1 test from 1 test suite.
[----------] Global test environment set-up.
[----------] 1 test from GetTextStyleAttributesTests
[ RUN      ] GetTextStyleAttributesTests.FontStyleExpectedJsonOptionsStringValueMonospacedserifUpperCase
[PLAYER_IF][000][WARN][6ca8cc55f4275f83][getAttributes][307]TextStyleAttributes::getAttributes
[       OK ] GetTextStyleAttributesTests.FontStyleExpectedJsonOptionsStringValueMonospacedserifUpperCase (0 ms)
[----------] 1 test from GetTextStyleAttributesTests (0 ms total)

[----------] Global test environment tear-down
[==========] 1 test from 1 test suite ran. (0 ms total)
[  PASSED  ] 1 test.
</system-out>
	</testcase>
	<testcase name="TextStyleAttributes:GetTextStyleAttributesTests.FontStyleExpectedJsonOptionsStringValueProportionalserif" classname="TextStyleAttributes:GetTextStyleAttributesTests.FontStyleExpectedJsonOptionsStringValueProportionalserif" time="0.0677495" status="run">
		<properties/>
		<system-out>Note: Google Test filter = GetTextStyleAttributesTests.FontStyleExpectedJsonOptionsStringValueProportionalserif
[==========] Running 1 test from 1 test suite.
[----------] Global test environment set-up.
[----------] 1 test from GetTextStyleAttributesTests
[ RUN      ] GetTextStyleAttributesTests.FontStyleExpectedJsonOptionsStringValueProportionalserif
[PLAYER_IF][000][WARN][6ca8cc55f4275f83][getAttributes][307]TextStyleAttributes::getAttributes
[       OK ] GetTextStyleAttributesTests.FontStyleExpectedJsonOptionsStringValueProportionalserif (0 ms)
[----------] 1 test from GetTextStyleAttributesTests (0 ms total)

[----------] Global test environment tear-down
[==========] 1 test from 1 test suite ran. (0 ms total)
[  PASSED  ] 1 test.
</system-out>
	</testcase>
	<testcase name="TextStyleAttributes:GetTextStyleAttributesTests.FontStyleExpectedJsonOptionsStringValueMonospacedsansserif" classname="TextStyleAttributes:GetTextStyleAttributesTests.FontStyleExpectedJsonOptionsStringValueMonospacedsansserif" time="0.0645298" status="run">
		<properties/>
		<system-out>Note: Google Test filter = GetTextStyleAttributesTests.FontStyleExpectedJsonOptionsStringValueMonospacedsansserif
[==========] Running 1 test from 1 test suite.
[----------] Global test environment set-up.
[----------] 1 test from GetTextStyleAttributesTests
[ RUN      ] GetTextStyleAttributesTests.FontStyleExpectedJsonOptionsStringValueMonospacedsansserif
[PLAYER_IF][000][WARN][6ca8cc55f4275f83][getAttributes][307]TextStyleAttributes::getAttributes
[       OK ] GetTextStyleAttributesTests.FontStyleExpectedJsonOptionsStringValueMonospacedsansserif (0 ms)
[----------] 1 test from GetTextStyleAttributesTests (0 ms total)

[----------] Global test environment tear-down
[==========] 1 test from 1 test suite ran. (0 ms total)
[  PASSED  ] 1 test.
</system-out>
	</testcase>
	<testcase name="TextStyleAttributes:GetTextStyleAttributesTests.FontStyleExpectedJsonOptionsStringValueProportionalsansserif" classname="TextStyleAttributes:GetTextStyleAttributesTests.FontStyleExpectedJsonOptionsStringValueProportionalsansserif" time="0.0668151" status="run">
		<properties/>
		<system-out>Note: Google Test filter = GetTextStyleAttributesTests.FontStyleExpectedJsonOptionsStringValueProportionalsansserif
[==========] Running 1 test from 1 test suite.
[----------] Global test environment set-up.
[----------] 1 test from GetTextStyleAttributesTests
[ RUN      ] GetTextStyleAttributesTests.FontStyleExpectedJsonOptionsStringValueProportionalsansserif
[PLAYER_IF][000][WARN][6ca8cc55f4275f83][getAttributes][307]TextStyleAttributes::getAttributes
[       OK ] GetTextStyleAttributesTests.FontStyleExpectedJsonOptionsStringValueProportionalsansserif (0 ms)
[----------] 1 test from GetTextStyleAttributesTests (0 ms total)

[----------] Global test environment tear-down
[==========] 1 test from 1 test suite ran. (0 ms total)
[  PASSED  ] 1 test.
</system-out>
	</testcase>
	<testcase name="TextStyleAttributes:GetTextStyleAttributesTests.FontStyleExpectedJsonOptionsStringValueCasual" classname="TextStyleAttributes:GetTextStyleAttributesTests.FontStyleExpectedJsonOptionsStringValueCasual" time="0.0649328" status="run">
		<properties/>
		<system-out>Note: Google Test filter = GetTextStyleAttributesTests.FontStyleExpectedJsonOptionsStringValueCasual
[==========] Running 1 test from 1 test suite.
[----------] Global test environment set-up.
[----------] 1 test from GetTextStyleAttributesTests
[ RUN      ] GetTextStyleAttributesTests.FontStyleExpectedJsonOptionsStringValueCasual
[PLAYER_IF][000][WARN][6ca8cc55f4275f83][getAttributes][307]TextStyleAttributes::getAttributes
[       OK ] GetTextStyleAttributesTests.FontStyleExpectedJsonOptionsStringValueCasual (0 ms)
[----------] 1 test from GetTextStyleAttributesTests (0 ms total)

[----------] Global test environment tear-down
[==========] 1 test from 1 test suite ran. (0 ms total)
[  PASSED  ] 1 test.
</system-out>
	</testcase>
	<testcase name="TextStyleAttributes:GetTextStyleAttributesTests.FontStyleExpectedJsonOptionsStringValueCursive" classname="TextStyleAttributes:GetTextStyleAttributesTests.FontStyleExpectedJsonOptionsStringValueCursive" time="0.0652455" status="run">
		<properties/>
		<system-out>Note: Google Test filter = GetTextStyleAttributesTests.FontStyleExpectedJsonOptionsStringValueCursive
[==========] Running 1 test from 1 test suite.
[----------] Global test environment set-up.
[----------] 1 test from GetTextStyleAttributesTests
[ RUN      ] GetTextStyleAttributesTests.FontStyleExpectedJsonOptionsStringValueCursive
[PLAYER_IF][000][WARN][6ca8cc55f4275f83][getAttributes][307]TextStyleAttributes::getAttributes
[       OK ] GetTextStyleAttributesTests.FontStyleExpectedJsonOptionsStringValueCursive (0 ms)
[----------] 1 test from GetTextStyleAttributesTests (0 ms total)

[----------] Global test environment tear-down
[==========] 1 test from 1 test suite ran. (0 ms total)
[  PASSED  ] 1 test.
</system-out>
	</testcase>
	<testcase name="TextStyleAttributes:GetTextStyleAttributesTests.FontStyleExpectedJsonOptionsStringValueSmallcapital" classname="TextStyleAttributes:GetTextStyleAttributesTests.FontStyleExpectedJsonOptionsStringValueSmallcapital" time="0.065497" status="run">
		<properties/>
		<system-out>Note: Google Test filter = GetTextStyleAttributesTests.FontStyleExpectedJsonOptionsStringValueSmallcapital
[==========] Running 1 test from 1 test suite.
[----------] Global test environment set-up.
[----------] 1 test from GetTextStyleAttributesTests
[ RUN      ] GetTextStyleAttributesTests.FontStyleExpectedJsonOptionsStringValueSmallcapital
[PLAYER_IF][000][WARN][6ca8cc55f4275f83][getAttributes][307]TextStyleAttributes::getAttributes
[       OK ] GetTextStyleAttributesTests.FontStyleExpectedJsonOptionsStringValueSmallcapital (0 ms)
[----------] 1 test from GetTextStyleAttributesTests (0 ms total)

[----------] Global test environment tear-down
[==========] 1 test from 1 test suite ran. (0 ms total)
[  PASSED  ] 1 test.
</system-out>
	</testcase>
	<testcase name="TextStyleAttributes:GetTextStyleAttributesTests.FontStyleExpectedJsonOptionsStringValueDefault" classname="TextStyleAttributes:GetTextStyleAttributesTests.FontStyleExpectedJsonOptionsStringValueDefault" time="0.0626628" status="run">
		<properties/>
		<system-out>Note: Google Test filter = GetTextStyleAttributesTests.FontStyleExpectedJsonOptionsStringValueDefault
[==========] Running 1 test from 1 test suite.
[----------] Global test environment set-up.
[----------] 1 test from GetTextStyleAttributesTests
[ RUN      ] GetTextStyleAttributesTests.FontStyleExpectedJsonOptionsStringValueDefault
[PLAYER_IF][000][WARN][6ca8cc55f4275f83][getAttributes][307]TextStyleAttributes::getAttributes
[       OK ] GetTextStyleAttributesTests.FontStyleExpectedJsonOptionsStringValueDefault (0 ms)
[----------] 1 test from GetTextStyleAttributesTests (0 ms total)

[----------] Global test environment tear-down
[==========] 1 test from 1 test suite ran. (0 ms total)
[  PASSED  ] 1 test.
</system-out>
	</testcase>
	<testcase name="TextStyleAttributes:GetTextStyleAttributesTests.FontStyleExpectedJsonOptionsStringValueAuto" classname="TextStyleAttributes:GetTextStyleAttributesTests.FontStyleExpectedJsonOptionsStringValueAuto" time="0.0628233" status="run">
		<properties/>
		<system-out>Note: Google Test filter = GetTextStyleAttributesTests.FontStyleExpectedJsonOptionsStringValueAuto
[==========] Running 1 test from 1 test suite.
[----------] Global test environment set-up.
[----------] 1 test from GetTextStyleAttributesTests
[ RUN      ] GetTextStyleAttributesTests.FontStyleExpectedJsonOptionsStringValueAuto
[PLAYER_IF][000][WARN][6ca8cc55f4275f83][getAttributes][307]TextStyleAttributes::getAttributes
[       OK ] GetTextStyleAttributesTests.FontStyleExpectedJsonOptionsStringValueAuto (0 ms)
[----------] 1 test from GetTextStyleAttributesTests (0 ms total)

[----------] Global test environment tear-down
[==========] 1 test from 1 test suite ran. (0 ms total)
[  PASSED  ] 1 test.
</system-out>
	</testcase>
	<testcase name="TextStyleAttributes:GetTextStyleAttributesTests.FontColorRightKeyInvalidValueJsonOptionsString" classname="TextStyleAttributes:GetTextStyleAttributesTests.FontColorRightKeyInvalidValueJsonOptionsString" time="0.0635118" status="run">
		<properties/>
		<system-out>Note: Google Test filter = GetTextStyleAttributesTests.FontColorRightKeyInvalidValueJsonOptionsString
[==========] Running 1 test from 1 test suite.
[----------] Global test environment set-up.
[----------] 1 test from GetTextStyleAttributesTests
[ RUN      ] GetTextStyleAttributesTests.FontColorRightKeyInvalidValueJsonOptionsString
[PLAYER_IF][000][WARN][6ca8cc55f4275f83][getAttributes][307]TextStyleAttributes::getAttributes
[PLAYER_IF][001][ERROR][6ca8cc55f4275f83][getColor][176]Unsupported font color pink
[PLAYER_IF][002][WARN][6ca8cc55f4275f83][getAttributes][353]Cannot parse font color value of pink
[       OK ] GetTextStyleAttributesTests.FontColorRightKeyInvalidValueJsonOptionsString (0 ms)
[----------] 1 test from GetTextStyleAttributesTests (0 ms total)

[----------] Global test environment tear-down
[==========] 1 test from 1 test suite ran. (0 ms total)
[  PASSED  ] 1 test.
</system-out>
	</testcase>
	<testcase name="TextStyleAttributes:GetTextStyleAttributesTests.FontColorExpectedJsonOptionsStringValueBlackLowerCase" classname="TextStyleAttributes:GetTextStyleAttributesTests.FontColorExpectedJsonOptionsStringValueBlackLowerCase" time="0.0631887" status="run">
		<properties/>
		<system-out>Note: Google Test filter = GetTextStyleAttributesTests.FontColorExpectedJsonOptionsStringValueBlackLowerCase
[==========] Running 1 test from 1 test suite.
[----------] Global test environment set-up.
[----------] 1 test from GetTextStyleAttributesTests
[ RUN      ] GetTextStyleAttributesTests.FontColorExpectedJsonOptionsStringValueBlackLowerCase
[PLAYER_IF][000][WARN][6ca8cc55f4275f83][getAttributes][307]TextStyleAttributes::getAttributes
[       OK ] GetTextStyleAttributesTests.FontColorExpectedJsonOptionsStringValueBlackLowerCase (0 ms)
[----------] 1 test from GetTextStyleAttributesTests (0 ms total)

[----------] Global test environment tear-down
[==========] 1 test from 1 test suite ran. (0 ms total)
[  PASSED  ] 1 test.
</system-out>
	</testcase>
	<testcase name="TextStyleAttributes:GetTextStyleAttributesTests.FontColorExpectedJsonOptionsStringValueBlackUpperCase" classname="TextStyleAttributes:GetTextStyleAttributesTests.FontColorExpectedJsonOptionsStringValueBlackUpperCase" time="0.0632797" status="run">
		<properties/>
		<system-out>Note: Google Test filter = GetTextStyleAttributesTests.FontColorExpectedJsonOptionsStringValueBlackUpperCase
[==========] Running 1 test from 1 test suite.
[----------] Global test environment set-up.
[----------] 1 test from GetTextStyleAttributesTests
[ RUN      ] GetTextStyleAttributesTests.FontColorExpectedJsonOptionsStringValueBlackUpperCase
[PLAYER_IF][000][WARN][6ca8cc55f4275f83][getAttributes][307]TextStyleAttributes::getAttributes
[       OK ] GetTextStyleAttributesTests.FontColorExpectedJsonOptionsStringValueBlackUpperCase (0 ms)
[----------] 1 test from GetTextStyleAttributesTests (0 ms total)

[----------] Global test environment tear-down
[==========] 1 test from 1 test suite ran. (0 ms total)
[  PASSED  ] 1 test.
</system-out>
	</testcase>
	<testcase name="TextStyleAttributes:GetTextStyleAttributesTests.FontColorExpectedJsonOptionsStringValueWhite" classname="TextStyleAttributes:GetTextStyleAttributesTests.FontColorExpectedJsonOptionsStringValueWhite" time="0.0634956" status="run">
		<properties/>
		<system-out>Note: Google Test filter = GetTextStyleAttributesTests.FontColorExpectedJsonOptionsStringValueWhite
[==========] Running 1 test from 1 test suite.
[----------] Global test environment set-up.
[----------] 1 test from GetTextStyleAttributesTests
[ RUN      ] GetTextStyleAttributesTests.FontColorExpectedJsonOptionsStringValueWhite
[PLAYER_IF][000][WARN][6ca8cc55f4275f83][getAttributes][307]TextStyleAttributes::getAttributes
[       OK ] GetTextStyleAttributesTests.FontColorExpectedJsonOptionsStringValueWhite (0 ms)
[----------] 1 test from GetTextStyleAttributesTests (0 ms total)

[----------] Global test environment tear-down
[==========] 1 test from 1 test suite ran. (0 ms total)
[  PASSED  ] 1 test.
</system-out>
	</testcase>
	<testcase name="TextStyleAttributes:GetTextStyleAttributesTests.FontColorExpectedJsonOptionsStringValueRed" classname="TextStyleAttributes:GetTextStyleAttributesTests.FontColorExpectedJsonOptionsStringValueRed" time="0.0653246" status="run">
		<properties/>
		<system-out>Note: Google Test filter = GetTextStyleAttributesTests.FontColorExpectedJsonOptionsStringValueRed
[==========] Running 1 test from 1 test suite.
[----------] Global test environment set-up.
[----------] 1 test from GetTextStyleAttributesTests
[ RUN      ] GetTextStyleAttributesTests.FontColorExpectedJsonOptionsStringValueRed
[PLAYER_IF][000][WARN][6ca8cc55f4275f83][getAttributes][307]TextStyleAttributes::getAttributes
[       OK ] GetTextStyleAttributesTests.FontColorExpectedJsonOptionsStringValueRed (0 ms)
[----------] 1 test from GetTextStyleAttributesTests (0 ms total)

[----------] Global test environment tear-down
[==========] 1 test from 1 test suite ran. (0 ms total)
[  PASSED  ] 1 test.
</system-out>
	</testcase>
	<testcase name="TextStyleAttributes:GetTextStyleAttributesTests.FontColorExpectedJsonOptionsStringValueGreen" classname="TextStyleAttributes:GetTextStyleAttributesTests.FontColorExpectedJsonOptionsStringValueGreen" time="0.0635289" status="run">
		<properties/>
		<system-out>Note: Google Test filter = GetTextStyleAttributesTests.FontColorExpectedJsonOptionsStringValueGreen
[==========] Running 1 test from 1 test suite.
[----------] Global test environment set-up.
[----------] 1 test from GetTextStyleAttributesTests
[ RUN      ] GetTextStyleAttributesTests.FontColorExpectedJsonOptionsStringValueGreen
[PLAYER_IF][000][WARN][6ca8cc55f4275f83][getAttributes][307]TextStyleAttributes::getAttributes
[       OK ] GetTextStyleAttributesTests.FontColorExpectedJsonOptionsStringValueGreen (0 ms)
[----------] 1 test from GetTextStyleAttributesTests (0 ms total)

[----------] Global test environment tear-down
[==========] 1 test from 1 test suite ran. (0 ms total)
[  PASSED  ] 1 test.
</system-out>
	</testcase>
	<testcase name="TextStyleAttributes:GetTextStyleAttributesTests.FontColorExpectedJsonOptionsStringValueBlue" classname="TextStyleAttributes:GetTextStyleAttributesTests.FontColorExpectedJsonOptionsStringValueBlue" time="0.0612273" status="run">
		<properties/>
		<system-out>Note: Google Test filter = GetTextStyleAttributesTests.FontColorExpectedJsonOptionsStringValueBlue
[==========] Running 1 test from 1 test suite.
[----------] Global test environment set-up.
[----------] 1 test from GetTextStyleAttributesTests
[ RUN      ] GetTextStyleAttributesTests.FontColorExpectedJsonOptionsStringValueBlue
[PLAYER_IF][000][WARN][6ca8cc55f4275f83][getAttributes][307]TextStyleAttributes::getAttributes
[       OK ] GetTextStyleAttributesTests.FontColorExpectedJsonOptionsStringValueBlue (0 ms)
[----------] 1 test from GetTextStyleAttributesTests (0 ms total)

[----------] Global test environment tear-down
[==========] 1 test from 1 test suite ran. (0 ms total)
[  PASSED  ] 1 test.
</system-out>
	</testcase>
	<testcase name="TextStyleAttributes:GetTextStyleAttributesTests.FontColorExpectedJsonOptionsStringValueBlack" classname="TextStyleAttributes:GetTextStyleAttributesTests.FontColorExpectedJsonOptionsStringValueBlack" time="0.0632389" status="run">
		<properties/>
		<system-out>Note: Google Test filter = GetTextStyleAttributesTests.FontColorExpectedJsonOptionsStringValueBlack
[==========] Running 1 test from 1 test suite.
[----------] Global test environment set-up.
[----------] 1 test from GetTextStyleAttributesTests
[ RUN      ] GetTextStyleAttributesTests.FontColorExpectedJsonOptionsStringValueBlack
[PLAYER_IF][000][WARN][6ca8cc55f4275f83][getAttributes][307]TextStyleAttributes::getAttributes
[       OK ] GetTextStyleAttributesTests.FontColorExpectedJsonOptionsStringValueBlack (0 ms)
[----------] 1 test from GetTextStyleAttributesTests (0 ms total)

[----------] Global test environment tear-down
[==========] 1 test from 1 test suite ran. (0 ms total)
[  PASSED  ] 1 test.
</system-out>
	</testcase>
	<testcase name="TextStyleAttributes:GetTextStyleAttributesTests.FontColorExpectedJsonOptionsStringValueMagenta" classname="TextStyleAttributes:GetTextStyleAttributesTests.FontColorExpectedJsonOptionsStringValueMagenta" time="0.0625344" status="run">
		<properties/>
		<system-out>Note: Google Test filter = GetTextStyleAttributesTests.FontColorExpectedJsonOptionsStringValueMagenta
[==========] Running 1 test from 1 test suite.
[----------] Global test environment set-up.
[----------] 1 test from GetTextStyleAttributesTests
[ RUN      ] GetTextStyleAttributesTests.FontColorExpectedJsonOptionsStringValueMagenta
[PLAYER_IF][000][WARN][6ca8cc55f4275f83][getAttributes][307]TextStyleAttributes::getAttributes
[       OK ] GetTextStyleAttributesTests.FontColorExpectedJsonOptionsStringValueMagenta (0 ms)
[----------] 1 test from GetTextStyleAttributesTests (0 ms total)

[----------] Global test environment tear-down
[==========] 1 test from 1 test suite ran. (0 ms total)
[  PASSED  ] 1 test.
</system-out>
	</testcase>
	<testcase name="TextStyleAttributes:GetTextStyleAttributesTests.FontColorExpectedJsonOptionsStringValueCyan" classname="TextStyleAttributes:GetTextStyleAttributesTests.FontColorExpectedJsonOptionsStringValueCyan" time="0.0673431" status="run">
		<properties/>
		<system-out>Note: Google Test filter = GetTextStyleAttributesTests.FontColorExpectedJsonOptionsStringValueCyan
[==========] Running 1 test from 1 test suite.
[----------] Global test environment set-up.
[----------] 1 test from GetTextStyleAttributesTests
[ RUN      ] GetTextStyleAttributesTests.FontColorExpectedJsonOptionsStringValueCyan
[PLAYER_IF][000][WARN][6ca8cc55f4275f83][getAttributes][307]TextStyleAttributes::getAttributes
[       OK ] GetTextStyleAttributesTests.FontColorExpectedJsonOptionsStringValueCyan (0 ms)
[----------] 1 test from GetTextStyleAttributesTests (0 ms total)

[----------] Global test environment tear-down
[==========] 1 test from 1 test suite ran. (0 ms total)
[  PASSED  ] 1 test.
</system-out>
	</testcase>
	<testcase name="TextStyleAttributes:GetTextStyleAttributesTests.FontColorExpectedJsonOptionsStringValueAuto" classname="TextStyleAttributes:GetTextStyleAttributesTests.FontColorExpectedJsonOptionsStringValueAuto" time="0.0658385" status="run">
		<properties/>
		<system-out>Note: Google Test filter = GetTextStyleAttributesTests.FontColorExpectedJsonOptionsStringValueAuto
[==========] Running 1 test from 1 test suite.
[----------] Global test environment set-up.
[----------] 1 test from GetTextStyleAttributesTests
[ RUN      ] GetTextStyleAttributesTests.FontColorExpectedJsonOptionsStringValueAuto
[PLAYER_IF][000][WARN][6ca8cc55f4275f83][getAttributes][307]TextStyleAttributes::getAttributes
[       OK ] GetTextStyleAttributesTests.FontColorExpectedJsonOptionsStringValueAuto (0 ms)
[----------] 1 test from GetTextStyleAttributesTests (0 ms total)

[----------] Global test environment tear-down
[==========] 1 test from 1 test suite ran. (0 ms total)
[  PASSED  ] 1 test.
</system-out>
	</testcase>
	<testcase name="TextStyleAttributes:GetTextStyleAttributesTests.BackgroundColorRightKeyInvalidValueJsonOptionsString" classname="TextStyleAttributes:GetTextStyleAttributesTests.BackgroundColorRightKeyInvalidValueJsonOptionsString" time="0.062052" status="run">
		<properties/>
		<system-out>Note: Google Test filter = GetTextStyleAttributesTests.BackgroundColorRightKeyInvalidValueJsonOptionsString
[==========] Running 1 test from 1 test suite.
[----------] Global test environment set-up.
[----------] 1 test from GetTextStyleAttributesTests
[ RUN      ] GetTextStyleAttributesTests.BackgroundColorRightKeyInvalidValueJsonOptionsString
[PLAYER_IF][000][WARN][6ca8cc55f4275f83][getAttributes][307]TextStyleAttributes::getAttributes
[PLAYER_IF][001][ERROR][6ca8cc55f4275f83][getColor][176]Unsupported font color pink
[PLAYER_IF][002][WARN][6ca8cc55f4275f83][getAttributes][366]Cannot parse background color value of pink
[       OK ] GetTextStyleAttributesTests.BackgroundColorRightKeyInvalidValueJsonOptionsString (0 ms)
[----------] 1 test from GetTextStyleAttributesTests (0 ms total)

[----------] Global test environment tear-down
[==========] 1 test from 1 test suite ran. (0 ms total)
[  PASSED  ] 1 test.
</system-out>
	</testcase>
	<testcase name="TextStyleAttributes:GetTextStyleAttributesTests.BackgroundColorExpectedJsonOptionsStringValueBlackLowerCase" classname="TextStyleAttributes:GetTextStyleAttributesTests.BackgroundColorExpectedJsonOptionsStringValueBlackLowerCase" time="0.0691032" status="run">
		<properties/>
		<system-out>Note: Google Test filter = GetTextStyleAttributesTests.BackgroundColorExpectedJsonOptionsStringValueBlackLowerCase
[==========] Running 1 test from 1 test suite.
[----------] Global test environment set-up.
[----------] 1 test from GetTextStyleAttributesTests
[ RUN      ] GetTextStyleAttributesTests.BackgroundColorExpectedJsonOptionsStringValueBlackLowerCase
[PLAYER_IF][000][WARN][6ca8cc55f4275f83][getAttributes][307]TextStyleAttributes::getAttributes
[       OK ] GetTextStyleAttributesTests.BackgroundColorExpectedJsonOptionsStringValueBlackLowerCase (0 ms)
[----------] 1 test from GetTextStyleAttributesTests (0 ms total)

[----------] Global test environment tear-down
[==========] 1 test from 1 test suite ran. (0 ms total)
[  PASSED  ] 1 test.
</system-out>
	</testcase>
	<testcase name="TextStyleAttributes:GetTextStyleAttributesTests.BackgroundColorExpectedJsonOptionsStringValueBlackUpperCase" classname="TextStyleAttributes:GetTextStyleAttributesTests.BackgroundColorExpectedJsonOptionsStringValueBlackUpperCase" time="0.0662762" status="run">
		<properties/>
		<system-out>Note: Google Test filter = GetTextStyleAttributesTests.BackgroundColorExpectedJsonOptionsStringValueBlackUpperCase
[==========] Running 1 test from 1 test suite.
[----------] Global test environment set-up.
[----------] 1 test from GetTextStyleAttributesTests
[ RUN      ] GetTextStyleAttributesTests.BackgroundColorExpectedJsonOptionsStringValueBlackUpperCase
[PLAYER_IF][000][WARN][6ca8cc55f4275f83][getAttributes][307]TextStyleAttributes::getAttributes
[       OK ] GetTextStyleAttributesTests.BackgroundColorExpectedJsonOptionsStringValueBlackUpperCase (0 ms)
[----------] 1 test from GetTextStyleAttributesTests (0 ms total)

[----------] Global test environment tear-down
[==========] 1 test from 1 test suite ran. (0 ms total)
[  PASSED  ] 1 test.
</system-out>
	</testcase>
	<testcase name="TextStyleAttributes:GetTextStyleAttributesTests.BackgroundColorExpectedJsonOptionsStringValueWhite" classname="TextStyleAttributes:GetTextStyleAttributesTests.BackgroundColorExpectedJsonOptionsStringValueWhite" time="0.0647533" status="run">
		<properties/>
		<system-out>Note: Google Test filter = GetTextStyleAttributesTests.BackgroundColorExpectedJsonOptionsStringValueWhite
[==========] Running 1 test from 1 test suite.
[----------] Global test environment set-up.
[----------] 1 test from GetTextStyleAttributesTests
[ RUN      ] GetTextStyleAttributesTests.BackgroundColorExpectedJsonOptionsStringValueWhite
[PLAYER_IF][000][WARN][6ca8cc55f4275f83][getAttributes][307]TextStyleAttributes::getAttributes
[       OK ] GetTextStyleAttributesTests.BackgroundColorExpectedJsonOptionsStringValueWhite (0 ms)
[----------] 1 test from GetTextStyleAttributesTests (0 ms total)

[----------] Global test environment tear-down
[==========] 1 test from 1 test suite ran. (0 ms total)
[  PASSED  ] 1 test.
</system-out>
	</testcase>
	<testcase name="TextStyleAttributes:GetTextStyleAttributesTests.BackgroundColorExpectedJsonOptionsStringValueRed" classname="TextStyleAttributes:GetTextStyleAttributesTests.BackgroundColorExpectedJsonOptionsStringValueRed" time="0.066332" status="run">
		<properties/>
		<system-out>Note: Google Test filter = GetTextStyleAttributesTests.BackgroundColorExpectedJsonOptionsStringValueRed
[==========] Running 1 test from 1 test suite.
[----------] Global test environment set-up.
[----------] 1 test from GetTextStyleAttributesTests
[ RUN      ] GetTextStyleAttributesTests.BackgroundColorExpectedJsonOptionsStringValueRed
[PLAYER_IF][000][WARN][6ca8cc55f4275f83][getAttributes][307]TextStyleAttributes::getAttributes
[       OK ] GetTextStyleAttributesTests.BackgroundColorExpectedJsonOptionsStringValueRed (0 ms)
[----------] 1 test from GetTextStyleAttributesTests (0 ms total)

[----------] Global test environment tear-down
[==========] 1 test from 1 test suite ran. (0 ms total)
[  PASSED  ] 1 test.
</system-out>
	</testcase>
	<testcase name="TextStyleAttributes:GetTextStyleAttributesTests.BackgroundColorExpectedJsonOptionsStringValueGreen" classname="TextStyleAttributes:GetTextStyleAttributesTests.BackgroundColorExpectedJsonOptionsStringValueGreen" time="0.0650612" status="run">
		<properties/>
		<system-out>Note: Google Test filter = GetTextStyleAttributesTests.BackgroundColorExpectedJsonOptionsStringValueGreen
[==========] Running 1 test from 1 test suite.
[----------] Global test environment set-up.
[----------] 1 test from GetTextStyleAttributesTests
[ RUN      ] GetTextStyleAttributesTests.BackgroundColorExpectedJsonOptionsStringValueGreen
[PLAYER_IF][000][WARN][6ca8cc55f4275f83][getAttributes][307]TextStyleAttributes::getAttributes
[       OK ] GetTextStyleAttributesTests.BackgroundColorExpectedJsonOptionsStringValueGreen (0 ms)
[----------] 1 test from GetTextStyleAttributesTests (0 ms total)

[----------] Global test environment tear-down
[==========] 1 test from 1 test suite ran. (0 ms total)
[  PASSED  ] 1 test.
</system-out>
	</testcase>
	<testcase name="TextStyleAttributes:GetTextStyleAttributesTests.BackgroundColorExpectedJsonOptionsStringValueBlue" classname="TextStyleAttributes:GetTextStyleAttributesTests.BackgroundColorExpectedJsonOptionsStringValueBlue" time="0.063625" status="run">
		<properties/>
		<system-out>Note: Google Test filter = GetTextStyleAttributesTests.BackgroundColorExpectedJsonOptionsStringValueBlue
[==========] Running 1 test from 1 test suite.
[----------] Global test environment set-up.
[----------] 1 test from GetTextStyleAttributesTests
[ RUN      ] GetTextStyleAttributesTests.BackgroundColorExpectedJsonOptionsStringValueBlue
[PLAYER_IF][000][WARN][6ca8cc55f4275f83][getAttributes][307]TextStyleAttributes::getAttributes
[       OK ] GetTextStyleAttributesTests.BackgroundColorExpectedJsonOptionsStringValueBlue (0 ms)
[----------] 1 test from GetTextStyleAttributesTests (0 ms total)

[----------] Global test environment tear-down
[==========] 1 test from 1 test suite ran. (0 ms total)
[  PASSED  ] 1 test.
</system-out>
	</testcase>
	<testcase name="TextStyleAttributes:GetTextStyleAttributesTests.BackgroundColorExpectedJsonOptionsStringValueYellow" classname="TextStyleAttributes:GetTextStyleAttributesTests.BackgroundColorExpectedJsonOptionsStringValueYellow" time="0.0637186" status="run">
		<properties/>
		<system-out>Note: Google Test filter = GetTextStyleAttributesTests.BackgroundColorExpectedJsonOptionsStringValueYellow
[==========] Running 1 test from 1 test suite.
[----------] Global test environment set-up.
[----------] 1 test from GetTextStyleAttributesTests
[ RUN      ] GetTextStyleAttributesTests.BackgroundColorExpectedJsonOptionsStringValueYellow
[PLAYER_IF][000][WARN][6ca8cc55f4275f83][getAttributes][307]TextStyleAttributes::getAttributes
[       OK ] GetTextStyleAttributesTests.BackgroundColorExpectedJsonOptionsStringValueYellow (0 ms)
[----------] 1 test from GetTextStyleAttributesTests (0 ms total)

[----------] Global test environment tear-down
[==========] 1 test from 1 test suite ran. (0 ms total)
[  PASSED  ] 1 test.
</system-out>
	</testcase>
	<testcase name="TextStyleAttributes:GetTextStyleAttributesTests.BackgroundColorExpectedJsonOptionsStringValueMagenta" classname="TextStyleAttributes:GetTextStyleAttributesTests.BackgroundColorExpectedJsonOptionsStringValueMagenta" time="0.0653025" status="run">
		<properties/>
		<system-out>Note: Google Test filter = GetTextStyleAttributesTests.BackgroundColorExpectedJsonOptionsStringValueMagenta
[==========] Running 1 test from 1 test suite.
[----------] Global test environment set-up.
[----------] 1 test from GetTextStyleAttributesTests
[ RUN      ] GetTextStyleAttributesTests.BackgroundColorExpectedJsonOptionsStringValueMagenta
[PLAYER_IF][000][WARN][6ca8cc55f4275f83][getAttributes][307]TextStyleAttributes::getAttributes
[       OK ] GetTextStyleAttributesTests.BackgroundColorExpectedJsonOptionsStringValueMagenta (0 ms)
[----------] 1 test from GetTextStyleAttributesTests (0 ms total)

[----------] Global test environment tear-down
[==========] 1 test from 1 test suite ran. (0 ms total)
[  PASSED  ] 1 test.
</system-out>
	</testcase>
	<testcase name="TextStyleAttributes:GetTextStyleAttributesTests.BackgroundColorExpectedJsonOptionsStringValueCyan" classname="TextStyleAttributes:GetTextStyleAttributesTests.BackgroundColorExpectedJsonOptionsStringValueCyan" time="0.0616735" status="run">
		<properties/>
		<system-out>Note: Google Test filter = GetTextStyleAttributesTests.BackgroundColorExpectedJsonOptionsStringValueCyan
[==========] Running 1 test from 1 test suite.
[----------] Global test environment set-up.
[----------] 1 test from GetTextStyleAttributesTests
[ RUN      ] GetTextStyleAttributesTests.BackgroundColorExpectedJsonOptionsStringValueCyan
[PLAYER_IF][000][WARN][6ca8cc55f4275f83][getAttributes][307]TextStyleAttributes::getAttributes
[       OK ] GetTextStyleAttributesTests.BackgroundColorExpectedJsonOptionsStringValueCyan (0 ms)
[----------] 1 test from GetTextStyleAttributesTests (0 ms total)

[----------] Global test environment tear-down
[==========] 1 test from 1 test suite ran. (0 ms total)
[  PASSED  ] 1 test.
</system-out>
	</testcase>
	<testcase name="TextStyleAttributes:GetTextStyleAttributesTests.BackgroundColorExpectedJsonOptionsStringValueAuto" classname="TextStyleAttributes:GetTextStyleAttributesTests.BackgroundColorExpectedJsonOptionsStringValueAuto" time="0.0603725" status="run">
		<properties/>
		<system-out>Note: Google Test filter = GetTextStyleAttributesTests.BackgroundColorExpectedJsonOptionsStringValueAuto
[==========] Running 1 test from 1 test suite.
[----------] Global test environment set-up.
[----------] 1 test from GetTextStyleAttributesTests
[ RUN      ] GetTextStyleAttributesTests.BackgroundColorExpectedJsonOptionsStringValueAuto
[PLAYER_IF][000][WARN][6ca8cc55f4275f83][getAttributes][307]TextStyleAttributes::getAttributes
[       OK ] GetTextStyleAttributesTests.BackgroundColorExpectedJsonOptionsStringValueAuto (0 ms)
[----------] 1 test from GetTextStyleAttributesTests (0 ms total)

[----------] Global test environment tear-down
[==========] 1 test from 1 test suite ran. (0 ms total)
[  PASSED  ] 1 test.
</system-out>
	</testcase>
	<testcase name="TextStyleAttributes:GetTextStyleAttributesTests.EdgeTypeRightKeyInvalidValueJsonOptionsString" classname="TextStyleAttributes:GetTextStyleAttributesTests.EdgeTypeRightKeyInvalidValueJsonOptionsString" time="0.0632969" status="run">
		<properties/>
		<system-out>Note: Google Test filter = GetTextStyleAttributesTests.EdgeTypeRightKeyInvalidValueJsonOptionsString
[==========] Running 1 test from 1 test suite.
[----------] Global test environment set-up.
[----------] 1 test from GetTextStyleAttributesTests
[ RUN      ] GetTextStyleAttributesTests.EdgeTypeRightKeyInvalidValueJsonOptionsString
[PLAYER_IF][000][WARN][6ca8cc55f4275f83][getAttributes][307]TextStyleAttributes::getAttributes
[PLAYER_IF][001][ERROR][6ca8cc55f4275f83][getEdgeType][233]Unsupported edge type curved
[       OK ] GetTextStyleAttributesTests.EdgeTypeRightKeyInvalidValueJsonOptionsString (0 ms)
[----------] 1 test from GetTextStyleAttributesTests (0 ms total)

[----------] Global test environment tear-down
[==========] 1 test from 1 test suite ran. (0 ms total)
[  PASSED  ] 1 test.
</system-out>
	</testcase>
	<testcase name="TextStyleAttributes:GetTextStyleAttributesTests.EdgeTypeExpectedJsonOptionsStringValueNoneLowerCase" classname="TextStyleAttributes:GetTextStyleAttributesTests.EdgeTypeExpectedJsonOptionsStringValueNoneLowerCase" time="0.0658583" status="run">
		<properties/>
		<system-out>Note: Google Test filter = GetTextStyleAttributesTests.EdgeTypeExpectedJsonOptionsStringValueNoneLowerCase
[==========] Running 1 test from 1 test suite.
[----------] Global test environment set-up.
[----------] 1 test from GetTextStyleAttributesTests
[ RUN      ] GetTextStyleAttributesTests.EdgeTypeExpectedJsonOptionsStringValueNoneLowerCase
[PLAYER_IF][000][WARN][6ca8cc55f4275f83][getAttributes][307]TextStyleAttributes::getAttributes
[       OK ] GetTextStyleAttributesTests.EdgeTypeExpectedJsonOptionsStringValueNoneLowerCase (0 ms)
[----------] 1 test from GetTextStyleAttributesTests (0 ms total)

[----------] Global test environment tear-down
[==========] 1 test from 1 test suite ran. (0 ms total)
[  PASSED  ] 1 test.
</system-out>
	</testcase>
	<testcase name="TextStyleAttributes:GetTextStyleAttributesTests.EdgeTypeExpectedJsonOptionsStringValueNoneUpperCase" classname="TextStyleAttributes:GetTextStyleAttributesTests.EdgeTypeExpectedJsonOptionsStringValueNoneUpperCase" time="0.0619106" status="run">
		<properties/>
		<system-out>Note: Google Test filter = GetTextStyleAttributesTests.EdgeTypeExpectedJsonOptionsStringValueNoneUpperCase
[==========] Running 1 test from 1 test suite.
[----------] Global test environment set-up.
[----------] 1 test from GetTextStyleAttributesTests
[ RUN      ] GetTextStyleAttributesTests.EdgeTypeExpectedJsonOptionsStringValueNoneUpperCase
[PLAYER_IF][000][WARN][6ca8cc55f4275f83][getAttributes][307]TextStyleAttributes::getAttributes
[       OK ] GetTextStyleAttributesTests.EdgeTypeExpectedJsonOptionsStringValueNoneUpperCase (0 ms)
[----------] 1 test from GetTextStyleAttributesTests (0 ms total)

[----------] Global test environment tear-down
[==========] 1 test from 1 test suite ran. (0 ms total)
[  PASSED  ] 1 test.
</system-out>
	</testcase>
	<testcase name="TextStyleAttributes:GetTextStyleAttributesTests.EdgeTypeExpectedJsonOptionsStringValueRaised" classname="TextStyleAttributes:GetTextStyleAttributesTests.EdgeTypeExpectedJsonOptionsStringValueRaised" time="0.0668507" status="run">
		<properties/>
		<system-out>Note: Google Test filter = GetTextStyleAttributesTests.EdgeTypeExpectedJsonOptionsStringValueRaised
[==========] Running 1 test from 1 test suite.
[----------] Global test environment set-up.
[----------] 1 test from GetTextStyleAttributesTests
[ RUN      ] GetTextStyleAttributesTests.EdgeTypeExpectedJsonOptionsStringValueRaised
[PLAYER_IF][000][WARN][6ca8cc55f4275f83][getAttributes][307]TextStyleAttributes::getAttributes
[       OK ] GetTextStyleAttributesTests.EdgeTypeExpectedJsonOptionsStringValueRaised (0 ms)
[----------] 1 test from GetTextStyleAttributesTests (0 ms total)

[----------] Global test environment tear-down
[==========] 1 test from 1 test suite ran. (0 ms total)
[  PASSED  ] 1 test.
</system-out>
	</testcase>
	<testcase name="TextStyleAttributes:GetTextStyleAttributesTests.EdgeTypeExpectedJsonOptionsStringValueDepressed" classname="TextStyleAttributes:GetTextStyleAttributesTests.EdgeTypeExpectedJsonOptionsStringValueDepressed" time="0.0680445" status="run">
		<properties/>
		<system-out>Note: Google Test filter = GetTextStyleAttributesTests.EdgeTypeExpectedJsonOptionsStringValueDepressed
[==========] Running 1 test from 1 test suite.
[----------] Global test environment set-up.
[----------] 1 test from GetTextStyleAttributesTests
[ RUN      ] GetTextStyleAttributesTests.EdgeTypeExpectedJsonOptionsStringValueDepressed
[PLAYER_IF][000][WARN][6ca8cc55f4275f83][getAttributes][307]TextStyleAttributes::getAttributes
[       OK ] GetTextStyleAttributesTests.EdgeTypeExpectedJsonOptionsStringValueDepressed (0 ms)
[----------] 1 test from GetTextStyleAttributesTests (0 ms total)

[----------] Global test environment tear-down
[==========] 1 test from 1 test suite ran. (0 ms total)
[  PASSED  ] 1 test.
</system-out>
	</testcase>
	<testcase name="TextStyleAttributes:GetTextStyleAttributesTests.EdgeTypeExpectedJsonOptionsStringValueUniform" classname="TextStyleAttributes:GetTextStyleAttributesTests.EdgeTypeExpectedJsonOptionsStringValueUniform" time="0.062981" status="run">
		<properties/>
		<system-out>Note: Google Test filter = GetTextStyleAttributesTests.EdgeTypeExpectedJsonOptionsStringValueUniform
[==========] Running 1 test from 1 test suite.
[----------] Global test environment set-up.
[----------] 1 test from GetTextStyleAttributesTests
[ RUN      ] GetTextStyleAttributesTests.EdgeTypeExpectedJsonOptionsStringValueUniform
[...]
[PLAYER_IF][002][WARN][6ca8cc55f4275f83][setDefaultKeyID][195]setDefaultKeyID : 0x4060A865887842679CBF91AE5BAE1E72 slot : 0
[PLAYER_IF][003][WARN][6ca8cc55f4275f83][setDefaultKeyID][195]setDefaultKeyID : 0x4060A865887842679CBF91AE5BAE1E72 slot : 1
[PLAYER_IF][004][WARN][6ca8cc55f4275f83][setDefaultKeyID][195]setDefaultKeyID : 0x4060A865887842679CBF91AE5BAE1E72 slot : 2
[PLAYER_IF][005][WARN][6ca8cc55f4275f83][AddKeyIdEntryToCache][69][AddKeyIdEntryToCache] slot=0, total entries=3
[PLAYER_IF][006][WARN...
[This part of the test output was removed since it exceeds the threshold of 1024 bytes.]
</system-out>
	</testcase>
	<testcase name="DrmSessionManagerTests:DrmSessionManagerComplexTests.ValidateMultiKeySlot_RealWidevinePssh_SingleKeyID" classname="DrmSessionManagerTests:DrmSessionManagerComplexTests.ValidateMultiKeySlot_RealWidevinePssh_SingleKeyID" time="0.0690917" status="run">
		<properties/>
		<system-out>Note: Google Test filter = DrmSessionManagerComplexTests.ValidateMultiKeySlot_RealWidevinePssh_SingleKeyID
[==========] Running 1 test from 1 test suite.
[----------] Global test environment set-up.
[----------] 1 test from DrmSessionManagerComplexTests
[ RUN      ] DrmSessionManagerComplexTests.ValidateMultiKeySlot_RealWidevinePssh_SingleKeyID
[PLAYER_IF][000][ERROR][6ca8cc55f4275f83][createHelper][265]creating helper
[PLAYER_IF][001][WARN][6ca8cc55f4275f83][parsePssh][119]08: 1
[PLAYER_IF][002][WARN][6ca8cc55f4275f83][parsePssh][146]0x1a: 'slingtv'

[PLAYER_IF][003][WARN][6ca8cc55f4275f83][parsePssh][146]0x2a: 'SD_HD'

[PLAYER_IF][004][WARN][6ca8cc55f4275f83][setDefaultKeyID][195]setDefaultKeyID : 0x6265643630353131353030393436396639353536393336343034623264343133 slot : 0
[PLAYER_IF][005][WARN][6ca8cc55f4275f83][getKey][214]WidevineDrmHelper::getKey defaultkey: 0 mKeyIDs.size:2
[PLAYER_IF][006][WARN][6ca8cc55f4275f83][AddKeyIdEntryToCache][69][AddKeyIdEntryToCache] slot=0, total entries=2
[PLAYER_IF][007][W...
[This part of the test output was removed since it exceeds the threshold of 1024 bytes.]
</system-out>
	</testcase>
	<testcase name="DrmSessionManagerTests:DrmSessionManagerComplexTests.ValidateMultiKeySlot_RealWidevinePssh_PartialKeysUsable" classname="DrmSessionManagerTests:DrmSessionManagerComplexTests.ValidateMultiKeySlot_RealWidevinePssh_PartialKeysUsable" time="0.0668793" status="run">
		<properties/>
		<system-out>Note: Google Test filter = DrmSessionManagerComplexTests.ValidateMultiKeySlot_RealWidevinePssh_PartialKeysUsable
[==========] Running 1 test from 1 test suite.
[----------] Global test environment set-up.
[----------] 1 test from DrmSessionManagerComplexTests
[ RUN      ] DrmSessionManagerComplexTests.ValidateMultiKeySlot_RealWidevinePssh_PartialKeysUsable
[PLAYER_IF][000][ERROR][6ca8cc55f4275f83][createHelper][265]creating helper
[PLAYER_IF][001][WARN][6ca8cc55f4275f83][setDefaultKeyID][195]setDefaultKeyID : 0x62616338646137642D393331332D376161622D383165612D623337613761646234663231 slot : 0
[PLAYER_IF][002][WARN][6ca8cc55f4275f83][AddKeyIdEntryToCache][69][AddKeyIdEntryToCache] slot=0, total entries=6
[PLAYER_IF][003][WARN][6ca8cc55f4275f83][AddKeyIdEntryToCache][74]  [0][0] keyId=0x62616338646137642D393331332D376161622D383165612D623337613761646234663231, isFailedKeyId=0

[PLAYER_IF][004][WARN][6ca8cc55f4275f83][AddKeyIdEntryToCache][74]  [0][1] keyId=0x31633965336336392D656230652D356363342D333036352D3432313...
[This part of the test output was removed since it exceeds the threshold of 1024 bytes.]
</system-out>
	</testcase>
	<testcase name="DrmSessionManagerTests:DrmSessionManagerComplexTests.OpencdmConstructionFailureTest" classname="DrmSessionManagerTests:DrmSessionManagerComplexTests.OpencdmConstructionFailureTest" time="0.060054" status="run">
		<properties/>
		<system-out>Note: Google Test filter = DrmSessionManagerComplexTests.OpencdmConstructionFailureTest
[==========] Running 1 test from 1 test suite.
[----------] Global test environment set-up.
[----------] 1 test from DrmSessionManagerComplexTests
[ RUN      ] DrmSessionManagerComplexTests.OpencdmConstructionFailureTest
[PLAYER_IF][000][ERROR][6ca8cc55f4275f83][createHelper][265]creating helper
[PLAYER_IF][001][ERROR][6ca8cc55f4275f83][initializeDrmSession][925]DRM session was not initialized : Key State 6 
[PLAYER_IF][002][ERROR][6ca8cc55f4275f83][initializeDrmSession][933]OCDM session construction failed: Key State 6 
[PLAYER_IF][003][WARN][6ca8cc55f4275f83][clearSessionData][107] DrmSessionManager:: Clearing session data
[       OK ] DrmSessionManagerComplexTests.OpencdmConstructionFailureTest (0 ms)
[----------] 1 test from DrmSessionManagerComplexTests (0 ms total)

[----------] Global test environment tear-down
[==========] 1 test from 1 test suite ran. (0 ms total)
[  PASSED  ] 1 test.
</system-out>
	</testcase>
	<testcase name="PlayerUtilsTests:PlayerUtilsTests.RawKeyToKeyId_ValidKey_ReturnsHexString" classname="PlayerUtilsTests:PlayerUtilsTests.RawKeyToKeyId_ValidKey_ReturnsHexString" time="0.0610353" status="run">
		<properties/>
		<system-out>Note: Google Test filter = PlayerUtilsTests.RawKeyToKeyId_ValidKey_ReturnsHexString
[==========] Running 1 test from 1 test suite.
[----------] Global test environment set-up.
[----------] 1 test from PlayerUtilsTests
[ RUN      ] PlayerUtilsTests.RawKeyToKeyId_ValidKey_ReturnsHexString
[       OK ] PlayerUtilsTests.RawKeyToKeyId_ValidKey_ReturnsHexString (0 ms)
[----------] 1 test from PlayerUtilsTests (0 ms total)

[----------] Global test environment tear-down
[==========] 1 test from 1 test suite ran. (0 ms total)
[  PASSED  ] 1 test.
</system-out>
	</testcase>
	<testcase name="PlayerUtilsTests:PlayerUtilsTests.RawKeyToKeyId_AllZeros_ReturnsAllZeroHexString" classname="PlayerUtilsTests:PlayerUtilsTests.RawKeyToKeyId_AllZeros_ReturnsAllZeroHexString" time="0.0699707" status="run">
		<properties/>
		<system-out>Note: Google Test filter = PlayerUtilsTests.RawKeyToKeyId_AllZeros_ReturnsAllZeroHexString
[==========] Running 1 test from 1 test suite.
[----------] Global test environment set-up.
[----------] 1 test from PlayerUtilsTests
[ RUN      ] PlayerUtilsTests.RawKeyToKeyId_AllZeros_ReturnsAllZeroHexString
[       OK ] PlayerUtilsTests.RawKeyToKeyId_AllZeros_ReturnsAllZeroHexString (0 ms)
[----------] 1 test from PlayerUtilsTests (0 ms total)

[----------] Global test environment tear-down
[==========] 1 test from 1 test suite ran. (0 ms total)
[  PASSED  ] 1 test.
</system-out>
	</testcase>
	<testcase name="PlayerUtilsTests:PlayerUtilsTests.RawKeyToKeyId_AllOnes_ReturnsFFHexString" classname="PlayerUtilsTests:PlayerUtilsTests.RawKeyToKeyId_AllOnes_ReturnsFFHexString" time="0.0654334" status="run">
		<properties/>
		<system-out>Note: Google Test filter = PlayerUtilsTests.RawKeyToKeyId_AllOnes_ReturnsFFHexString
[==========] Running 1 test from 1 test suite.
[----------] Global test environment set-up.
[----------] 1 test from PlayerUtilsTests
[ RUN      ] PlayerUtilsTests.RawKeyToKeyId_AllOnes_ReturnsFFHexString
[       OK ] PlayerUtilsTests.RawKeyToKeyId_AllOnes_ReturnsFFHexString (0 ms)
[----------] 1 test from PlayerUtilsTests (0 ms total)

[----------] Global test environment tear-down
[==========] 1 test from 1 test suite ran. (0 ms total)
[  PASSED  ] 1 test.
</system-out>
	</testcase>
	<testcase name="PlayerUtilsTests:PlayerUtilsTests.RawKeyToKeyId_MixedNibbles_ReturnsCorrectHexString" classname="PlayerUtilsTests:PlayerUtilsTests.RawKeyToKeyId_MixedNibbles_ReturnsCorrectHexString" time="0.0610852" status="run">
		<properties/>
		<system-out>Note: Google Test filter = PlayerUtilsTests.RawKeyToKeyId_MixedNibbles_ReturnsCorrectHexString
[==========] Running 1 test from 1 test suite.
[----------] Global test environment set-up.
[----------] 1 test from PlayerUtilsTests
[ RUN      ] PlayerUtilsTests.RawKeyToKeyId_MixedNibbles_ReturnsCorrectHexString
[       OK ] PlayerUtilsTests.RawKeyToKeyId_MixedNibbles_ReturnsCorrectHexString (0 ms)
[----------] 1 test from PlayerUtilsTests (0 ms total)

[----------] Global test environment tear-down
[==========] 1 test from 1 test suite ran. (0 ms total)
[  PASSED  ] 1 test.
</system-out>
	</testcase>
	<testcase name="PlayerUtilsTests:PlayerUtilsTests.RawKeyToKeyId_SingleByte_ReturnsTwoCharHexString" classname="PlayerUtilsTests:PlayerUtilsTests.RawKeyToKeyId_SingleByte_ReturnsTwoCharHexString" time="0.061661" status="run">
		<properties/>
		<system-out>Note: Google Test filter = PlayerUtilsTests.RawKeyToKeyId_SingleByte_ReturnsTwoCharHexString
[==========] Running 1 test from 1 test suite.
[----------] Global test environment set-up.
[----------] 1 test from PlayerUtilsTests
[ RUN      ] PlayerUtilsTests.RawKeyToKeyId_SingleByte_ReturnsTwoCharHexString
[       OK ] PlayerUtilsTests.RawKeyToKeyId_SingleByte_ReturnsTwoCharHexString (0 ms)
[----------] 1 test from PlayerUtilsTests (0 ms total)

[----------] Global test environment tear-down
[==========] 1 test from 1 test suite ran. (0 ms total)
[  PASSED  ] 1 test.
</system-out>
	</testcase>
	<testcase name="PlayerUtilsTests:PlayerUtilsTests.RawKeyToKeyId_NullPointer_ReturnsEmptyVector" classname="PlayerUtilsTests:PlayerUtilsTests.RawKeyToKeyId_NullPointer_ReturnsEmptyVector" time="0.063752" status="run">
		<properties/>
		<system-out>Note: Google Test filter = PlayerUtilsTests.RawKeyToKeyId_NullPointer_ReturnsEmptyVector
[==========] Running 1 test from 1 test suite.
[----------] Global test environment set-up.
[----------] 1 test from PlayerUtilsTests
[ RUN      ] PlayerUtilsTests.RawKeyToKeyId_NullPointer_ReturnsEmptyVector
[       OK ] PlayerUtilsTests.RawKeyToKeyId_NullPointer_ReturnsEmptyVector (0 ms)
[----------] 1 test from PlayerUtilsTests (0 ms total)

[----------] Global test environment tear-down
[==========] 1 test from 1 test suite ran. (0 ms total)
[  PASSED  ] 1 test.
</system-out>
	</testcase>
	<testcase name="PlayerUtilsTests:PlayerUtilsTests.RawKeyToKeyId_ZeroSize_ReturnsEmptyVector" classname="PlayerUtilsTests:PlayerUtilsTests.RawKeyToKeyId_ZeroSize_ReturnsEmptyVector" time="0.0596007" status="run">
		<properties/>
		<system-out>Note: Google Test filter = PlayerUtilsTests.RawKeyToKeyId_ZeroSize_ReturnsEmptyVector
[==========] Running 1 test from 1 test suite.
[----------] Global test environment set-up.
[----------] 1 test from PlayerUtilsTests
[ RUN      ] PlayerUtilsTests.RawKeyToKeyId_ZeroSize_ReturnsEmptyVector
[       OK ] PlayerUtilsTests.RawKeyToKeyId_ZeroSize_ReturnsEmptyVector (0 ms)
[----------] 1 test from PlayerUtilsTests (0 ms total)

[----------] Global test environment tear-down
[==========] 1 test from 1 test suite ran. (0 ms total)
[  PASSED  ] 1 test.
</system-out>
	</testcase>
	<testcase name="PlayerUtilsTests:PlayerUtilsTests.RawKeyToKeyId_TypicalKeyID_ReturnsCorrectHexString" classname="PlayerUtilsTests:PlayerUtilsTests.RawKeyToKeyId_TypicalKeyID_ReturnsCorrectHexString" time="0.0624285" status="run">
		<properties/>
		<system-out>Note: Google Test filter = PlayerUtilsTests.RawKeyToKeyId_TypicalKeyID_ReturnsCorrectHexString
[==========] Running 1 test from 1 test suite.
[----------] Global test environment set-up.
[----------] 1 test from PlayerUtilsTests
[ RUN      ] PlayerUtilsTests.RawKeyToKeyId_TypicalKeyID_ReturnsCorrectHexString
[       OK ] PlayerUtilsTests.RawKeyToKeyId_TypicalKeyID_ReturnsCorrectHexString (0 ms)
[----------] 1 test from PlayerUtilsTests (0 ms total)

[----------] Global test environment tear-down
[==========] 1 test from 1 test suite ran. (0 ms total)
[  PASSED  ] 1 test.
</system-out>
	</testcase>
	<testcase name="PlayerUtilsTests:PlayerUtilsTests.RawKeyToKeyId_BoundaryValues_ReturnsCorrectHex" classname="PlayerUtilsTests:PlayerUtilsTests.RawKeyToKeyId_BoundaryValues_ReturnsCorrectHex" time="0.0627766" status="run">
		<properties/>
		<system-out>Note: Google Test filter = PlayerUtilsTests.RawKeyToKeyId_BoundaryValues_ReturnsCorrectHex
[==========] Running 1 test from 1 test suite.
[----------] Global test environment set-up.
[----------] 1 test from PlayerUtilsTests
[ RUN      ] PlayerUtilsTests.RawKeyToKeyId_BoundaryValues_ReturnsCorrectHex
[       OK ] PlayerUtilsTests.RawKeyToKeyId_BoundaryValues_ReturnsCorrectHex (0 ms)
[----------] 1 test from PlayerUtilsTests (0 ms total)

[----------] Global test environment tear-down
[==========] 1 test from 1 test suite ran. (0 ms total)
[  PASSED  ] 1 test.
</system-out>
	</testcase>
	<testcase name="PlayerUtilsTests:PlayerUtilsTests.RawKeyToKeyId_HexOutput_IsLowercase" classname="PlayerUtilsTests:PlayerUtilsTests.RawKeyToKeyId_HexOutput_IsLowercase" time="0.0626657" status="run">
		<properties/>
		<system-out>Note: Google Test filter = PlayerUtilsTests.RawKeyToKeyId_HexOutput_IsLowercase
[==========] Running 1 test from 1 test suite.
[----------] Global test environment set-up.
[----------] 1 test from PlayerUtilsTests
[ RUN      ] PlayerUtilsTests.RawKeyToKeyId_HexOutput_IsLowercase
[       OK ] PlayerUtilsTests.RawKeyToKeyId_HexOutput_IsLowercase (0 ms)
[----------] 1 test from PlayerUtilsTests (0 ms total)

[----------] Global test environment tear-down
[==========] 1 test from 1 test suite ran. (0 ms total)
[  PASSED  ] 1 test.
</system-out>
	</testcase>
	<testcase name="PlayerUtilsTests:PlayerUtilsTests.RawKeyToKeyId_AlternatingPattern_ReturnsCorrectHex" classname="PlayerUtilsTests:PlayerUtilsTests.RawKeyToKeyId_AlternatingPattern_ReturnsCorrectHex" time="0.0619325" status="run">
		<properties/>
		<system-out>Note: Google Test filter = PlayerUtilsTests.RawKeyToKeyId_AlternatingPattern_ReturnsCorrectHex
[==========] Running 1 test from 1 test suite.
[----------] Global test environment set-up.
[----------] 1 test from PlayerUtilsTests
[ RUN      ] PlayerUtilsTests.RawKeyToKeyId_AlternatingPattern_ReturnsCorrectHex
[       OK ] PlayerUtilsTests.RawKeyToKeyId_AlternatingPattern_ReturnsCorrectHex (0 ms)
[----------] 1 test from PlayerUtilsTests (0 ms total)

[----------] Global test environment tear-down
[==========] 1 test from 1 test suite ran. (0 ms total)
[  PASSED  ] 1 test.
</system-out>
	</testcase>
	<testcase name="PlayerUtilsTests:PlayerUtilsTests.RawKeyToKeyId_WidevineKeyID_ReturnsCorrectFormat" classname="PlayerUtilsTests:PlayerUtilsTests.RawKeyToKeyId_WidevineKeyID_ReturnsCorrectFormat" time="0.0637225" status="run">
		<properties/>
		<system-out>Note: Google Test filter = PlayerUtilsTests.RawKeyToKeyId_WidevineKeyID_ReturnsCorrectFormat
[==========] Running 1 test from 1 test suite.
[----------] Global test environment set-up.
[----------] 1 test from PlayerUtilsTests
[ RUN      ] PlayerUtilsTests.RawKeyToKeyId_WidevineKeyID_ReturnsCorrectFormat
[       OK ] PlayerUtilsTests.RawKeyToKeyId_WidevineKeyID_ReturnsCorrectFormat (0 ms)
[----------] 1 test from PlayerUtilsTests (0 ms total)

[----------] Global test environment tear-down
[==========] 1 test from 1 test suite ran. (0 ms total)
[  PASSED  ] 1 test.
</system-out>
	</testcase>
	<testcase name="PlayerUtilsTests:PlayerUtilsTests.RawKeyToKeyId_PlayReadyKeyID_ReturnsCorrectFormat" classname="PlayerUtilsTests:PlayerUtilsTests.RawKeyToKeyId_PlayReadyKeyID_ReturnsCorrectFormat" time="0.0653808" status="run">
		<properties/>
		<system-out>Note: Google Test filter = PlayerUtilsTests.RawKeyToKeyId_PlayReadyKeyID_ReturnsCorrectFormat
[==========] Running 1 test from 1 test suite.
[----------] Global test environment set-up.
[----------] 1 test from PlayerUtilsTests
[ RUN      ] PlayerUtilsTests.RawKeyToKeyId_PlayReadyKeyID_ReturnsCorrectFormat
[       OK ] PlayerUtilsTests.RawKeyToKeyId_PlayReadyKeyID_ReturnsCorrectFormat (0 ms)
[----------] 1 test from PlayerUtilsTests (0 ms total)

[----------] Global test environment tear-down
[==========] 1 test from 1 test suite ran. (0 ms total)
[  PASSED  ] 1 test.
</system-out>
	</testcase>
	<testcase name="PlayerUtilsTests:PlayerUtilsTests.RawKeyToKeyId_LargeKey32Bytes_ReturnsCorrectLength" classname="PlayerUtilsTests:PlayerUtilsTests.RawKeyToKeyId_LargeKey32Bytes_ReturnsCorrectLength" time="0.0659053" status="run">
		<properties/>
		<system-out>Note: Google Test filter = PlayerUtilsTests.RawKeyToKeyId_LargeKey32Bytes_ReturnsCorrectLength
[==========] Running 1 test from 1 test suite.
[----------] Global test environment set-up.
[----------] 1 test from PlayerUtilsTests
[ RUN      ] PlayerUtilsTests.RawKeyToKeyId_LargeKey32Bytes_ReturnsCorrectLength
[       OK ] PlayerUtilsTests.RawKeyToKeyId_LargeKey32Bytes_ReturnsCorrectLength (0 ms)
[----------] 1 test from PlayerUtilsTests (0 ms total)

[----------] Global test environment tear-down
[==========] 1 test from 1 test suite ran. (0 ms total)
[  PASSED  ] 1 test.
</system-out>
	</testcase>
	<testcase name="PlayerUtilsTests:PlayerUtilsTests.RawKeyToKeyId_ClearKeyFormat_ReturnsCorrectHex" classname="PlayerUtilsTests:PlayerUtilsTests.RawKeyToKeyId_ClearKeyFormat_ReturnsCorrectHex" time="0.0690595" status="run">
		<properties/>
		<system-out>Note: Google Test filter = PlayerUtilsTests.RawKeyToKeyId_ClearKeyFormat_ReturnsCorrectHex
[==========] Running 1 test from 1 test suite.
[----------] Global test environment set-up.
[----------] 1 test from PlayerUtilsTests
[ RUN      ] PlayerUtilsTests.RawKeyToKeyId_ClearKeyFormat_ReturnsCorrectHex
[       OK ] PlayerUtilsTests.RawKeyToKeyId_ClearKeyFormat_ReturnsCorrectHex (0 ms)
[----------] 1 test from PlayerUtilsTests (0 ms total)

[----------] Global test environment tear-down
[==========] 1 test from 1 test suite ran. (0 ms total)
[  PASSED  ] 1 test.
</system-out>
	</testcase>
	<testcase name="PlayerUtilsTests:PlayerUtilsTests.RawKeyToKeyId_OutputValidation_OnlyHexCharacters" classname="PlayerUtilsTests:PlayerUtilsTests.RawKeyToKeyId_OutputValidation_OnlyHexCharacters" time="0.0598728" status="run">
		<properties/>
		<system-out>Note: Google Test filter = PlayerUtilsTests.RawKeyToKeyId_OutputValidation_OnlyHexCharacters
[==========] Running 1 test from 1 test suite.
[----------] Global test environment set-up.
[----------] 1 test from PlayerUtilsTests
[ RUN      ] PlayerUtilsTests.RawKeyToKeyId_OutputValidation_OnlyHexCharacters
[       OK ] PlayerUtilsTests.RawKeyToKeyId_OutputValidation_OnlyHexCharacters (0 ms)
[----------] 1 test from PlayerUtilsTests (0 ms total)

[----------] Global test environment tear-down
[==========] 1 test from 1 test suite ran. (0 ms total)
[  PASSED  ] 1 test.
</system-out>
	</testcase>
	<testcase name="PlayerUtilsTests:PlayerUtilsTests.RawKeyToKeyId_MultiKeyScenario_DifferentKeys" classname="PlayerUtilsTests:PlayerUtilsTests.RawKeyToKeyId_MultiKeyScenario_DifferentKeys" time="0.0630631" status="run">
		<properties/>
		<system-out>Note: Google Test filter = PlayerUtilsTests.RawKeyToKeyId_MultiKeyScenario_DifferentKeys
[==========] Running 1 test from 1 test suite.
[----------] Global test environment set-up.
[----------] 1 test from PlayerUtilsTests
[ RUN      ] PlayerUtilsTests.RawKeyToKeyId_MultiKeyScenario_DifferentKeys
[       OK ] PlayerUtilsTests.RawKeyToKeyId_MultiKeyScenario_DifferentKeys (0 ms)
[----------] 1 test from PlayerUtilsTests (0 ms total)

[----------] Global test environment tear-down
[==========] 1 test from 1 test suite ran. (0 ms total)
[  PASSED  ] 1 test.
</system-out>
	</testcase>
	<testcase name="PlayerUtilsTests:PlayerUtilsTests.RawKeyToKeyId_ByteOrder_PreservedCorrectly" classname="PlayerUtilsTests:PlayerUtilsTests.RawKeyToKeyId_ByteOrder_PreservedCorrectly" time="0.0633544" status="run">
		<properties/>
		<system-out>Note: Google Test filter = PlayerUtilsTests.RawKeyToKeyId_ByteOrder_PreservedCorrectly
[==========] Running 1 test from 1 test suite.
[----------] Global test environment set-up.
[----------] 1 test from PlayerUtilsTests
[ RUN      ] PlayerUtilsTests.RawKeyToKeyId_ByteOrder_PreservedCorrectly
[       OK ] PlayerUtilsTests.RawKeyToKeyId_ByteOrder_PreservedCorrectly (0 ms)
[----------] 1 test from PlayerUtilsTests (0 ms total)

[----------] Global test environment tear-down
[==========] 1 test from 1 test suite ran. (0 ms total)
[  PASSED  ] 1 test.
</system-out>
	</testcase>
</testsuite>
